[2018-07-26T18:00:00.218] [INFO] /middleware/auth - 
*************** info log start ***************
info body: 获取请求参数 ==> {"isApp":"2","channelNo":"1000001","maxLen":"1","branch":"1001","channel":"2","shopSn":"B00019","userId":"1500"}
*************** info log end ***************

[2018-07-26T18:00:00.219] [INFO] /middleware/auth - 
*************** info log start ***************
info body: 接口地址[ http://49.4.5.233:8117/org/business/CR300004.do ]请求数据 ===>{"url":"http://49.4.5.233:8117/org/business/CR300004.do","method":"POST","json":true,"headers":{"Content-Type":"application/x-www-form-urlencoded; charset=UTF-8","merchantNo":"000006","signType":"MD5","developToken":"000006","tokenPassword":"1qaz2wsx"},"form":{"isApp":"2","channelNo":"1000002","maxLen":"1","branch":"1001","channel":"2","shopSn":"B00019","userId":"1500"}}
*************** info log end ***************

[2018-07-26T18:00:00.267] [INFO] /middleware/auth - 
*************** info log start ***************
info body: 接口地址[ http://49.4.5.233:8117/org/business/CR300004.do ]返回数据 ===>{"code":"000000","message":"业务处理成功！","result":{"page":{"totalRowCount":3,"totalPage":1,"pageRowCount":10,"currentPageNu":1,"startPageRowCount":0,"endPageRowCount":10,"datas":[{"id":377,"userId":1500,"name":"18618196312","phone":"","mobile":"18618196312","districtCode":"001001001006","isHost":"0","sex":"0","address":"北京市丰台区镇国寺北街13号楼2层","houseNumber":null,"postCode":"","areas":"北京市 北京市 丰台区","signArea":"27度罗马风情婚纱影城","latitude":"39.844541082389355","longitude":"116.35729299999993"},{"id":381,"userId":1500,"name":"18618196312","phone":"","mobile":"18618196312","districtCode":"001001001005","isHost":"1","sex":"0","address":"北京市朝阳区东三环北路28","houseNumber":null,"postCode":"","areas":"北京市 北京市 朝阳区","signArea":"博瑞大厦","latitude":"39.933780075532866","longitude":"116.46902299999994"},{"id":376,"userId":1500,"name":"18618196312","phone":"","mobile":"18618196312","districtCode":"001001001006","isHost":"1","sex":"0","address":"北京市丰台区菜户营南路辅路","houseNumber":null,"postCode":"","areas":"北京市 北京市 丰台区","signArea":"北京111文化产业园","latitude":"null","longitude":"null"}]}}}
*************** info log end ***************

[2018-07-26T18:00:00.268] [INFO] /middleware/auth - 
*************** response log start ***************
request method: POST
request originalUrl:  /api/usercenter/queryAddress
request client ip:  ::ffff:127.0.0.1
request body: 
{"isApp":"2","channelNo":"1000001","maxLen":"1","branch":"1001","channel":"2","shopSn":"B00019","userId":"1500"}
response time: 50
response status: 200
response body: 
{"code":"000000","message":"业务处理成功！","result":{"page":{"totalRowCount":3,"totalPage":1,"pageRowCount":10,"currentPageNu":1,"startPageRowCount":0,"endPageRowCount":10,"datas":[{"id":377,"userId":1500,"name":"18618196312","phone":"","mobile":"18618196312","districtCode":"001001001006","isHost":"0","sex":"0","address":"北京市丰台区镇国寺北街13号楼2层","houseNumber":null,"postCode":"","areas":"北京市 北京市 丰台区","signArea":"27度罗马风情婚纱影城","latitude":"39.844541082389355","longitude":"116.35729299999993"},{"id":381,"userId":1500,"name":"18618196312","phone":"","mobile":"18618196312","districtCode":"001001001005","isHost":"1","sex":"0","address":"北京市朝阳区东三环北路28","houseNumber":null,"postCode":"","areas":"北京市 北京市 朝阳区","signArea":"博瑞大厦","latitude":"39.933780075532866","longitude":"116.46902299999994"},{"id":376,"userId":1500,"name":"18618196312","phone":"","mobile":"18618196312","districtCode":"001001001006","isHost":"1","sex":"0","address":"北京市丰台区菜户营南路辅路","houseNumber":null,"postCode":"","areas":"北京市 北京市 丰台区","signArea":"北京111文化产业园","latitude":"null","longitude":"null"}]}}}
*************** response log end ***************

[2018-07-26T18:00:03.234] [INFO] /middleware/auth - 
*************** info log start ***************
info body: 获取请求参数 ==> {"isApp":"2","channelNo":"1000001","maxLen":"1","branch":"1001","channel":"2","shopSn":"B00019"}
*************** info log end ***************

[2018-07-26T18:00:03.234] [INFO] /middleware/auth - 
*************** info log start ***************
info body: 接口地址[ http://49.4.5.233:8117/org/business/CR300001.do ]请求数据 ===>{"url":"http://49.4.5.233:8117/org/business/CR300001.do","method":"POST","json":true,"headers":{"Content-Type":"application/x-www-form-urlencoded; charset=UTF-8","merchantNo":"000006","signType":"MD5","developToken":"000006","tokenPassword":"1qaz2wsx"},"form":{"isApp":"2","channelNo":"1000002","maxLen":"1","branch":"1001","channel":"2","shopSn":"B00019"}}
*************** info log end ***************

[2018-07-26T18:00:03.254] [INFO] /middleware/auth - 
*************** info log start ***************
info body: 接口地址[ http://49.4.5.233:8117/org/business/CR300001.do ]返回数据 ===>{"code":"777777","message":"城市最底层编码不能为空","result":{}}
*************** info log end ***************

[2018-07-26T18:00:03.254] [INFO] /middleware/auth - 
*************** response log start ***************
request method: POST
request originalUrl:  /api/usercenter/queryAddPer
request client ip:  ::ffff:127.0.0.1
request body: 
{"isApp":"2","channelNo":"1000001","maxLen":"1","branch":"1001","channel":"2","shopSn":"B00019"}
response time: 20
response status: 200
response body: 
{"code":"777777","message":"城市最底层编码不能为空","result":{}}
*************** response log end ***************

[2018-07-26T18:00:03.474] [INFO] /middleware/auth - 
*************** info log start ***************
info body: 获取请求参数 ==> {"isApp":"2","channelNo":"1000001","maxLen":"1","branch":"1001","channel":"2","shopSn":"B00019","location":"116.44355,39.9219"}
*************** info log end ***************

[2018-07-26T18:00:03.474] [INFO] /middleware/auth - 
*************** info log start ***************
info body: 接口地址[ http://api.map.baidu.com/geocoder/v2/ ]请求数据 ===>{"url":"http://api.map.baidu.com/geocoder/v2/?isApp=2&channelNo=1000002&maxLen=1&branch=1001&channel=2&shopSn=B00019&location=116.44355%2C39.9219&coordtype=bd09ll&pois=0&output=json&ak=wv8VECbOOTu3TFWcI3jdcBC6","method":"GET","json":true,"headers":{"Content-Type":"application/x-www-form-urlencoded; charset=UTF-8","merchantNo":"000006","signType":"MD5","developToken":"000006","tokenPassword":"1qaz2wsx"}}
*************** info log end ***************

[2018-07-26T18:00:03.497] [INFO] /middleware/auth - 
*************** info log start ***************
info body: 接口地址[ http://api.map.baidu.com/geocoder/v2/ ]返回数据 ===>{"status":0,"result":{"location":{"lng":39.921900000000086,"lat":74.00002218455094},"formatted_address":"","business":"","addressComponent":{"country":"","country_code":-1,"country_code_iso":"","country_code_iso2":"","province":"","city":"","city_level":2,"district":"","town":"","adcode":"0","street":"","street_number":"","direction":"","distance":""},"pois":[],"roads":[],"poiRegions":[],"sematic_description":"","cityCode":0}}
*************** info log end ***************

[2018-07-26T18:00:03.497] [INFO] /middleware/auth - 
*************** response log start ***************
request method: POST
request originalUrl:  /api/map/getAddressDetail
request client ip:  ::ffff:127.0.0.1
request body: 
{"isApp":"2","channelNo":"1000001","maxLen":"1","branch":"1001","channel":"2","shopSn":"B00019","location":"116.44355,39.9219"}
response time: 23
response status: 200
response body: 
{"code":"000000","message":"业务处理成功!","result":{"status":0,"result":{"location":{"lng":39.921900000000086,"lat":74.00002218455094},"formatted_address":"","business":"","addressComponent":{"country":"","country_code":-1,"country_code_iso":"","country_code_iso2":"","province":"","city":"","city_level":2,"district":"","town":"","adcode":"0","street":"","street_number":"","direction":"","distance":""},"pois":[],"roads":[],"poiRegions":[],"sematic_description":"","cityCode":0}}}
*************** response log end ***************

[2018-07-26T18:00:35.547] [INFO] /middleware/auth - 
*************** response log start ***************
request method: POST
request originalUrl:  /api/getUserInfo
request client ip:  ::ffff:127.0.0.1
request body: 
{"isApp":"2","channelNo":"1000001","maxLen":"1","branch":"1001","channel":"2","shopSn":"B00019"}
response time: 0
response status: 200
response body: 
{"code":"000000","message":"业务处理成功!","result":{"privilegeMember":{},"account":{},"grade":{},"user":{"userId":6,"phone":"15088297010","email":"","loginPwd":"b095f8aeb16f2d2f7fd8af3edb9799c0","loginPwdLevel":"1","unionid":null,"pcqquid":null,"qquid":null,"alipayuid":null,"uuid":null,"registerTime":1526291661223,"registerTimeStr":"2018-05-14 17:54:21","status":"1","isSelf":null,"channel":"web","userInfoId":6,"userName":null,"idType":null,"idNo":null,"nickName":null,"userImg":null,"sex":"0","tel":null,"qqNumber":null,"birthday":"2018-05-14","address":null,"loginNum":2,"loginTime":1526346634012,"loginTimeStr":"2018-05-15 09:10:34","loginIp":null,"cardId":6,"cardNo":"600079","typeCode":"VIP2","typeName":"会员卡","cardPwd":"b095f8aeb16f2d2f7fd8af3edb9799c0","cardStatus":"0","loginType":null,"loginAccount":null,"loginCardType":null}}}
*************** response log end ***************

[2018-07-26T18:00:35.804] [INFO] /middleware/auth - 
*************** info log start ***************
info body: 获取请求参数 ==> {"isApp":"2","channelNo":"1000001","maxLen":"1","branch":"1001","channel":"2","shopSn":"B00019"}
*************** info log end ***************

[2018-07-26T18:00:35.804] [INFO] /middleware/auth - 
*************** info log start ***************
info body: 接口地址[ http://49.4.5.233:8117/org/business/CM100111.do ]请求数据 ===>{"url":"http://49.4.5.233:8117/org/business/CM100111.do","method":"POST","json":true,"headers":{"Content-Type":"application/x-www-form-urlencoded; charset=UTF-8","merchantNo":"000006","signType":"MD5","developToken":"000006","tokenPassword":"1qaz2wsx"},"form":{"isApp":"2","channelNo":"1000002","maxLen":"1","branch":"1001","channel":"2","shopSn":"B00019","placeSign":"BANNERDVER"}}
*************** info log end ***************

[2018-07-26T18:00:35.834] [INFO] /middleware/auth - 
*************** info log start ***************
info body: 接口地址[ http://49.4.5.233:8117/org/business/CM100111.do ]返回数据 ===>{"code":"000000","message":"业务处理成功！","result":{"banner":{"placeId":2,"placeName":"首页 - 置顶轮播Banner","placeWidth":750,"placeHeight":440,"creatorId":0,"createTime":1521531057594,"placeSign":"BANNERDVER","placeDesc":"首页轮番banner","adverList":[{"adverId":239,"adverName":null,"placeId":2,"effectiveDate":1516636800000,"expiryDate":1548172800000,"imgSrc":"group1/M00/00/97/wKieqlpn6ESAYPzbAAC60dctgCM014.jpg","linkSrc":"http://www.baidu.com","status":2,"remark":null,"creatorId":null,"createTime":1529400212503,"adverOrder":4,"effectiveDateCh":"2018-01-23 00:00:00","expiryDateCh":"2019-01-23 00:00:00","createTimeCh":"2018-06-19 17:23:32","adverPlace":{"placeId":2,"placeName":"首页 - 置顶轮播Banner","placeWidth":750,"placeHeight":440,"creatorId":0,"createTime":1521531057594,"placeSign":"BANNERDVER","placeDesc":"首页轮番banner","adverList":null,"placeType":1,"adverNum":0,"branch":"1001","channel":"6","placeTheme":null,"placeSize":null},"themeId":0,"adverType":"1","typeId":0,"siteFloorId":0,"shopSn":"","allShop":"1","shopName":null,"branch":"1001","channel":"6","branchName":"D5厨房","imgDetails":"","bsnum":null},{"adverId":118,"adverName":null,"placeId":2,"effectiveDate":1509379200000,"expiryDate":1546185600000,"imgSrc":"group1/M00/00/17/wKieqloBcxSAHDJRAAJ6ZipxO7o589.jpg","linkSrc":null,"status":2,"remark":null,"creatorId":null,"createTime":1529890970296,"adverOrder":11,"effectiveDateCh":"2017-10-31 00:00:00","expiryDateCh":"2018-12-31 00:00:00","createTimeCh":"2018-06-25 09:42:50","adverPlace":{"placeId":2,"placeName":"首页 - 置顶轮播Banner","placeWidth":750,"placeHeight":440,"creatorId":0,"createTime":1521531057594,"placeSign":"BANNERDVER","placeDesc":"首页轮番banner","adverList":null,"placeType":1,"adverNum":0,"branch":"1001","channel":"6","placeTheme":null,"placeSize":null},"themeId":50,"adverType":"3","typeId":0,"siteFloorId":0,"shopSn":"","allShop":"1","shopName":null,"branch":"1001","channel":"6","branchName":"D5厨房","imgDetails":"","bsnum":null},{"adverId":200,"adverName":null,"placeId":2,"effectiveDate":1516204800000,"expiryDate":1547740800000,"imgSrc":"group1/M00/00/94/wKieqlplq92AYo3dAADnXsZLaTo354.jpg","linkSrc":null,"status":2,"remark":null,"creatorId":null,"createTime":1529375981244,"adverOrder":23,"effectiveDateCh":"2018-01-18 00:00:00","expiryDateCh":"2019-01-18 00:00:00","createTimeCh":"2018-06-19 10:39:41","adverPlace":{"placeId":2,"placeName":"首页 - 置顶轮播Banner","placeWidth":750,"placeHeight":440,"creatorId":0,"createTime":1521531057594,"placeSign":"BANNERDVER","placeDesc":"首页轮番banner","adverList":null,"placeType":1,"adverNum":0,"branch":"1001","channel":"6","placeTheme":null,"placeSize":null},"themeId":48,"adverType":"3","typeId":0,"siteFloorId":0,"shopSn":"","allShop":"1","shopName":null,"branch":"1001","channel":"6","branchName":"D5厨房","imgDetails":"","bsnum":null}],"placeType":1,"adverNum":0,"branch":"1001","channel":"6","placeTheme":null,"placeSize":null}}}
*************** info log end ***************

[2018-07-26T18:00:35.834] [INFO] /middleware/auth - 
*************** response log start ***************
request method: POST
request originalUrl:  /api/indexBanner
request client ip:  ::ffff:127.0.0.1
request body: 
{"isApp":"2","channelNo":"1000001","maxLen":"1","branch":"1001","channel":"2","shopSn":"B00019"}
response time: 30
response status: 200
response body: 
{"code":"000000","message":"业务处理成功！","result":{"banner":{"placeId":2,"placeName":"首页 - 置顶轮播Banner","placeWidth":750,"placeHeight":440,"creatorId":0,"createTime":1521531057594,"placeSign":"BANNERDVER","placeDesc":"首页轮番banner","adverList":[{"adverId":239,"adverName":null,"placeId":2,"effectiveDate":1516636800000,"expiryDate":1548172800000,"imgSrc":"group1/M00/00/97/wKieqlpn6ESAYPzbAAC60dctgCM014.jpg","linkSrc":"http://www.baidu.com","status":2,"remark":null,"creatorId":null,"createTime":1529400212503,"adverOrder":4,"effectiveDateCh":"2018-01-23 00:00:00","expiryDateCh":"2019-01-23 00:00:00","createTimeCh":"2018-06-19 17:23:32","adverPlace":{"placeId":2,"placeName":"首页 - 置顶轮播Banner","placeWidth":750,"placeHeight":440,"creatorId":0,"createTime":1521531057594,"placeSign":"BANNERDVER","placeDesc":"首页轮番banner","adverList":null,"placeType":1,"adverNum":0,"branch":"1001","channel":"6","placeTheme":null,"placeSize":null},"themeId":0,"adverType":"1","typeId":0,"siteFloorId":0,"shopSn":"","allShop":"1","shopName":null,"branch":"1001","channel":"6","branchName":"D5厨房","imgDetails":"","bsnum":null},{"adverId":118,"adverName":null,"placeId":2,"effectiveDate":1509379200000,"expiryDate":1546185600000,"imgSrc":"group1/M00/00/17/wKieqloBcxSAHDJRAAJ6ZipxO7o589.jpg","linkSrc":null,"status":2,"remark":null,"creatorId":null,"createTime":1529890970296,"adverOrder":11,"effectiveDateCh":"2017-10-31 00:00:00","expiryDateCh":"2018-12-31 00:00:00","createTimeCh":"2018-06-25 09:42:50","adverPlace":{"placeId":2,"placeName":"首页 - 置顶轮播Banner","placeWidth":750,"placeHeight":440,"creatorId":0,"createTime":1521531057594,"placeSign":"BANNERDVER","placeDesc":"首页轮番banner","adverList":null,"placeType":1,"adverNum":0,"branch":"1001","channel":"6","placeTheme":null,"placeSize":null},"themeId":50,"adverType":"3","typeId":0,"siteFloorId":0,"shopSn":"","allShop":"1","shopName":null,"branch":"1001","channel":"6","branchName":"D5厨房","imgDetails":"","bsnum":null},{"adverId":200,"adverName":null,"placeId":2,"effectiveDate":1516204800000,"expiryDate":1547740800000,"imgSrc":"group1/M00/00/94/wKieqlplq92AYo3dAADnXsZLaTo354.jpg","linkSrc":null,"status":2,"remark":null,"creatorId":null,"createTime":1529375981244,"adverOrder":23,"effectiveDateCh":"2018-01-18 00:00:00","expiryDateCh":"2019-01-18 00:00:00","createTimeCh":"2018-06-19 10:39:41","adverPlace":{"placeId":2,"placeName":"首页 - 置顶轮播Banner","placeWidth":750,"placeHeight":440,"creatorId":0,"createTime":1521531057594,"placeSign":"BANNERDVER","placeDesc":"首页轮番banner","adverList":null,"placeType":1,"adverNum":0,"branch":"1001","channel":"6","placeTheme":null,"placeSize":null},"themeId":48,"adverType":"3","typeId":0,"siteFloorId":0,"shopSn":"","allShop":"1","shopName":null,"branch":"1001","channel":"6","branchName":"D5厨房","imgDetails":"","bsnum":null}],"placeType":1,"adverNum":0,"branch":"1001","channel":"6","placeTheme":null,"placeSize":null}}}
*************** response log end ***************

[2018-07-26T18:00:38.654] [INFO] /middleware/auth - 
*************** info log start ***************
info body: 获取请求参数 ==> {"isApp":"2","channelNo":"1000001","maxLen":"1","branch":"1001","channel":"2","shopSn":"B00019","userId":"1500"}
*************** info log end ***************

[2018-07-26T18:00:38.654] [INFO] /middleware/auth - 
*************** info log start ***************
info body: 接口地址[ http://49.4.5.233:8117/org/business/CR300004.do ]请求数据 ===>{"url":"http://49.4.5.233:8117/org/business/CR300004.do","method":"POST","json":true,"headers":{"Content-Type":"application/x-www-form-urlencoded; charset=UTF-8","merchantNo":"000006","signType":"MD5","developToken":"000006","tokenPassword":"1qaz2wsx"},"form":{"isApp":"2","channelNo":"1000002","maxLen":"1","branch":"1001","channel":"2","shopSn":"B00019","userId":"1500"}}
*************** info log end ***************

[2018-07-26T18:00:38.699] [INFO] /middleware/auth - 
*************** info log start ***************
info body: 接口地址[ http://49.4.5.233:8117/org/business/CR300004.do ]返回数据 ===>{"code":"000000","message":"业务处理成功！","result":{"page":{"totalRowCount":3,"totalPage":1,"pageRowCount":10,"currentPageNu":1,"startPageRowCount":0,"endPageRowCount":10,"datas":[{"id":377,"userId":1500,"name":"18618196312","phone":"","mobile":"18618196312","districtCode":"001001001006","isHost":"0","sex":"0","address":"北京市丰台区镇国寺北街13号楼2层","houseNumber":null,"postCode":"","areas":"北京市 北京市 丰台区","signArea":"27度罗马风情婚纱影城","latitude":"39.844541082389355","longitude":"116.35729299999993"},{"id":381,"userId":1500,"name":"18618196312","phone":"","mobile":"18618196312","districtCode":"001001001005","isHost":"1","sex":"0","address":"北京市朝阳区东三环北路28","houseNumber":null,"postCode":"","areas":"北京市 北京市 朝阳区","signArea":"博瑞大厦","latitude":"39.933780075532866","longitude":"116.46902299999994"},{"id":376,"userId":1500,"name":"18618196312","phone":"","mobile":"18618196312","districtCode":"001001001006","isHost":"1","sex":"0","address":"北京市丰台区菜户营南路辅路","houseNumber":null,"postCode":"","areas":"北京市 北京市 丰台区","signArea":"北京111文化产业园","latitude":"null","longitude":"null"}]}}}
*************** info log end ***************

[2018-07-26T18:00:38.700] [INFO] /middleware/auth - 
*************** response log start ***************
request method: POST
request originalUrl:  /api/usercenter/queryAddress
request client ip:  ::ffff:127.0.0.1
request body: 
{"isApp":"2","channelNo":"1000001","maxLen":"1","branch":"1001","channel":"2","shopSn":"B00019","userId":"1500"}
response time: 46
response status: 200
response body: 
{"code":"000000","message":"业务处理成功！","result":{"page":{"totalRowCount":3,"totalPage":1,"pageRowCount":10,"currentPageNu":1,"startPageRowCount":0,"endPageRowCount":10,"datas":[{"id":377,"userId":1500,"name":"18618196312","phone":"","mobile":"18618196312","districtCode":"001001001006","isHost":"0","sex":"0","address":"北京市丰台区镇国寺北街13号楼2层","houseNumber":null,"postCode":"","areas":"北京市 北京市 丰台区","signArea":"27度罗马风情婚纱影城","latitude":"39.844541082389355","longitude":"116.35729299999993"},{"id":381,"userId":1500,"name":"18618196312","phone":"","mobile":"18618196312","districtCode":"001001001005","isHost":"1","sex":"0","address":"北京市朝阳区东三环北路28","houseNumber":null,"postCode":"","areas":"北京市 北京市 朝阳区","signArea":"博瑞大厦","latitude":"39.933780075532866","longitude":"116.46902299999994"},{"id":376,"userId":1500,"name":"18618196312","phone":"","mobile":"18618196312","districtCode":"001001001006","isHost":"1","sex":"0","address":"北京市丰台区菜户营南路辅路","houseNumber":null,"postCode":"","areas":"北京市 北京市 丰台区","signArea":"北京111文化产业园","latitude":"null","longitude":"null"}]}}}
*************** response log end ***************

[2018-07-26T18:00:41.352] [INFO] /middleware/auth - 
*************** info log start ***************
info body: 获取请求参数 ==> {"isApp":"2","channelNo":"1000001","maxLen":"1","branch":"1001","channel":"2","shopSn":"B00019"}
*************** info log end ***************

[2018-07-26T18:00:41.352] [INFO] /middleware/auth - 
*************** info log start ***************
info body: 接口地址[ http://49.4.5.233:8117/org/business/CR300001.do ]请求数据 ===>{"url":"http://49.4.5.233:8117/org/business/CR300001.do","method":"POST","json":true,"headers":{"Content-Type":"application/x-www-form-urlencoded; charset=UTF-8","merchantNo":"000006","signType":"MD5","developToken":"000006","tokenPassword":"1qaz2wsx"},"form":{"isApp":"2","channelNo":"1000002","maxLen":"1","branch":"1001","channel":"2","shopSn":"B00019"}}
*************** info log end ***************

[2018-07-26T18:00:41.370] [INFO] /middleware/auth - 
*************** info log start ***************
info body: 接口地址[ http://49.4.5.233:8117/org/business/CR300001.do ]返回数据 ===>{"code":"777777","message":"城市最底层编码不能为空","result":{}}
*************** info log end ***************

[2018-07-26T18:00:41.371] [INFO] /middleware/auth - 
*************** response log start ***************
request method: POST
request originalUrl:  /api/usercenter/queryAddPer
request client ip:  ::ffff:127.0.0.1
request body: 
{"isApp":"2","channelNo":"1000001","maxLen":"1","branch":"1001","channel":"2","shopSn":"B00019"}
response time: 20
response status: 200
response body: 
{"code":"777777","message":"城市最底层编码不能为空","result":{}}
*************** response log end ***************

[2018-07-26T18:00:41.607] [INFO] /middleware/auth - 
*************** info log start ***************
info body: 获取请求参数 ==> {"isApp":"2","channelNo":"1000001","maxLen":"1","branch":"1001","channel":"2","shopSn":"B00019","location":"39.9219,116.44355"}
*************** info log end ***************

[2018-07-26T18:00:41.607] [INFO] /middleware/auth - 
*************** info log start ***************
info body: 接口地址[ http://api.map.baidu.com/geocoder/v2/ ]请求数据 ===>{"url":"http://api.map.baidu.com/geocoder/v2/?isApp=2&channelNo=1000002&maxLen=1&branch=1001&channel=2&shopSn=B00019&location=39.9219%2C116.44355&coordtype=bd09ll&pois=0&output=json&ak=wv8VECbOOTu3TFWcI3jdcBC6","method":"GET","json":true,"headers":{"Content-Type":"application/x-www-form-urlencoded; charset=UTF-8","merchantNo":"000006","signType":"MD5","developToken":"000006","tokenPassword":"1qaz2wsx"}}
*************** info log end ***************

[2018-07-26T18:00:41.632] [INFO] /middleware/auth - 
*************** info log start ***************
info body: 接口地址[ http://api.map.baidu.com/geocoder/v2/ ]返回数据 ===>{"status":0,"result":{"location":{"lng":116.44354999999993,"lat":39.92190007648824},"formatted_address":"北京市朝阳区吉祥里胡同206","business":"朝阳门,建国门,建外大街","addressComponent":{"country":"中国","country_code":0,"country_code_iso":"CHN","country_code_iso2":"CN","province":"北京市","city":"北京市","city_level":2,"district":"朝阳区","town":"","adcode":"110105","street":"吉祥里胡同","street_number":"206","direction":"附近","distance":"5"},"pois":[],"roads":[],"poiRegions":[{"direction_desc":"内","name":"E园共享办公","tag":"房地产;写字楼","uid":"3609eebad1bc8116b1077d5b"}],"sematic_description":"E园共享办公内,国星大厦内0米","cityCode":131}}
*************** info log end ***************

[2018-07-26T18:00:41.632] [INFO] /middleware/auth - 
*************** response log start ***************
request method: POST
request originalUrl:  /api/map/getAddressDetail
request client ip:  ::ffff:127.0.0.1
request body: 
{"isApp":"2","channelNo":"1000001","maxLen":"1","branch":"1001","channel":"2","shopSn":"B00019","location":"39.9219,116.44355"}
response time: 25
response status: 200
response body: 
{"code":"000000","message":"业务处理成功!","result":{"status":0,"result":{"location":{"lng":116.44354999999993,"lat":39.92190007648824},"formatted_address":"北京市朝阳区吉祥里胡同206","business":"朝阳门,建国门,建外大街","addressComponent":{"country":"中国","country_code":0,"country_code_iso":"CHN","country_code_iso2":"CN","province":"北京市","city":"北京市","city_level":2,"district":"朝阳区","town":"","adcode":"110105","street":"吉祥里胡同","street_number":"206","direction":"附近","distance":"5"},"pois":[],"roads":[],"poiRegions":[{"direction_desc":"内","name":"E园共享办公","tag":"房地产;写字楼","uid":"3609eebad1bc8116b1077d5b"}],"sematic_description":"E园共享办公内,国星大厦内0米","cityCode":131}}}
*************** response log end ***************

[2018-07-26T18:01:50.241] [INFO] /middleware/auth - 
*************** response log start ***************
request method: POST
request originalUrl:  /api/getUserInfo
request client ip:  ::ffff:127.0.0.1
request body: 
{"isApp":"2","channelNo":"1000001","maxLen":"1","branch":"1001","channel":"2","shopSn":"B00019"}
response time: 0
response status: 200
response body: 
{"code":"000000","message":"业务处理成功!","result":{"privilegeMember":{},"account":{},"grade":{},"user":{"userId":6,"phone":"15088297010","email":"","loginPwd":"b095f8aeb16f2d2f7fd8af3edb9799c0","loginPwdLevel":"1","unionid":null,"pcqquid":null,"qquid":null,"alipayuid":null,"uuid":null,"registerTime":1526291661223,"registerTimeStr":"2018-05-14 17:54:21","status":"1","isSelf":null,"channel":"web","userInfoId":6,"userName":null,"idType":null,"idNo":null,"nickName":null,"userImg":null,"sex":"0","tel":null,"qqNumber":null,"birthday":"2018-05-14","address":null,"loginNum":2,"loginTime":1526346634012,"loginTimeStr":"2018-05-15 09:10:34","loginIp":null,"cardId":6,"cardNo":"600079","typeCode":"VIP2","typeName":"会员卡","cardPwd":"b095f8aeb16f2d2f7fd8af3edb9799c0","cardStatus":"0","loginType":null,"loginAccount":null,"loginCardType":null}}}
*************** response log end ***************

[2018-07-26T18:01:50.511] [INFO] /middleware/auth - 
*************** info log start ***************
info body: 获取请求参数 ==> {"isApp":"2","channelNo":"1000001","maxLen":"1","branch":"1001","channel":"2","shopSn":"B00019"}
*************** info log end ***************

[2018-07-26T18:01:50.512] [INFO] /middleware/auth - 
*************** info log start ***************
info body: 接口地址[ http://49.4.5.233:8117/org/business/CM100111.do ]请求数据 ===>{"url":"http://49.4.5.233:8117/org/business/CM100111.do","method":"POST","json":true,"headers":{"Content-Type":"application/x-www-form-urlencoded; charset=UTF-8","merchantNo":"000006","signType":"MD5","developToken":"000006","tokenPassword":"1qaz2wsx"},"form":{"isApp":"2","channelNo":"1000002","maxLen":"1","branch":"1001","channel":"2","shopSn":"B00019","placeSign":"BANNERDVER"}}
*************** info log end ***************

[2018-07-26T18:01:50.542] [INFO] /middleware/auth - 
*************** info log start ***************
info body: 接口地址[ http://49.4.5.233:8117/org/business/CM100111.do ]返回数据 ===>{"code":"000000","message":"业务处理成功！","result":{"banner":{"placeId":2,"placeName":"首页 - 置顶轮播Banner","placeWidth":750,"placeHeight":440,"creatorId":0,"createTime":1521531057594,"placeSign":"BANNERDVER","placeDesc":"首页轮番banner","adverList":[{"adverId":239,"adverName":null,"placeId":2,"effectiveDate":1516636800000,"expiryDate":1548172800000,"imgSrc":"group1/M00/00/97/wKieqlpn6ESAYPzbAAC60dctgCM014.jpg","linkSrc":"http://www.baidu.com","status":2,"remark":null,"creatorId":null,"createTime":1529400212503,"adverOrder":4,"effectiveDateCh":"2018-01-23 00:00:00","expiryDateCh":"2019-01-23 00:00:00","createTimeCh":"2018-06-19 17:23:32","adverPlace":{"placeId":2,"placeName":"首页 - 置顶轮播Banner","placeWidth":750,"placeHeight":440,"creatorId":0,"createTime":1521531057594,"placeSign":"BANNERDVER","placeDesc":"首页轮番banner","adverList":null,"placeType":1,"adverNum":0,"branch":"1001","channel":"6","placeTheme":null,"placeSize":null},"themeId":0,"adverType":"1","typeId":0,"siteFloorId":0,"shopSn":"","allShop":"1","shopName":null,"branch":"1001","channel":"6","branchName":"D5厨房","imgDetails":"","bsnum":null},{"adverId":118,"adverName":null,"placeId":2,"effectiveDate":1509379200000,"expiryDate":1546185600000,"imgSrc":"group1/M00/00/17/wKieqloBcxSAHDJRAAJ6ZipxO7o589.jpg","linkSrc":null,"status":2,"remark":null,"creatorId":null,"createTime":1529890970296,"adverOrder":11,"effectiveDateCh":"2017-10-31 00:00:00","expiryDateCh":"2018-12-31 00:00:00","createTimeCh":"2018-06-25 09:42:50","adverPlace":{"placeId":2,"placeName":"首页 - 置顶轮播Banner","placeWidth":750,"placeHeight":440,"creatorId":0,"createTime":1521531057594,"placeSign":"BANNERDVER","placeDesc":"首页轮番banner","adverList":null,"placeType":1,"adverNum":0,"branch":"1001","channel":"6","placeTheme":null,"placeSize":null},"themeId":50,"adverType":"3","typeId":0,"siteFloorId":0,"shopSn":"","allShop":"1","shopName":null,"branch":"1001","channel":"6","branchName":"D5厨房","imgDetails":"","bsnum":null},{"adverId":200,"adverName":null,"placeId":2,"effectiveDate":1516204800000,"expiryDate":1547740800000,"imgSrc":"group1/M00/00/94/wKieqlplq92AYo3dAADnXsZLaTo354.jpg","linkSrc":null,"status":2,"remark":null,"creatorId":null,"createTime":1529375981244,"adverOrder":23,"effectiveDateCh":"2018-01-18 00:00:00","expiryDateCh":"2019-01-18 00:00:00","createTimeCh":"2018-06-19 10:39:41","adverPlace":{"placeId":2,"placeName":"首页 - 置顶轮播Banner","placeWidth":750,"placeHeight":440,"creatorId":0,"createTime":1521531057594,"placeSign":"BANNERDVER","placeDesc":"首页轮番banner","adverList":null,"placeType":1,"adverNum":0,"branch":"1001","channel":"6","placeTheme":null,"placeSize":null},"themeId":48,"adverType":"3","typeId":0,"siteFloorId":0,"shopSn":"","allShop":"1","shopName":null,"branch":"1001","channel":"6","branchName":"D5厨房","imgDetails":"","bsnum":null}],"placeType":1,"adverNum":0,"branch":"1001","channel":"6","placeTheme":null,"placeSize":null}}}
*************** info log end ***************

[2018-07-26T18:01:50.543] [INFO] /middleware/auth - 
*************** response log start ***************
request method: POST
request originalUrl:  /api/indexBanner
request client ip:  ::ffff:127.0.0.1
request body: 
{"isApp":"2","channelNo":"1000001","maxLen":"1","branch":"1001","channel":"2","shopSn":"B00019"}
response time: 32
response status: 200
response body: 
{"code":"000000","message":"业务处理成功！","result":{"banner":{"placeId":2,"placeName":"首页 - 置顶轮播Banner","placeWidth":750,"placeHeight":440,"creatorId":0,"createTime":1521531057594,"placeSign":"BANNERDVER","placeDesc":"首页轮番banner","adverList":[{"adverId":239,"adverName":null,"placeId":2,"effectiveDate":1516636800000,"expiryDate":1548172800000,"imgSrc":"group1/M00/00/97/wKieqlpn6ESAYPzbAAC60dctgCM014.jpg","linkSrc":"http://www.baidu.com","status":2,"remark":null,"creatorId":null,"createTime":1529400212503,"adverOrder":4,"effectiveDateCh":"2018-01-23 00:00:00","expiryDateCh":"2019-01-23 00:00:00","createTimeCh":"2018-06-19 17:23:32","adverPlace":{"placeId":2,"placeName":"首页 - 置顶轮播Banner","placeWidth":750,"placeHeight":440,"creatorId":0,"createTime":1521531057594,"placeSign":"BANNERDVER","placeDesc":"首页轮番banner","adverList":null,"placeType":1,"adverNum":0,"branch":"1001","channel":"6","placeTheme":null,"placeSize":null},"themeId":0,"adverType":"1","typeId":0,"siteFloorId":0,"shopSn":"","allShop":"1","shopName":null,"branch":"1001","channel":"6","branchName":"D5厨房","imgDetails":"","bsnum":null},{"adverId":118,"adverName":null,"placeId":2,"effectiveDate":1509379200000,"expiryDate":1546185600000,"imgSrc":"group1/M00/00/17/wKieqloBcxSAHDJRAAJ6ZipxO7o589.jpg","linkSrc":null,"status":2,"remark":null,"creatorId":null,"createTime":1529890970296,"adverOrder":11,"effectiveDateCh":"2017-10-31 00:00:00","expiryDateCh":"2018-12-31 00:00:00","createTimeCh":"2018-06-25 09:42:50","adverPlace":{"placeId":2,"placeName":"首页 - 置顶轮播Banner","placeWidth":750,"placeHeight":440,"creatorId":0,"createTime":1521531057594,"placeSign":"BANNERDVER","placeDesc":"首页轮番banner","adverList":null,"placeType":1,"adverNum":0,"branch":"1001","channel":"6","placeTheme":null,"placeSize":null},"themeId":50,"adverType":"3","typeId":0,"siteFloorId":0,"shopSn":"","allShop":"1","shopName":null,"branch":"1001","channel":"6","branchName":"D5厨房","imgDetails":"","bsnum":null},{"adverId":200,"adverName":null,"placeId":2,"effectiveDate":1516204800000,"expiryDate":1547740800000,"imgSrc":"group1/M00/00/94/wKieqlplq92AYo3dAADnXsZLaTo354.jpg","linkSrc":null,"status":2,"remark":null,"creatorId":null,"createTime":1529375981244,"adverOrder":23,"effectiveDateCh":"2018-01-18 00:00:00","expiryDateCh":"2019-01-18 00:00:00","createTimeCh":"2018-06-19 10:39:41","adverPlace":{"placeId":2,"placeName":"首页 - 置顶轮播Banner","placeWidth":750,"placeHeight":440,"creatorId":0,"createTime":1521531057594,"placeSign":"BANNERDVER","placeDesc":"首页轮番banner","adverList":null,"placeType":1,"adverNum":0,"branch":"1001","channel":"6","placeTheme":null,"placeSize":null},"themeId":48,"adverType":"3","typeId":0,"siteFloorId":0,"shopSn":"","allShop":"1","shopName":null,"branch":"1001","channel":"6","branchName":"D5厨房","imgDetails":"","bsnum":null}],"placeType":1,"adverNum":0,"branch":"1001","channel":"6","placeTheme":null,"placeSize":null}}}
*************** response log end ***************

[2018-07-26T18:01:53.242] [INFO] /middleware/auth - 
*************** info log start ***************
info body: 获取请求参数 ==> {"isApp":"2","channelNo":"1000001","maxLen":"1","branch":"1001","channel":"2","shopSn":"B00019","userId":"1500"}
*************** info log end ***************

[2018-07-26T18:01:53.242] [INFO] /middleware/auth - 
*************** info log start ***************
info body: 接口地址[ http://49.4.5.233:8117/org/business/CR300004.do ]请求数据 ===>{"url":"http://49.4.5.233:8117/org/business/CR300004.do","method":"POST","json":true,"headers":{"Content-Type":"application/x-www-form-urlencoded; charset=UTF-8","merchantNo":"000006","signType":"MD5","developToken":"000006","tokenPassword":"1qaz2wsx"},"form":{"isApp":"2","channelNo":"1000002","maxLen":"1","branch":"1001","channel":"2","shopSn":"B00019","userId":"1500"}}
*************** info log end ***************

[2018-07-26T18:01:53.324] [INFO] /middleware/auth - 
*************** info log start ***************
info body: 接口地址[ http://49.4.5.233:8117/org/business/CR300004.do ]返回数据 ===>{"code":"000000","message":"业务处理成功！","result":{"page":{"totalRowCount":3,"totalPage":1,"pageRowCount":10,"currentPageNu":1,"startPageRowCount":0,"endPageRowCount":10,"datas":[{"id":377,"userId":1500,"name":"18618196312","phone":"","mobile":"18618196312","districtCode":"001001001006","isHost":"0","sex":"0","address":"北京市丰台区镇国寺北街13号楼2层","houseNumber":null,"postCode":"","areas":"北京市 北京市 丰台区","signArea":"27度罗马风情婚纱影城","latitude":"39.844541082389355","longitude":"116.35729299999993"},{"id":381,"userId":1500,"name":"18618196312","phone":"","mobile":"18618196312","districtCode":"001001001005","isHost":"1","sex":"0","address":"北京市朝阳区东三环北路28","houseNumber":null,"postCode":"","areas":"北京市 北京市 朝阳区","signArea":"博瑞大厦","latitude":"39.933780075532866","longitude":"116.46902299999994"},{"id":376,"userId":1500,"name":"18618196312","phone":"","mobile":"18618196312","districtCode":"001001001006","isHost":"1","sex":"0","address":"北京市丰台区菜户营南路辅路","houseNumber":null,"postCode":"","areas":"北京市 北京市 丰台区","signArea":"北京111文化产业园","latitude":"null","longitude":"null"}]}}}
*************** info log end ***************

[2018-07-26T18:01:53.325] [INFO] /middleware/auth - 
*************** response log start ***************
request method: POST
request originalUrl:  /api/usercenter/queryAddress
request client ip:  ::ffff:127.0.0.1
request body: 
{"isApp":"2","channelNo":"1000001","maxLen":"1","branch":"1001","channel":"2","shopSn":"B00019","userId":"1500"}
response time: 83
response status: 200
response body: 
{"code":"000000","message":"业务处理成功！","result":{"page":{"totalRowCount":3,"totalPage":1,"pageRowCount":10,"currentPageNu":1,"startPageRowCount":0,"endPageRowCount":10,"datas":[{"id":377,"userId":1500,"name":"18618196312","phone":"","mobile":"18618196312","districtCode":"001001001006","isHost":"0","sex":"0","address":"北京市丰台区镇国寺北街13号楼2层","houseNumber":null,"postCode":"","areas":"北京市 北京市 丰台区","signArea":"27度罗马风情婚纱影城","latitude":"39.844541082389355","longitude":"116.35729299999993"},{"id":381,"userId":1500,"name":"18618196312","phone":"","mobile":"18618196312","districtCode":"001001001005","isHost":"1","sex":"0","address":"北京市朝阳区东三环北路28","houseNumber":null,"postCode":"","areas":"北京市 北京市 朝阳区","signArea":"博瑞大厦","latitude":"39.933780075532866","longitude":"116.46902299999994"},{"id":376,"userId":1500,"name":"18618196312","phone":"","mobile":"18618196312","districtCode":"001001001006","isHost":"1","sex":"0","address":"北京市丰台区菜户营南路辅路","houseNumber":null,"postCode":"","areas":"北京市 北京市 丰台区","signArea":"北京111文化产业园","latitude":"null","longitude":"null"}]}}}
*************** response log end ***************

[2018-07-26T18:01:54.965] [INFO] /middleware/auth - 
*************** info log start ***************
info body: 获取请求参数 ==> {"isApp":"2","channelNo":"1000001","maxLen":"1","branch":"1001","channel":"2","shopSn":"B00019"}
*************** info log end ***************

[2018-07-26T18:01:54.965] [INFO] /middleware/auth - 
*************** info log start ***************
info body: 接口地址[ http://49.4.5.233:8117/org/business/CR300001.do ]请求数据 ===>{"url":"http://49.4.5.233:8117/org/business/CR300001.do","method":"POST","json":true,"headers":{"Content-Type":"application/x-www-form-urlencoded; charset=UTF-8","merchantNo":"000006","signType":"MD5","developToken":"000006","tokenPassword":"1qaz2wsx"},"form":{"isApp":"2","channelNo":"1000002","maxLen":"1","branch":"1001","channel":"2","shopSn":"B00019"}}
*************** info log end ***************

[2018-07-26T18:01:54.984] [INFO] /middleware/auth - 
*************** info log start ***************
info body: 接口地址[ http://49.4.5.233:8117/org/business/CR300001.do ]返回数据 ===>{"code":"777777","message":"城市最底层编码不能为空","result":{}}
*************** info log end ***************

[2018-07-26T18:01:54.985] [INFO] /middleware/auth - 
*************** response log start ***************
request method: POST
request originalUrl:  /api/usercenter/queryAddPer
request client ip:  ::ffff:127.0.0.1
request body: 
{"isApp":"2","channelNo":"1000001","maxLen":"1","branch":"1001","channel":"2","shopSn":"B00019"}
response time: 20
response status: 200
response body: 
{"code":"777777","message":"城市最底层编码不能为空","result":{}}
*************** response log end ***************

[2018-07-26T18:01:55.188] [INFO] /middleware/auth - 
*************** info log start ***************
info body: 获取请求参数 ==> {"isApp":"2","channelNo":"1000001","maxLen":"1","branch":"1001","channel":"2","shopSn":"B00019","location":"39.92326737007525,116.44974526575474"}
*************** info log end ***************

[2018-07-26T18:01:55.188] [INFO] /middleware/auth - 
*************** info log start ***************
info body: 接口地址[ http://api.map.baidu.com/geocoder/v2/ ]请求数据 ===>{"url":"http://api.map.baidu.com/geocoder/v2/?isApp=2&channelNo=1000002&maxLen=1&branch=1001&channel=2&shopSn=B00019&location=39.92326737007525%2C116.44974526575474&coordtype=bd09ll&pois=0&output=json&ak=wv8VECbOOTu3TFWcI3jdcBC6","method":"GET","json":true,"headers":{"Content-Type":"application/x-www-form-urlencoded; charset=UTF-8","merchantNo":"000006","signType":"MD5","developToken":"000006","tokenPassword":"1qaz2wsx"}}
*************** info log end ***************

[2018-07-26T18:01:55.271] [INFO] /middleware/auth - 
*************** info log start ***************
info body: 接口地址[ http://api.map.baidu.com/geocoder/v2/ ]返回数据 ===>{"status":0,"result":{"location":{"lng":116.44974526575467,"lat":39.9232674464542},"formatted_address":"北京市朝阳区日坛北路6号","business":"朝阳门,朝外,建外大街","addressComponent":{"country":"中国","country_code":0,"country_code_iso":"CHN","country_code_iso2":"CN","province":"北京市","city":"北京市","city_level":2,"district":"朝阳区","town":"","adcode":"110105","street":"日坛北路","street_number":"6号","direction":"东南","distance":"54"},"pois":[],"roads":[],"poiRegions":[{"direction_desc":"内","name":"日坛公园","tag":"旅游景点;风景区","uid":"3dc9befd7c6f810fbea240fe"}],"sematic_description":"日坛公园内,北天门北74米","cityCode":131}}
*************** info log end ***************

[2018-07-26T18:01:55.271] [INFO] /middleware/auth - 
*************** response log start ***************
request method: POST
request originalUrl:  /api/map/getAddressDetail
request client ip:  ::ffff:127.0.0.1
request body: 
{"isApp":"2","channelNo":"1000001","maxLen":"1","branch":"1001","channel":"2","shopSn":"B00019","location":"39.92326737007525,116.44974526575474"}
response time: 83
response status: 200
response body: 
{"code":"000000","message":"业务处理成功!","result":{"status":0,"result":{"location":{"lng":116.44974526575467,"lat":39.9232674464542},"formatted_address":"北京市朝阳区日坛北路6号","business":"朝阳门,朝外,建外大街","addressComponent":{"country":"中国","country_code":0,"country_code_iso":"CHN","country_code_iso2":"CN","province":"北京市","city":"北京市","city_level":2,"district":"朝阳区","town":"","adcode":"110105","street":"日坛北路","street_number":"6号","direction":"东南","distance":"54"},"pois":[],"roads":[],"poiRegions":[{"direction_desc":"内","name":"日坛公园","tag":"旅游景点;风景区","uid":"3dc9befd7c6f810fbea240fe"}],"sematic_description":"日坛公园内,北天门北74米","cityCode":131}}}
*************** response log end ***************

[2018-07-26T18:39:31.007] [INFO] /middleware/auth - 
*************** info log start ***************
info body: 获取请求参数 ==> {"isApp":"2","channelNo":"1000001","maxLen":"1","branch":"1001","channel":"2","shopSn":"B00019"}
*************** info log end ***************

[2018-07-26T18:39:31.007] [INFO] /middleware/auth - 
*************** info log start ***************
info body: 接口地址[ http://49.4.5.233:8117/org/business/CR300001.do ]请求数据 ===>{"url":"http://49.4.5.233:8117/org/business/CR300001.do","method":"POST","json":true,"headers":{"Content-Type":"application/x-www-form-urlencoded; charset=UTF-8","merchantNo":"000006","signType":"MD5","developToken":"000006","tokenPassword":"1qaz2wsx"},"form":{"isApp":"2","channelNo":"1000002","maxLen":"1","branch":"1001","channel":"2","shopSn":"B00019"}}
*************** info log end ***************

[2018-07-26T18:39:31.025] [INFO] /middleware/auth - 
*************** info log start ***************
info body: 接口地址[ http://49.4.5.233:8117/org/business/CR300001.do ]返回数据 ===>{"code":"777777","message":"城市最底层编码不能为空","result":{}}
*************** info log end ***************

[2018-07-26T18:39:31.025] [INFO] /middleware/auth - 
*************** response log start ***************
request method: POST
request originalUrl:  /api/usercenter/queryAddPer
request client ip:  ::ffff:127.0.0.1
request body: 
{"isApp":"2","channelNo":"1000001","maxLen":"1","branch":"1001","channel":"2","shopSn":"B00019"}
response time: 19
response status: 200
response body: 
{"code":"777777","message":"城市最底层编码不能为空","result":{}}
*************** response log end ***************

[2018-07-26T18:39:31.299] [INFO] /middleware/auth - 
*************** info log start ***************
info body: 获取请求参数 ==> {"isApp":"2","channelNo":"1000001","maxLen":"1","branch":"1001","channel":"2","shopSn":"B00019","location":"39.92326737007525,116.44974526575474"}
*************** info log end ***************

[2018-07-26T18:39:31.299] [INFO] /middleware/auth - 
*************** info log start ***************
info body: 接口地址[ http://api.map.baidu.com/geocoder/v2/ ]请求数据 ===>{"url":"http://api.map.baidu.com/geocoder/v2/?isApp=2&channelNo=1000002&maxLen=1&branch=1001&channel=2&shopSn=B00019&location=39.92326737007525%2C116.44974526575474&coordtype=bd09ll&pois=0&output=json&ak=wv8VECbOOTu3TFWcI3jdcBC6","method":"GET","json":true,"headers":{"Content-Type":"application/x-www-form-urlencoded; charset=UTF-8","merchantNo":"000006","signType":"MD5","developToken":"000006","tokenPassword":"1qaz2wsx"}}
*************** info log end ***************

[2018-07-26T18:39:31.325] [INFO] /middleware/auth - 
*************** info log start ***************
info body: 接口地址[ http://api.map.baidu.com/geocoder/v2/ ]返回数据 ===>{"status":0,"result":{"location":{"lng":116.44974526575467,"lat":39.9232674464542},"formatted_address":"北京市朝阳区日坛北路6号","business":"朝阳门,朝外,建外大街","addressComponent":{"country":"中国","country_code":0,"country_code_iso":"CHN","country_code_iso2":"CN","province":"北京市","city":"北京市","city_level":2,"district":"朝阳区","town":"","adcode":"110105","street":"日坛北路","street_number":"6号","direction":"东南","distance":"54"},"pois":[],"roads":[],"poiRegions":[{"direction_desc":"内","name":"日坛公园","tag":"旅游景点;风景区","uid":"3dc9befd7c6f810fbea240fe"}],"sematic_description":"日坛公园内,北天门北74米","cityCode":131}}
*************** info log end ***************

[2018-07-26T18:39:31.326] [INFO] /middleware/auth - 
*************** response log start ***************
request method: POST
request originalUrl:  /api/map/getAddressDetail
request client ip:  ::ffff:127.0.0.1
request body: 
{"isApp":"2","channelNo":"1000001","maxLen":"1","branch":"1001","channel":"2","shopSn":"B00019","location":"39.92326737007525,116.44974526575474"}
response time: 28
response status: 200
response body: 
{"code":"000000","message":"业务处理成功!","result":{"status":0,"result":{"location":{"lng":116.44974526575467,"lat":39.9232674464542},"formatted_address":"北京市朝阳区日坛北路6号","business":"朝阳门,朝外,建外大街","addressComponent":{"country":"中国","country_code":0,"country_code_iso":"CHN","country_code_iso2":"CN","province":"北京市","city":"北京市","city_level":2,"district":"朝阳区","town":"","adcode":"110105","street":"日坛北路","street_number":"6号","direction":"东南","distance":"54"},"pois":[],"roads":[],"poiRegions":[{"direction_desc":"内","name":"日坛公园","tag":"旅游景点;风景区","uid":"3dc9befd7c6f810fbea240fe"}],"sematic_description":"日坛公园内,北天门北74米","cityCode":131}}}
*************** response log end ***************

[2018-07-26T18:39:40.308] [INFO] /middleware/auth - 
*************** info log start ***************
info body: 获取请求参数 ==> {"isApp":"2","channelNo":"1000001","maxLen":"1","branch":"1001","channel":"2","shopSn":"B00019"}
*************** info log end ***************

[2018-07-26T18:39:40.309] [INFO] /middleware/auth - 
*************** info log start ***************
info body: 接口地址[ http://49.4.5.233:8117/org/business/CR300001.do ]请求数据 ===>{"url":"http://49.4.5.233:8117/org/business/CR300001.do","method":"POST","json":true,"headers":{"Content-Type":"application/x-www-form-urlencoded; charset=UTF-8","merchantNo":"000006","signType":"MD5","developToken":"000006","tokenPassword":"1qaz2wsx"},"form":{"isApp":"2","channelNo":"1000002","maxLen":"1","branch":"1001","channel":"2","shopSn":"B00019"}}
*************** info log end ***************

[2018-07-26T18:39:40.327] [INFO] /middleware/auth - 
*************** info log start ***************
info body: 接口地址[ http://49.4.5.233:8117/org/business/CR300001.do ]返回数据 ===>{"code":"777777","message":"城市最底层编码不能为空","result":{}}
*************** info log end ***************

[2018-07-26T18:39:40.327] [INFO] /middleware/auth - 
*************** response log start ***************
request method: POST
request originalUrl:  /api/usercenter/queryAddPer
request client ip:  ::ffff:127.0.0.1
request body: 
{"isApp":"2","channelNo":"1000001","maxLen":"1","branch":"1001","channel":"2","shopSn":"B00019"}
response time: 19
response status: 200
response body: 
{"code":"777777","message":"城市最底层编码不能为空","result":{}}
*************** response log end ***************

[2018-07-26T18:39:40.598] [INFO] /middleware/auth - 
*************** info log start ***************
info body: 获取请求参数 ==> {"isApp":"2","channelNo":"1000001","maxLen":"1","branch":"1001","channel":"2","shopSn":"B00019","location":"39.92326737007525,116.44974526575474"}
*************** info log end ***************

[2018-07-26T18:39:40.599] [INFO] /middleware/auth - 
*************** info log start ***************
info body: 接口地址[ http://api.map.baidu.com/geocoder/v2/ ]请求数据 ===>{"url":"http://api.map.baidu.com/geocoder/v2/?isApp=2&channelNo=1000002&maxLen=1&branch=1001&channel=2&shopSn=B00019&location=39.92326737007525%2C116.44974526575474&coordtype=bd09ll&pois=0&output=json&ak=wv8VECbOOTu3TFWcI3jdcBC6","method":"GET","json":true,"headers":{"Content-Type":"application/x-www-form-urlencoded; charset=UTF-8","merchantNo":"000006","signType":"MD5","developToken":"000006","tokenPassword":"1qaz2wsx"}}
*************** info log end ***************

[2018-07-26T18:39:40.617] [INFO] /middleware/auth - 
*************** info log start ***************
info body: 接口地址[ http://api.map.baidu.com/geocoder/v2/ ]返回数据 ===>{"status":0,"result":{"location":{"lng":116.44974526575467,"lat":39.9232674464542},"formatted_address":"北京市朝阳区日坛北路6号","business":"朝阳门,朝外,建外大街","addressComponent":{"country":"中国","country_code":0,"country_code_iso":"CHN","country_code_iso2":"CN","province":"北京市","city":"北京市","city_level":2,"district":"朝阳区","town":"","adcode":"110105","street":"日坛北路","street_number":"6号","direction":"东南","distance":"54"},"pois":[],"roads":[],"poiRegions":[{"direction_desc":"内","name":"日坛公园","tag":"旅游景点;风景区","uid":"3dc9befd7c6f810fbea240fe"}],"sematic_description":"日坛公园内,北天门北74米","cityCode":131}}
*************** info log end ***************

[2018-07-26T18:39:40.617] [INFO] /middleware/auth - 
*************** response log start ***************
request method: POST
request originalUrl:  /api/map/getAddressDetail
request client ip:  ::ffff:127.0.0.1
request body: 
{"isApp":"2","channelNo":"1000001","maxLen":"1","branch":"1001","channel":"2","shopSn":"B00019","location":"39.92326737007525,116.44974526575474"}
response time: 19
response status: 200
response body: 
{"code":"000000","message":"业务处理成功!","result":{"status":0,"result":{"location":{"lng":116.44974526575467,"lat":39.9232674464542},"formatted_address":"北京市朝阳区日坛北路6号","business":"朝阳门,朝外,建外大街","addressComponent":{"country":"中国","country_code":0,"country_code_iso":"CHN","country_code_iso2":"CN","province":"北京市","city":"北京市","city_level":2,"district":"朝阳区","town":"","adcode":"110105","street":"日坛北路","street_number":"6号","direction":"东南","distance":"54"},"pois":[],"roads":[],"poiRegions":[{"direction_desc":"内","name":"日坛公园","tag":"旅游景点;风景区","uid":"3dc9befd7c6f810fbea240fe"}],"sematic_description":"日坛公园内,北天门北74米","cityCode":131}}}
*************** response log end ***************

