[2018-08-08T10:36:23.270] [INFO] /middleware/auth - 
*************** info log start ***************
info body: app started at port 3012...
*************** info log end ***************

[2018-08-08T10:36:23.364] [INFO] /middleware/auth - 
*************** info log start ***************
info body: 获取access_token请求参数 ====>https://api.weixin.qq.com/cgi-bin/token?grant_type=client_credential&appid=wxab77e84af1269540&secret=1a6bd784f8a52ad2c9d33b545d1a41c6
*************** info log end ***************

[2018-08-08T10:36:23.564] [INFO] /middleware/auth - 
*************** info log start ***************
info body: 获取access_token成功 ====>{"errcode":40164,"errmsg":"invalid ip 223.223.195.188, not in whitelist hint: [fX5wqA07833612]"}
*************** info log end ***************

[2018-08-08T10:36:23.565] [INFO] /middleware/auth - 
*************** info log start ***************
info body: 获取 Ticket 请求参数 ====>https://api.weixin.qq.com/cgi-bin/ticket/getticket?type=jsapi&access_token=undefined
*************** info log end ***************

[2018-08-08T10:36:23.713] [INFO] /middleware/auth - 
*************** info log start ***************
info body: 获取 Ticket 成功 ====>{"errcode":40001,"errmsg":"invalid credential, access_token is invalid or not latest hint: [yHSQTa0783vr57!]"}
*************** info log end ***************

[2018-08-08T10:40:08.458] [INFO] /middleware/auth - 
*************** info log start ***************
info body: app started at port 3012...
*************** info log end ***************

[2018-08-08T10:40:08.554] [INFO] /middleware/auth - 
*************** info log start ***************
info body: 获取access_token请求参数 ====>https://api.weixin.qq.com/cgi-bin/token?grant_type=client_credential&appid=wxab77e84af1269540&secret=1a6bd784f8a52ad2c9d33b545d1a41c6
*************** info log end ***************

[2018-08-08T10:40:08.794] [INFO] /middleware/auth - 
*************** info log start ***************
info body: 获取access_token成功 ====>{"errcode":40164,"errmsg":"invalid ip 223.223.195.188, not in whitelist hint: [tVu9cA00081533]"}
*************** info log end ***************

[2018-08-08T10:40:08.795] [INFO] /middleware/auth - 
*************** info log start ***************
info body: 获取 Ticket 请求参数 ====>https://api.weixin.qq.com/cgi-bin/ticket/getticket?type=jsapi&access_token=undefined
*************** info log end ***************

[2018-08-08T10:40:08.993] [INFO] /middleware/auth - 
*************** info log start ***************
info body: 获取 Ticket 成功 ====>{"errcode":40001,"errmsg":"invalid credential, access_token is invalid or not latest hint: [5OWUTa0009vr29!]"}
*************** info log end ***************

[2018-08-08T10:42:55.573] [INFO] /middleware/auth - 
*************** info log start ***************
info body: app started at port 3012...
*************** info log end ***************

[2018-08-08T10:42:55.658] [INFO] /middleware/auth - 
*************** info log start ***************
info body: 获取access_token请求参数 ====>https://api.weixin.qq.com/cgi-bin/token?grant_type=client_credential&appid=wxab77e84af1269540&secret=1a6bd784f8a52ad2c9d33b545d1a41c6
*************** info log end ***************

[2018-08-08T10:42:55.890] [INFO] /middleware/auth - 
*************** info log start ***************
info body: 获取access_token成功 ====>{"errcode":40164,"errmsg":"invalid ip 223.223.195.188, not in whitelist hint: [yDEiRa01763054]"}
*************** info log end ***************

[2018-08-08T10:42:55.890] [INFO] /middleware/auth - 
*************** info log start ***************
info body: 获取 Ticket 请求参数 ====>https://api.weixin.qq.com/cgi-bin/ticket/getticket?type=jsapi&access_token=undefined
*************** info log end ***************

[2018-08-08T10:42:56.072] [INFO] /middleware/auth - 
*************** info log start ***************
info body: 获取 Ticket 成功 ====>{"errcode":40001,"errmsg":"invalid credential, access_token is invalid or not latest hint: [qzf4pa0176vr45!]"}
*************** info log end ***************

