[2018-08-01T10:53:09.733] [INFO] /middleware/auth - 
*************** info log start ***************
info body: app started at port 3012...
*************** info log end ***************

[2018-08-01T10:53:09.791] [INFO] /middleware/auth - 
*************** info log start ***************
info body: 获取access_token请求参数 ====>https://api.weixin.qq.com/cgi-bin/token?grant_type=client_credential&appid=wxab77e84af1269540&secret=1a6bd784f8a52ad2c9d33b545d1a41c6
*************** info log end ***************

[2018-08-01T10:53:09.968] [INFO] /middleware/auth - 
*************** info log start ***************
info body: 获取access_token成功 ====>{"errcode":40164,"errmsg":"invalid ip 223.223.195.188, not in whitelist hint: [fHo9BA09901533]"}
*************** info log end ***************

[2018-08-01T10:53:09.969] [INFO] /middleware/auth - 
*************** info log start ***************
info body: 获取 Ticket 请求参数 ====>https://api.weixin.qq.com/cgi-bin/ticket/getticket?type=jsapi&access_token=undefined
*************** info log end ***************

[2018-08-01T10:53:10.140] [INFO] /middleware/auth - 
*************** info log start ***************
info body: 获取 Ticket 成功 ====>{"errcode":40001,"errmsg":"invalid credential, access_token is invalid or not latest hint: [xz6Pba0990vr60!]"}
*************** info log end ***************

[2018-08-01T10:53:18.266] [INFO] /middleware/auth - 
*************** response log start ***************
request method: POST
request originalUrl:  /api/getUserInfo
request client ip:  ::ffff:127.0.0.1
request body: 
{"isApp":"2","channelNo":"1000001","maxLen":"1","branch":"1001","channel":"2","shopSn":"B00019"}
response time: 5
response status: 200
response body: 
{"code":"000000","message":"业务处理成功!","result":{"privilegeMember":{},"account":{},"grade":{},"user":{"userId":6,"phone":"15088297010","email":"","loginPwd":"b095f8aeb16f2d2f7fd8af3edb9799c0","loginPwdLevel":"1","unionid":null,"pcqquid":null,"qquid":null,"alipayuid":null,"uuid":null,"registerTime":1526291661223,"registerTimeStr":"2018-05-14 17:54:21","status":"1","isSelf":null,"channel":"web","userInfoId":6,"userName":null,"idType":null,"idNo":null,"nickName":null,"userImg":null,"sex":"0","tel":null,"qqNumber":null,"birthday":"2018-05-14","address":null,"loginNum":2,"loginTime":1526346634012,"loginTimeStr":"2018-05-15 09:10:34","loginIp":null,"cardId":6,"cardNo":"600079","typeCode":"VIP2","typeName":"会员卡","cardPwd":"b095f8aeb16f2d2f7fd8af3edb9799c0","cardStatus":"0","loginType":null,"loginAccount":null,"loginCardType":null}}}
*************** response log end ***************

[2018-08-01T10:53:19.138] [INFO] /middleware/auth - 
*************** response log start ***************
request method: POST
request originalUrl:  /api/vipSpecProduct
request client ip:  ::ffff:127.0.0.1
request body: 
{"isApp":"2","channelNo":"1000001","maxLen":"1","branch":"1001","channel":"2","shopSn":"B00019"}
response time: 1
response status: 404
response body: 
undefined
*************** response log end ***************

[2018-08-01T10:53:19.166] [INFO] /middleware/auth - 
*************** info log start ***************
info body: 获取请求参数 ==> {"isApp":"2","channelNo":"1000001","maxLen":"1","branch":"1001","channel":"2","shopSn":"B00019"}
*************** info log end ***************

[2018-08-01T10:53:19.167] [INFO] /middleware/auth - 
*************** info log start ***************
info body: 接口地址[ http://49.4.5.233:8117/org/business/CM100111.do ]请求数据 ===>{"url":"http://49.4.5.233:8117/org/business/CM100111.do","method":"POST","json":true,"headers":{"Content-Type":"application/x-www-form-urlencoded; charset=UTF-8","merchantNo":"000006","signType":"MD5","developToken":"000006","tokenPassword":"1qaz2wsx"},"form":{"isApp":"2","channelNo":"1000002","maxLen":"1","branch":"1001","channel":"2","shopSn":"B00019","placeSign":"BANNERDVER"}}
*************** info log end ***************

[2018-08-01T10:53:19.204] [INFO] /middleware/auth - 
*************** info log start ***************
info body: 接口地址[ http://49.4.5.233:8117/org/business/CM100111.do ]返回数据 ===>{"code":"000000","message":"业务处理成功！","result":{"banner":{"placeId":2,"placeName":"首页 - 置顶轮播Banner","placeWidth":750,"placeHeight":440,"creatorId":0,"createTime":1521531057594,"placeSign":"BANNERDVER","placeDesc":"首页轮番banner","adverList":[{"adverId":239,"adverName":null,"placeId":2,"effectiveDate":1516636800000,"expiryDate":1548172800000,"imgSrc":"group1/M00/00/97/wKieqlpn6ESAYPzbAAC60dctgCM014.jpg","linkSrc":"http://www.baidu.com","status":2,"remark":null,"creatorId":null,"createTime":1529400212503,"adverOrder":4,"effectiveDateCh":"2018-01-23 00:00:00","expiryDateCh":"2019-01-23 00:00:00","createTimeCh":"2018-06-19 17:23:32","adverPlace":{"placeId":2,"placeName":"首页 - 置顶轮播Banner","placeWidth":750,"placeHeight":440,"creatorId":0,"createTime":1521531057594,"placeSign":"BANNERDVER","placeDesc":"首页轮番banner","adverList":null,"placeType":1,"adverNum":0,"branch":"1001","channel":"6","placeTheme":null,"placeSize":null},"themeId":0,"adverType":"1","typeId":0,"siteFloorId":0,"shopSn":"","allShop":"1","shopName":null,"branch":"1001","channel":"6","branchName":"D5厨房","imgDetails":"","bsnum":null},{"adverId":118,"adverName":null,"placeId":2,"effectiveDate":1509379200000,"expiryDate":1546185600000,"imgSrc":"group1/M00/00/17/wKieqloBcxSAHDJRAAJ6ZipxO7o589.jpg","linkSrc":null,"status":2,"remark":null,"creatorId":null,"createTime":1529890970296,"adverOrder":11,"effectiveDateCh":"2017-10-31 00:00:00","expiryDateCh":"2018-12-31 00:00:00","createTimeCh":"2018-06-25 09:42:50","adverPlace":{"placeId":2,"placeName":"首页 - 置顶轮播Banner","placeWidth":750,"placeHeight":440,"creatorId":0,"createTime":1521531057594,"placeSign":"BANNERDVER","placeDesc":"首页轮番banner","adverList":null,"placeType":1,"adverNum":0,"branch":"1001","channel":"6","placeTheme":null,"placeSize":null},"themeId":50,"adverType":"3","typeId":0,"siteFloorId":0,"shopSn":"","allShop":"1","shopName":null,"branch":"1001","channel":"6","branchName":"D5厨房","imgDetails":"","bsnum":null},{"adverId":200,"adverName":null,"placeId":2,"effectiveDate":1516204800000,"expiryDate":1547740800000,"imgSrc":"group1/M00/00/94/wKieqlplq92AYo3dAADnXsZLaTo354.jpg","linkSrc":null,"status":2,"remark":null,"creatorId":null,"createTime":1529375981244,"adverOrder":23,"effectiveDateCh":"2018-01-18 00:00:00","expiryDateCh":"2019-01-18 00:00:00","createTimeCh":"2018-06-19 10:39:41","adverPlace":{"placeId":2,"placeName":"首页 - 置顶轮播Banner","placeWidth":750,"placeHeight":440,"creatorId":0,"createTime":1521531057594,"placeSign":"BANNERDVER","placeDesc":"首页轮番banner","adverList":null,"placeType":1,"adverNum":0,"branch":"1001","channel":"6","placeTheme":null,"placeSize":null},"themeId":48,"adverType":"3","typeId":0,"siteFloorId":0,"shopSn":"","allShop":"1","shopName":null,"branch":"1001","channel":"6","branchName":"D5厨房","imgDetails":"","bsnum":null}],"placeType":1,"adverNum":0,"branch":"1001","channel":"6","placeTheme":null,"placeSize":null}}}
*************** info log end ***************

[2018-08-01T10:53:19.204] [INFO] /middleware/auth - 
*************** response log start ***************
request method: POST
request originalUrl:  /api/indexBanner
request client ip:  ::ffff:127.0.0.1
request body: 
{"isApp":"2","channelNo":"1000001","maxLen":"1","branch":"1001","channel":"2","shopSn":"B00019"}
response time: 39
response status: 200
response body: 
{"code":"000000","message":"业务处理成功！","result":{"banner":{"placeId":2,"placeName":"首页 - 置顶轮播Banner","placeWidth":750,"placeHeight":440,"creatorId":0,"createTime":1521531057594,"placeSign":"BANNERDVER","placeDesc":"首页轮番banner","adverList":[{"adverId":239,"adverName":null,"placeId":2,"effectiveDate":1516636800000,"expiryDate":1548172800000,"imgSrc":"group1/M00/00/97/wKieqlpn6ESAYPzbAAC60dctgCM014.jpg","linkSrc":"http://www.baidu.com","status":2,"remark":null,"creatorId":null,"createTime":1529400212503,"adverOrder":4,"effectiveDateCh":"2018-01-23 00:00:00","expiryDateCh":"2019-01-23 00:00:00","createTimeCh":"2018-06-19 17:23:32","adverPlace":{"placeId":2,"placeName":"首页 - 置顶轮播Banner","placeWidth":750,"placeHeight":440,"creatorId":0,"createTime":1521531057594,"placeSign":"BANNERDVER","placeDesc":"首页轮番banner","adverList":null,"placeType":1,"adverNum":0,"branch":"1001","channel":"6","placeTheme":null,"placeSize":null},"themeId":0,"adverType":"1","typeId":0,"siteFloorId":0,"shopSn":"","allShop":"1","shopName":null,"branch":"1001","channel":"6","branchName":"D5厨房","imgDetails":"","bsnum":null},{"adverId":118,"adverName":null,"placeId":2,"effectiveDate":1509379200000,"expiryDate":1546185600000,"imgSrc":"group1/M00/00/17/wKieqloBcxSAHDJRAAJ6ZipxO7o589.jpg","linkSrc":null,"status":2,"remark":null,"creatorId":null,"createTime":1529890970296,"adverOrder":11,"effectiveDateCh":"2017-10-31 00:00:00","expiryDateCh":"2018-12-31 00:00:00","createTimeCh":"2018-06-25 09:42:50","adverPlace":{"placeId":2,"placeName":"首页 - 置顶轮播Banner","placeWidth":750,"placeHeight":440,"creatorId":0,"createTime":1521531057594,"placeSign":"BANNERDVER","placeDesc":"首页轮番banner","adverList":null,"placeType":1,"adverNum":0,"branch":"1001","channel":"6","placeTheme":null,"placeSize":null},"themeId":50,"adverType":"3","typeId":0,"siteFloorId":0,"shopSn":"","allShop":"1","shopName":null,"branch":"1001","channel":"6","branchName":"D5厨房","imgDetails":"","bsnum":null},{"adverId":200,"adverName":null,"placeId":2,"effectiveDate":1516204800000,"expiryDate":1547740800000,"imgSrc":"group1/M00/00/94/wKieqlplq92AYo3dAADnXsZLaTo354.jpg","linkSrc":null,"status":2,"remark":null,"creatorId":null,"createTime":1529375981244,"adverOrder":23,"effectiveDateCh":"2018-01-18 00:00:00","expiryDateCh":"2019-01-18 00:00:00","createTimeCh":"2018-06-19 10:39:41","adverPlace":{"placeId":2,"placeName":"首页 - 置顶轮播Banner","placeWidth":750,"placeHeight":440,"creatorId":0,"createTime":1521531057594,"placeSign":"BANNERDVER","placeDesc":"首页轮番banner","adverList":null,"placeType":1,"adverNum":0,"branch":"1001","channel":"6","placeTheme":null,"placeSize":null},"themeId":48,"adverType":"3","typeId":0,"siteFloorId":0,"shopSn":"","allShop":"1","shopName":null,"branch":"1001","channel":"6","branchName":"D5厨房","imgDetails":"","bsnum":null}],"placeType":1,"adverNum":0,"branch":"1001","channel":"6","placeTheme":null,"placeSize":null}}}
*************** response log end ***************

[2018-08-01T10:53:19.256] [INFO] /middleware/auth - 
*************** response log start ***************
request method: POST
request originalUrl:  /api/brandlist
request client ip:  ::ffff:127.0.0.1
request body: 
{"isApp":"2","channelNo":"1000001","maxLen":"1","branch":"1001","channel":"2","shopSn":"B00019"}
response time: 0
response status: 404
response body: 
undefined
*************** response log end ***************

[2018-08-01T10:53:19.258] [ERROR] /middleware/auth - 
*************** error log start ***************
request method: POST
request originalUrl:  /api/indexDevLi
request client ip:  ::ffff:127.0.0.1
request body: 
{"isApp":"2","channelNo":"1000001","maxLen":"1","branch":"1001","channel":"2","shopSn":"B00019","adverPlaceSign":"INDEXADVER","bannerPlaceSign":"BANNERDVER","floorTypePageCount":"4"}
response time: 0
err name: ReferenceError
err message: req is not defined
err stack: ReferenceError: req is not defined
    at Object.<anonymous> (C:\Users\DELL\Desktop\shop-api-webapp\node_modules\koa-history-api-fallback\lib\index.js:84:29)
    at Generator.next (<anonymous>)
    at onFulfilled (C:\Users\DELL\Desktop\shop-api-webapp\node_modules\co\index.js:65:19)
    at <anonymous>
*************** error log end ***************

[2018-08-01T10:53:22.836] [INFO] /middleware/auth - 
*************** info log start ***************
info body: 获取请求参数 ==> {"isApp":"2","channelNo":"1000001","maxLen":"1","branch":"1001","channel":"2","shopSn":"B00019","userId":"1500"}
*************** info log end ***************

[2018-08-01T10:53:22.837] [INFO] /middleware/auth - 
*************** info log start ***************
info body: 接口地址[ http://49.4.5.233:8117/org/business/CR300004.do ]请求数据 ===>{"url":"http://49.4.5.233:8117/org/business/CR300004.do","method":"POST","json":true,"headers":{"Content-Type":"application/x-www-form-urlencoded; charset=UTF-8","merchantNo":"000006","signType":"MD5","developToken":"000006","tokenPassword":"1qaz2wsx"},"form":{"isApp":"2","channelNo":"1000002","maxLen":"1","branch":"1001","channel":"2","shopSn":"B00019","userId":"1500"}}
*************** info log end ***************

[2018-08-01T10:53:22.887] [INFO] /middleware/auth - 
*************** info log start ***************
info body: 接口地址[ http://49.4.5.233:8117/org/business/CR300004.do ]返回数据 ===>{"code":"000000","message":"业务处理成功！","result":{"page":{"totalRowCount":4,"totalPage":1,"pageRowCount":10,"currentPageNu":1,"startPageRowCount":0,"endPageRowCount":10,"datas":[{"id":412,"userId":1500,"name":"阿萨德","phone":"","mobile":"18515079085","districtCode":"001001001001","isHost":"0","sex":"0","address":"北京市西城区西直门桥","houseNumber":null,"postCode":"","areas":"北京市 北京市 东城区","signArea":"地铁2号线","latitude":"39.946027","longitude":"116.362113"},{"id":416,"userId":1500,"name":"18618196312","phone":"","mobile":"18618196312","districtCode":"001001001006","isHost":"1","sex":"1","address":"北京市丰台区菜户营南路辅路","houseNumber":null,"postCode":"","areas":"北京市 北京市 丰台区","signArea":"北京111文化产业园","latitude":"39.85855908136192","longitude":"116.35178199999993"},{"id":410,"userId":1500,"name":"阿萨德","phone":"","mobile":"18515079086","districtCode":"001001001001","isHost":"1","sex":"0","address":"北京市海淀区巴沟路","houseNumber":null,"postCode":"","areas":"北京市 北京市 东城区","signArea":"地铁10号线","latitude":"39.980463","longitude":"116.300511"},{"id":385,"userId":1500,"name":"18618196312","phone":"","mobile":"1862","districtCode":"001001001006","isHost":"1","sex":"0","address":"北京市海淀区西四环中路辅路","houseNumber":null,"postCode":"","areas":"北京市 北京市 丰台区","signArea":"中国人民解放军总医院","latitude":"39.91096","longitude":"116.282965"}]}}}
*************** info log end ***************

[2018-08-01T10:53:22.887] [INFO] /middleware/auth - 
*************** response log start ***************
request method: POST
request originalUrl:  /api/usercenter/queryAddress
request client ip:  ::ffff:127.0.0.1
request body: 
{"isApp":"2","channelNo":"1000001","maxLen":"1","branch":"1001","channel":"2","shopSn":"B00019","userId":"1500"}
response time: 51
response status: 200
response body: 
{"code":"000000","message":"业务处理成功！","result":{"page":{"totalRowCount":4,"totalPage":1,"pageRowCount":10,"currentPageNu":1,"startPageRowCount":0,"endPageRowCount":10,"datas":[{"id":412,"userId":1500,"name":"阿萨德","phone":"","mobile":"18515079085","districtCode":"001001001001","isHost":"0","sex":"0","address":"北京市西城区西直门桥","houseNumber":null,"postCode":"","areas":"北京市 北京市 东城区","signArea":"地铁2号线","latitude":"39.946027","longitude":"116.362113"},{"id":416,"userId":1500,"name":"18618196312","phone":"","mobile":"18618196312","districtCode":"001001001006","isHost":"1","sex":"1","address":"北京市丰台区菜户营南路辅路","houseNumber":null,"postCode":"","areas":"北京市 北京市 丰台区","signArea":"北京111文化产业园","latitude":"39.85855908136192","longitude":"116.35178199999993"},{"id":410,"userId":1500,"name":"阿萨德","phone":"","mobile":"18515079086","districtCode":"001001001001","isHost":"1","sex":"0","address":"北京市海淀区巴沟路","houseNumber":null,"postCode":"","areas":"北京市 北京市 东城区","signArea":"地铁10号线","latitude":"39.980463","longitude":"116.300511"},{"id":385,"userId":1500,"name":"18618196312","phone":"","mobile":"1862","districtCode":"001001001006","isHost":"1","sex":"0","address":"北京市海淀区西四环中路辅路","houseNumber":null,"postCode":"","areas":"北京市 北京市 丰台区","signArea":"中国人民解放军总医院","latitude":"39.91096","longitude":"116.282965"}]}}}
*************** response log end ***************

[2018-08-01T10:56:02.833] [INFO] /middleware/auth - 
*************** info log start ***************
info body: 获取请求参数 ==> {"isApp":"2","channelNo":"1000001","maxLen":"1","branch":"1001","channel":"2","shopSn":"B00019","userId":"1500","currentPageNum":"1","pageCount":"10","nofflx":"4","syzt":"0"}
*************** info log end ***************

[2018-08-01T10:56:02.834] [INFO] /middleware/auth - 
*************** info log start ***************
info body: 接口地址[ http://49.4.5.233:8117/org/business/CY200022.do ]请求数据 ===>{"url":"http://49.4.5.233:8117/org/business/CY200022.do","method":"POST","json":true,"headers":{"Content-Type":"application/x-www-form-urlencoded; charset=UTF-8","merchantNo":"000006","signType":"MD5","developToken":"000006","tokenPassword":"1qaz2wsx"},"form":{"isApp":"2","channelNo":"1000002","maxLen":"1","branch":"1001","channel":"2","shopSn":"B00019","userId":"1500","currentPageNum":"1","pageCount":"10","nofflx":"4","syzt":"0"}}
*************** info log end ***************

[2018-08-01T10:56:02.893] [INFO] /middleware/auth - 
*************** info log start ***************
info body: 接口地址[ http://49.4.5.233:8117/org/business/CY200022.do ]返回数据 ===>{"code":"000000","message":"业务处理成功！","result":{"entity":{"wsyNum":19,"yhyNum":0,"ysxNum":43,"dyje":0,"dyjeShow":0,"allNum":62},"list":{"totalRowCount":19,"totalPage":2,"pageRowCount":10,"currentPageNu":1,"startPageRowCount":0,"endPageRowCount":10,"datas":[{"yhqid":9,"yhqmc":"价值10000元的的英捷健身会员储值卡","ffpt":null,"sypt":"000","area":"0","xfmdlx":"0","tzsp":"0","yhqlx":"7","yhqFunc":"0","zht":"1","sxsj":1524931200000,"gqsj":1534607999000,"startTimeAll":null,"endTimeAll":null,"xlzs":1,"jxzxzf":"0","yhqtp":"group1/M00/00/B4/wKieqlqwwoSAc2-tAAAGdTS94jc709.png","mdfwjh":null,"dyje":1000000,"xddje":0,"slxz":0,"tjsj":1521533574740,"gly":1,"lqsl":0,"xxsl":0,"dxsl":341,"ylsl":0,"jygly":null,"jyglymc":null,"jysj":null,"typeid":1,"glymc":"1","areaName":"全国","mdDiscribe":null,"proDiscribe":null,"costType":"1","isSingle":"1","ysqIds":null,"ysqNums":null,"brandImg":null,"brandDesc":null,"name":null,"yhm":"YJhMumcD_7","syzt":"0","shopList":null,"yhqCostlist":[],"yhqYsplist":null,"sflq":"0","ylqsl":null,"yhqms":"价值10000元的的英捷健身会员储值卡","yxqlx":"1","yxqts":111,"useTimeLimit":"0","yearLimit":null,"dayLimit":null,"timeLimit":null,"isLq":"0","sjdyje":null,"userId":1500,"sysj":null,"numFd":null,"specialAmount":0,"couponValue":0,"tgProductId":null,"branch":null,"channel":null,"branchName":null,"tjProId":null,"tjProNum":0,"discountRate":null,"num":341},{"yhqid":82,"yhqmc":"D5免运费","ffpt":null,"sypt":"000","area":"0","xfmdlx":"0","tzsp":"0","yhqlx":"2","yhqFunc":null,"zht":"1","sxsj":1532361600000,"gqsj":1533311999000,"startTimeAll":null,"endTimeAll":null,"xlzs":1,"jxzxzf":"0","yhqtp":"group1/M00/00/C1/wKieqlrJ3pyADE_MAAAPzB1_4Kg232.png","mdfwjh":null,"dyje":0,"xddje":0,"slxz":0,"tjsj":1523179207360,"gly":1,"lqsl":0,"xxsl":0,"dxsl":111,"ylsl":0,"jygly":null,"jyglymc":null,"jysj":null,"typeid":1,"glymc":"1","areaName":"全国","mdDiscribe":null,"proDiscribe":null,"costType":"1","isSingle":"1","ysqIds":null,"ysqNums":null,"brandImg":"group1/M00/00/C1/wKieqlrJ3rSAAZvvAABoURZx_TE009.png","brandDesc":"group1/M00/00/C1/wKieqlrJ3sWAW_aYAABmk2gkTcQ524.png","name":null,"yhm":"3FPem1E2_2","syzt":"0","shopList":null,"yhqCostlist":[],"yhqYsplist":null,"sflq":"0","ylqsl":null,"yhqms":"D5免运费","yxqlx":"1","yxqts":10,"useTimeLimit":"0","yearLimit":null,"dayLimit":null,"timeLimit":null,"isLq":"0","sjdyje":null,"userId":1500,"sysj":null,"numFd":null,"specialAmount":0,"couponValue":0,"tgProductId":null,"branch":null,"channel":null,"branchName":null,"tjProId":null,"tjProNum":0,"discountRate":null,"num":111},{"yhqid":82,"yhqmc":"D5免运费","ffpt":null,"sypt":"000","area":"0","xfmdlx":"0","tzsp":"0","yhqlx":"2","yhqFunc":null,"zht":"1","sxsj":1532361600000,"gqsj":1533311999000,"startTimeAll":null,"endTimeAll":null,"xlzs":1,"jxzxzf":"0","yhqtp":"group1/M00/00/C1/wKieqlrJ3pyADE_MAAAPzB1_4Kg232.png","mdfwjh":null,"dyje":0,"xddje":0,"slxz":0,"tjsj":1523179207360,"gly":1,"lqsl":0,"xxsl":0,"dxsl":111,"ylsl":0,"jygly":null,"jyglymc":null,"jysj":null,"typeid":1,"glymc":"1","areaName":"全国","mdDiscribe":null,"proDiscribe":null,"costType":"1","isSingle":"1","ysqIds":null,"ysqNums":null,"brandImg":"group1/M00/00/C1/wKieqlrJ3rSAAZvvAABoURZx_TE009.png","brandDesc":"group1/M00/00/C1/wKieqlrJ3sWAW_aYAABmk2gkTcQ524.png","name":null,"yhm":"6jcIUks2_2","syzt":"0","shopList":null,"yhqCostlist":[],"yhqYsplist":null,"sflq":"0","ylqsl":null,"yhqms":"D5免运费","yxqlx":"1","yxqts":10,"useTimeLimit":"0","yearLimit":null,"dayLimit":null,"timeLimit":null,"isLq":"0","sjdyje":null,"userId":1500,"sysj":null,"numFd":null,"specialAmount":0,"couponValue":0,"tgProductId":null,"branch":null,"channel":null,"branchName":null,"tjProId":null,"tjProNum":0,"discountRate":null,"num":111},{"yhqid":40,"yhqmc":"298元铁板自助券","ffpt":null,"sypt":"000","area":"0","xfmdlx":"0","tzsp":"0","yhqlx":"6","yhqFunc":null,"zht":"1","sxsj":1524758400000,"gqsj":1556380799000,"startTimeAll":null,"endTimeAll":null,"xlzs":1,"jxzxzf":"0","yhqtp":"group1/M00/00/BD/wKieqlq8iI-AGruXAAC1117eVEY974.JPG","mdfwjh":null,"dyje":0,"xddje":0,"slxz":0,"tjsj":1522305176920,"gly":1,"lqsl":0,"xxsl":0,"dxsl":134,"ylsl":0,"jygly":null,"jyglymc":null,"jysj":null,"typeid":6,"glymc":"1","areaName":"全国","mdDiscribe":null,"proDiscribe":null,"costType":"1","isSingle":"1","ysqIds":null,"ysqNums":null,"brandImg":null,"brandDesc":null,"name":null,"yhm":"CRzlArmo_6","syzt":"0","shopList":null,"yhqCostlist":[],"yhqYsplist":null,"sflq":"0","ylqsl":null,"yhqms":"此券适用于堂食，不适用于外送服务；此券不与店内其他优惠同时使用；","yxqlx":"1","yxqts":365,"useTimeLimit":"0","yearLimit":null,"dayLimit":null,"timeLimit":null,"isLq":"0","sjdyje":null,"userId":1500,"sysj":null,"numFd":null,"specialAmount":0,"couponValue":29800,"tgProductId":null,"branch":null,"channel":null,"branchName":null,"tjProId":null,"tjProNum":0,"discountRate":null,"num":134},{"yhqid":40,"yhqmc":"298元铁板自助券","ffpt":null,"sypt":"000","area":"0","xfmdlx":"0","tzsp":"0","yhqlx":"6","yhqFunc":null,"zht":"1","sxsj":1524758400000,"gqsj":1556380799000,"startTimeAll":null,"endTimeAll":null,"xlzs":1,"jxzxzf":"0","yhqtp":"group1/M00/00/BD/wKieqlq8iI-AGruXAAC1117eVEY974.JPG","mdfwjh":null,"dyje":0,"xddje":0,"slxz":0,"tjsj":1522305176920,"gly":1,"lqsl":0,"xxsl":0,"dxsl":134,"ylsl":0,"jygly":null,"jyglymc":null,"jysj":null,"typeid":6,"glymc":"1","areaName":"全国","mdDiscribe":null,"proDiscribe":null,"costType":"1","isSingle":"1","ysqIds":null,"ysqNums":null,"brandImg":null,"brandDesc":null,"name":null,"yhm":"Fv82uaaF_6","syzt":"0","shopList":null,"yhqCostlist":[],"yhqYsplist":null,"sflq":"0","ylqsl":null,"yhqms":"此券适用于堂食，不适用于外送服务；此券不与店内其他优惠同时使用；","yxqlx":"1","yxqts":365,"useTimeLimit":"0","yearLimit":null,"dayLimit":null,"timeLimit":null,"isLq":"0","sjdyje":null,"userId":1500,"sysj":null,"numFd":null,"specialAmount":0,"couponValue":29800,"tgProductId":null,"branch":null,"channel":null,"branchName":null,"tjProId":null,"tjProNum":0,"discountRate":null,"num":134},{"yhqid":40,"yhqmc":"298元铁板自助券","ffpt":null,"sypt":"000","area":"0","xfmdlx":"0","tzsp":"0","yhqlx":"6","yhqFunc":null,"zht":"1","sxsj":1524758400000,"gqsj":1556380799000,"startTimeAll":null,"endTimeAll":null,"xlzs":1,"jxzxzf":"0","yhqtp":"group1/M00/00/BD/wKieqlq8iI-AGruXAAC1117eVEY974.JPG","mdfwjh":null,"dyje":0,"xddje":0,"slxz":0,"tjsj":1522305176920,"gly":1,"lqsl":0,"xxsl":0,"dxsl":134,"ylsl":0,"jygly":null,"jyglymc":null,"jysj":null,"typeid":6,"glymc":"1","areaName":"全国","mdDiscribe":null,"proDiscribe":null,"costType":"1","isSingle":"1","ysqIds":null,"ysqNums":null,"brandImg":null,"brandDesc":null,"name":null,"yhm":"nKxHdWkt_6","syzt":"0","shopList":null,"yhqCostlist":[],"yhqYsplist":null,"sflq":"0","ylqsl":null,"yhqms":"此券适用于堂食，不适用于外送服务；此券不与店内其他优惠同时使用；","yxqlx":"1","yxqts":365,"useTimeLimit":"0","yearLimit":null,"dayLimit":null,"timeLimit":null,"isLq":"0","sjdyje":null,"userId":1500,"sysj":null,"numFd":null,"specialAmount":0,"couponValue":29800,"tgProductId":null,"branch":null,"channel":null,"branchName":null,"tjProId":null,"tjProNum":0,"discountRate":null,"num":134},{"yhqid":40,"yhqmc":"298元铁板自助券","ffpt":null,"sypt":"000","area":"0","xfmdlx":"0","tzsp":"0","yhqlx":"6","yhqFunc":null,"zht":"1","sxsj":1524758400000,"gqsj":1556380799000,"startTimeAll":null,"endTimeAll":null,"xlzs":1,"jxzxzf":"0","yhqtp":"group1/M00/00/BD/wKieqlq8iI-AGruXAAC1117eVEY974.JPG","mdfwjh":null,"dyje":0,"xddje":0,"slxz":0,"tjsj":1522305176920,"gly":1,"lqsl":0,"xxsl":0,"dxsl":134,"ylsl":0,"jygly":null,"jyglymc":null,"jysj":null,"typeid":6,"glymc":"1","areaName":"全国","mdDiscribe":null,"proDiscribe":null,"costType":"1","isSingle":"1","ysqIds":null,"ysqNums":null,"brandImg":null,"brandDesc":null,"name":null,"yhm":"TMxCF2GM_6","syzt":"0","shopList":null,"yhqCostlist":[],"yhqYsplist":null,"sflq":"0","ylqsl":null,"yhqms":"此券适用于堂食，不适用于外送服务；此券不与店内其他优惠同时使用；","yxqlx":"1","yxqts":365,"useTimeLimit":"0","yearLimit":null,"dayLimit":null,"timeLimit":null,"isLq":"0","sjdyje":null,"userId":1500,"sysj":null,"numFd":null,"specialAmount":0,"couponValue":29800,"tgProductId":null,"branch":null,"channel":null,"branchName":null,"tjProId":null,"tjProNum":0,"discountRate":null,"num":134},{"yhqid":40,"yhqmc":"298元铁板自助券","ffpt":null,"sypt":"000","area":"0","xfmdlx":"0","tzsp":"0","yhqlx":"6","yhqFunc":null,"zht":"1","sxsj":1524758400000,"gqsj":1556380799000,"startTimeAll":null,"endTimeAll":null,"xlzs":1,"jxzxzf":"0","yhqtp":"group1/M00/00/BD/wKieqlq8iI-AGruXAAC1117eVEY974.JPG","mdfwjh":null,"dyje":0,"xddje":0,"slxz":0,"tjsj":1522305176920,"gly":1,"lqsl":0,"xxsl":0,"dxsl":134,"ylsl":0,"jygly":null,"jyglymc":null,"jysj":null,"typeid":6,"glymc":"1","areaName":"全国","mdDiscribe":null,"proDiscribe":null,"costType":"1","isSingle":"1","ysqIds":null,"ysqNums":null,"brandImg":null,"brandDesc":null,"name":null,"yhm":"z2Nn4Jaw_6","syzt":"0","shopList":null,"yhqCostlist":[],"yhqYsplist":null,"sflq":"0","ylqsl":null,"yhqms":"此券适用于堂食，不适用于外送服务；此券不与店内其他优惠同时使用；","yxqlx":"1","yxqts":365,"useTimeLimit":"0","yearLimit":null,"dayLimit":null,"timeLimit":null,"isLq":"0","sjdyje":null,"userId":1500,"sysj":null,"numFd":null,"specialAmount":0,"couponValue":29800,"tgProductId":null,"branch":null,"channel":null,"branchName":null,"tjProId":null,"tjProNum":0,"discountRate":null,"num":134},{"yhqid":40,"yhqmc":"298元铁板自助券","ffpt":null,"sypt":"000","area":"0","xfmdlx":"0","tzsp":"0","yhqlx":"6","yhqFunc":null,"zht":"1","sxsj":1524758400000,"gqsj":1556380799000,"startTimeAll":null,"endTimeAll":null,"xlzs":1,"jxzxzf":"0","yhqtp":"group1/M00/00/BD/wKieqlq8iI-AGruXAAC1117eVEY974.JPG","mdfwjh":null,"dyje":0,"xddje":0,"slxz":0,"tjsj":1522305176920,"gly":1,"lqsl":0,"xxsl":0,"dxsl":134,"ylsl":0,"jygly":null,"jyglymc":null,"jysj":null,"typeid":6,"glymc":"1","areaName":"全国","mdDiscribe":null,"proDiscribe":null,"costType":"1","isSingle":"1","ysqIds":null,"ysqNums":null,"brandImg":null,"brandDesc":null,"name":null,"yhm":"MXfO9JaE_6","syzt":"0","shopList":null,"yhqCostlist":[],"yhqYsplist":null,"sflq":"0","ylqsl":null,"yhqms":"此券适用于堂食，不适用于外送服务；此券不与店内其他优惠同时使用；","yxqlx":"1","yxqts":365,"useTimeLimit":"0","yearLimit":null,"dayLimit":null,"timeLimit":null,"isLq":"0","sjdyje":null,"userId":1500,"sysj":null,"numFd":null,"specialAmount":0,"couponValue":29800,"tgProductId":null,"branch":null,"channel":null,"branchName":null,"tjProId":null,"tjProNum":0,"discountRate":null,"num":134},{"yhqid":40,"yhqmc":"298元铁板自助券","ffpt":null,"sypt":"000","area":"0","xfmdlx":"0","tzsp":"0","yhqlx":"6","yhqFunc":null,"zht":"1","sxsj":1524758400000,"gqsj":1556380799000,"startTimeAll":null,"endTimeAll":null,"xlzs":1,"jxzxzf":"0","yhqtp":"group1/M00/00/BD/wKieqlq8iI-AGruXAAC1117eVEY974.JPG","mdfwjh":null,"dyje":0,"xddje":0,"slxz":0,"tjsj":1522305176920,"gly":1,"lqsl":0,"xxsl":0,"dxsl":134,"ylsl":0,"jygly":null,"jyglymc":null,"jysj":null,"typeid":6,"glymc":"1","areaName":"全国","mdDiscribe":null,"proDiscribe":null,"costType":"1","isSingle":"1","ysqIds":null,"ysqNums":null,"brandImg":null,"brandDesc":null,"name":null,"yhm":"54jl0bOv_6","syzt":"0","shopList":null,"yhqCostlist":[],"yhqYsplist":null,"sflq":"0","ylqsl":null,"yhqms":"此券适用于堂食，不适用于外送服务；此券不与店内其他优惠同时使用；","yxqlx":"1","yxqts":365,"useTimeLimit":"0","yearLimit":null,"dayLimit":null,"timeLimit":null,"isLq":"0","sjdyje":null,"userId":1500,"sysj":null,"numFd":null,"specialAmount":0,"couponValue":29800,"tgProductId":null,"branch":null,"channel":null,"branchName":null,"tjProId":null,"tjProNum":0,"discountRate":null,"num":134}]}}}
*************** info log end ***************

[2018-08-01T10:56:02.898] [INFO] /middleware/auth - 
*************** response log start ***************
request method: POST
request originalUrl:  /api/usercenter/queryCoupon
request client ip:  ::ffff:127.0.0.1
request body: 
{"isApp":"2","channelNo":"1000001","maxLen":"1","branch":"1001","channel":"2","shopSn":"B00019","userId":"1500","currentPageNum":"1","pageCount":"10","nofflx":"4","syzt":"0"}
response time: 65
response status: 200
response body: 
{"code":"000000","message":"业务处理成功！","result":{"entity":{"wsyNum":19,"yhyNum":0,"ysxNum":43,"dyje":0,"dyjeShow":0,"allNum":62},"list":{"totalRowCount":19,"totalPage":2,"pageRowCount":10,"currentPageNu":1,"startPageRowCount":0,"endPageRowCount":10,"datas":[{"yhqid":9,"yhqmc":"价值10000元的的英捷健身会员储值卡","ffpt":null,"sypt":"000","area":"0","xfmdlx":"0","tzsp":"0","yhqlx":"7","yhqFunc":"0","zht":"1","sxsj":1524931200000,"gqsj":1534607999000,"startTimeAll":null,"endTimeAll":null,"xlzs":1,"jxzxzf":"0","yhqtp":"group1/M00/00/B4/wKieqlqwwoSAc2-tAAAGdTS94jc709.png","mdfwjh":null,"dyje":1000000,"xddje":0,"slxz":0,"tjsj":1521533574740,"gly":1,"lqsl":0,"xxsl":0,"dxsl":341,"ylsl":0,"jygly":null,"jyglymc":null,"jysj":null,"typeid":1,"glymc":"1","areaName":"全国","mdDiscribe":null,"proDiscribe":null,"costType":"1","isSingle":"1","ysqIds":null,"ysqNums":null,"brandImg":null,"brandDesc":null,"name":null,"yhm":"YJhMumcD_7","syzt":"0","shopList":null,"yhqCostlist":[],"yhqYsplist":null,"sflq":"0","ylqsl":null,"yhqms":"价值10000元的的英捷健身会员储值卡","yxqlx":"1","yxqts":111,"useTimeLimit":"0","yearLimit":null,"dayLimit":null,"timeLimit":null,"isLq":"0","sjdyje":null,"userId":1500,"sysj":null,"numFd":null,"specialAmount":0,"couponValue":0,"tgProductId":null,"branch":null,"channel":null,"branchName":null,"tjProId":null,"tjProNum":0,"discountRate":null,"num":341},{"yhqid":82,"yhqmc":"D5免运费","ffpt":null,"sypt":"000","area":"0","xfmdlx":"0","tzsp":"0","yhqlx":"2","yhqFunc":null,"zht":"1","sxsj":1532361600000,"gqsj":1533311999000,"startTimeAll":null,"endTimeAll":null,"xlzs":1,"jxzxzf":"0","yhqtp":"group1/M00/00/C1/wKieqlrJ3pyADE_MAAAPzB1_4Kg232.png","mdfwjh":null,"dyje":0,"xddje":0,"slxz":0,"tjsj":1523179207360,"gly":1,"lqsl":0,"xxsl":0,"dxsl":111,"ylsl":0,"jygly":null,"jyglymc":null,"jysj":null,"typeid":1,"glymc":"1","areaName":"全国","mdDiscribe":null,"proDiscribe":null,"costType":"1","isSingle":"1","ysqIds":null,"ysqNums":null,"brandImg":"group1/M00/00/C1/wKieqlrJ3rSAAZvvAABoURZx_TE009.png","brandDesc":"group1/M00/00/C1/wKieqlrJ3sWAW_aYAABmk2gkTcQ524.png","name":null,"yhm":"3FPem1E2_2","syzt":"0","shopList":null,"yhqCostlist":[],"yhqYsplist":null,"sflq":"0","ylqsl":null,"yhqms":"D5免运费","yxqlx":"1","yxqts":10,"useTimeLimit":"0","yearLimit":null,"dayLimit":null,"timeLimit":null,"isLq":"0","sjdyje":null,"userId":1500,"sysj":null,"numFd":null,"specialAmount":0,"couponValue":0,"tgProductId":null,"branch":null,"channel":null,"branchName":null,"tjProId":null,"tjProNum":0,"discountRate":null,"num":111},{"yhqid":82,"yhqmc":"D5免运费","ffpt":null,"sypt":"000","area":"0","xfmdlx":"0","tzsp":"0","yhqlx":"2","yhqFunc":null,"zht":"1","sxsj":1532361600000,"gqsj":1533311999000,"startTimeAll":null,"endTimeAll":null,"xlzs":1,"jxzxzf":"0","yhqtp":"group1/M00/00/C1/wKieqlrJ3pyADE_MAAAPzB1_4Kg232.png","mdfwjh":null,"dyje":0,"xddje":0,"slxz":0,"tjsj":1523179207360,"gly":1,"lqsl":0,"xxsl":0,"dxsl":111,"ylsl":0,"jygly":null,"jyglymc":null,"jysj":null,"typeid":1,"glymc":"1","areaName":"全国","mdDiscribe":null,"proDiscribe":null,"costType":"1","isSingle":"1","ysqIds":null,"ysqNums":null,"brandImg":"group1/M00/00/C1/wKieqlrJ3rSAAZvvAABoURZx_TE009.png","brandDesc":"group1/M00/00/C1/wKieqlrJ3sWAW_aYAABmk2gkTcQ524.png","name":null,"yhm":"6jcIUks2_2","syzt":"0","shopList":null,"yhqCostlist":[],"yhqYsplist":null,"sflq":"0","ylqsl":null,"yhqms":"D5免运费","yxqlx":"1","yxqts":10,"useTimeLimit":"0","yearLimit":null,"dayLimit":null,"timeLimit":null,"isLq":"0","sjdyje":null,"userId":1500,"sysj":null,"numFd":null,"specialAmount":0,"couponValue":0,"tgProductId":null,"branch":null,"channel":null,"branchName":null,"tjProId":null,"tjProNum":0,"discountRate":null,"num":111},{"yhqid":40,"yhqmc":"298元铁板自助券","ffpt":null,"sypt":"000","area":"0","xfmdlx":"0","tzsp":"0","yhqlx":"6","yhqFunc":null,"zht":"1","sxsj":1524758400000,"gqsj":1556380799000,"startTimeAll":null,"endTimeAll":null,"xlzs":1,"jxzxzf":"0","yhqtp":"group1/M00/00/BD/wKieqlq8iI-AGruXAAC1117eVEY974.JPG","mdfwjh":null,"dyje":0,"xddje":0,"slxz":0,"tjsj":1522305176920,"gly":1,"lqsl":0,"xxsl":0,"dxsl":134,"ylsl":0,"jygly":null,"jyglymc":null,"jysj":null,"typeid":6,"glymc":"1","areaName":"全国","mdDiscribe":null,"proDiscribe":null,"costType":"1","isSingle":"1","ysqIds":null,"ysqNums":null,"brandImg":null,"brandDesc":null,"name":null,"yhm":"CRzlArmo_6","syzt":"0","shopList":null,"yhqCostlist":[],"yhqYsplist":null,"sflq":"0","ylqsl":null,"yhqms":"此券适用于堂食，不适用于外送服务；此券不与店内其他优惠同时使用；","yxqlx":"1","yxqts":365,"useTimeLimit":"0","yearLimit":null,"dayLimit":null,"timeLimit":null,"isLq":"0","sjdyje":null,"userId":1500,"sysj":null,"numFd":null,"specialAmount":0,"couponValue":29800,"tgProductId":null,"branch":null,"channel":null,"branchName":null,"tjProId":null,"tjProNum":0,"discountRate":null,"num":134},{"yhqid":40,"yhqmc":"298元铁板自助券","ffpt":null,"sypt":"000","area":"0","xfmdlx":"0","tzsp":"0","yhqlx":"6","yhqFunc":null,"zht":"1","sxsj":1524758400000,"gqsj":1556380799000,"startTimeAll":null,"endTimeAll":null,"xlzs":1,"jxzxzf":"0","yhqtp":"group1/M00/00/BD/wKieqlq8iI-AGruXAAC1117eVEY974.JPG","mdfwjh":null,"dyje":0,"xddje":0,"slxz":0,"tjsj":1522305176920,"gly":1,"lqsl":0,"xxsl":0,"dxsl":134,"ylsl":0,"jygly":null,"jyglymc":null,"jysj":null,"typeid":6,"glymc":"1","areaName":"全国","mdDiscribe":null,"proDiscribe":null,"costType":"1","isSingle":"1","ysqIds":null,"ysqNums":null,"brandImg":null,"brandDesc":null,"name":null,"yhm":"Fv82uaaF_6","syzt":"0","shopList":null,"yhqCostlist":[],"yhqYsplist":null,"sflq":"0","ylqsl":null,"yhqms":"此券适用于堂食，不适用于外送服务；此券不与店内其他优惠同时使用；","yxqlx":"1","yxqts":365,"useTimeLimit":"0","yearLimit":null,"dayLimit":null,"timeLimit":null,"isLq":"0","sjdyje":null,"userId":1500,"sysj":null,"numFd":null,"specialAmount":0,"couponValue":29800,"tgProductId":null,"branch":null,"channel":null,"branchName":null,"tjProId":null,"tjProNum":0,"discountRate":null,"num":134},{"yhqid":40,"yhqmc":"298元铁板自助券","ffpt":null,"sypt":"000","area":"0","xfmdlx":"0","tzsp":"0","yhqlx":"6","yhqFunc":null,"zht":"1","sxsj":1524758400000,"gqsj":1556380799000,"startTimeAll":null,"endTimeAll":null,"xlzs":1,"jxzxzf":"0","yhqtp":"group1/M00/00/BD/wKieqlq8iI-AGruXAAC1117eVEY974.JPG","mdfwjh":null,"dyje":0,"xddje":0,"slxz":0,"tjsj":1522305176920,"gly":1,"lqsl":0,"xxsl":0,"dxsl":134,"ylsl":0,"jygly":null,"jyglymc":null,"jysj":null,"typeid":6,"glymc":"1","areaName":"全国","mdDiscribe":null,"proDiscribe":null,"costType":"1","isSingle":"1","ysqIds":null,"ysqNums":null,"brandImg":null,"brandDesc":null,"name":null,"yhm":"nKxHdWkt_6","syzt":"0","shopList":null,"yhqCostlist":[],"yhqYsplist":null,"sflq":"0","ylqsl":null,"yhqms":"此券适用于堂食，不适用于外送服务；此券不与店内其他优惠同时使用；","yxqlx":"1","yxqts":365,"useTimeLimit":"0","yearLimit":null,"dayLimit":null,"timeLimit":null,"isLq":"0","sjdyje":null,"userId":1500,"sysj":null,"numFd":null,"specialAmount":0,"couponValue":29800,"tgProductId":null,"branch":null,"channel":null,"branchName":null,"tjProId":null,"tjProNum":0,"discountRate":null,"num":134},{"yhqid":40,"yhqmc":"298元铁板自助券","ffpt":null,"sypt":"000","area":"0","xfmdlx":"0","tzsp":"0","yhqlx":"6","yhqFunc":null,"zht":"1","sxsj":1524758400000,"gqsj":1556380799000,"startTimeAll":null,"endTimeAll":null,"xlzs":1,"jxzxzf":"0","yhqtp":"group1/M00/00/BD/wKieqlq8iI-AGruXAAC1117eVEY974.JPG","mdfwjh":null,"dyje":0,"xddje":0,"slxz":0,"tjsj":1522305176920,"gly":1,"lqsl":0,"xxsl":0,"dxsl":134,"ylsl":0,"jygly":null,"jyglymc":null,"jysj":null,"typeid":6,"glymc":"1","areaName":"全国","mdDiscribe":null,"proDiscribe":null,"costType":"1","isSingle":"1","ysqIds":null,"ysqNums":null,"brandImg":null,"brandDesc":null,"name":null,"yhm":"TMxCF2GM_6","syzt":"0","shopList":null,"yhqCostlist":[],"yhqYsplist":null,"sflq":"0","ylqsl":null,"yhqms":"此券适用于堂食，不适用于外送服务；此券不与店内其他优惠同时使用；","yxqlx":"1","yxqts":365,"useTimeLimit":"0","yearLimit":null,"dayLimit":null,"timeLimit":null,"isLq":"0","sjdyje":null,"userId":1500,"sysj":null,"numFd":null,"specialAmount":0,"couponValue":29800,"tgProductId":null,"branch":null,"channel":null,"branchName":null,"tjProId":null,"tjProNum":0,"discountRate":null,"num":134},{"yhqid":40,"yhqmc":"298元铁板自助券","ffpt":null,"sypt":"000","area":"0","xfmdlx":"0","tzsp":"0","yhqlx":"6","yhqFunc":null,"zht":"1","sxsj":1524758400000,"gqsj":1556380799000,"startTimeAll":null,"endTimeAll":null,"xlzs":1,"jxzxzf":"0","yhqtp":"group1/M00/00/BD/wKieqlq8iI-AGruXAAC1117eVEY974.JPG","mdfwjh":null,"dyje":0,"xddje":0,"slxz":0,"tjsj":1522305176920,"gly":1,"lqsl":0,"xxsl":0,"dxsl":134,"ylsl":0,"jygly":null,"jyglymc":null,"jysj":null,"typeid":6,"glymc":"1","areaName":"全国","mdDiscribe":null,"proDiscribe":null,"costType":"1","isSingle":"1","ysqIds":null,"ysqNums":null,"brandImg":null,"brandDesc":null,"name":null,"yhm":"z2Nn4Jaw_6","syzt":"0","shopList":null,"yhqCostlist":[],"yhqYsplist":null,"sflq":"0","ylqsl":null,"yhqms":"此券适用于堂食，不适用于外送服务；此券不与店内其他优惠同时使用；","yxqlx":"1","yxqts":365,"useTimeLimit":"0","yearLimit":null,"dayLimit":null,"timeLimit":null,"isLq":"0","sjdyje":null,"userId":1500,"sysj":null,"numFd":null,"specialAmount":0,"couponValue":29800,"tgProductId":null,"branch":null,"channel":null,"branchName":null,"tjProId":null,"tjProNum":0,"discountRate":null,"num":134},{"yhqid":40,"yhqmc":"298元铁板自助券","ffpt":null,"sypt":"000","area":"0","xfmdlx":"0","tzsp":"0","yhqlx":"6","yhqFunc":null,"zht":"1","sxsj":1524758400000,"gqsj":1556380799000,"startTimeAll":null,"endTimeAll":null,"xlzs":1,"jxzxzf":"0","yhqtp":"group1/M00/00/BD/wKieqlq8iI-AGruXAAC1117eVEY974.JPG","mdfwjh":null,"dyje":0,"xddje":0,"slxz":0,"tjsj":1522305176920,"gly":1,"lqsl":0,"xxsl":0,"dxsl":134,"ylsl":0,"jygly":null,"jyglymc":null,"jysj":null,"typeid":6,"glymc":"1","areaName":"全国","mdDiscribe":null,"proDiscribe":null,"costType":"1","isSingle":"1","ysqIds":null,"ysqNums":null,"brandImg":null,"brandDesc":null,"name":null,"yhm":"MXfO9JaE_6","syzt":"0","shopList":null,"yhqCostlist":[],"yhqYsplist":null,"sflq":"0","ylqsl":null,"yhqms":"此券适用于堂食，不适用于外送服务；此券不与店内其他优惠同时使用；","yxqlx":"1","yxqts":365,"useTimeLimit":"0","yearLimit":null,"dayLimit":null,"timeLimit":null,"isLq":"0","sjdyje":null,"userId":1500,"sysj":null,"numFd":null,"specialAmount":0,"couponValue":29800,"tgProductId":null,"branch":null,"channel":null,"branchName":null,"tjProId":null,"tjProNum":0,"discountRate":null,"num":134},{"yhqid":40,"yhqmc":"298元铁板自助券","ffpt":null,"sypt":"000","area":"0","xfmdlx":"0","tzsp":"0","yhqlx":"6","yhqFunc":null,"zht":"1","sxsj":1524758400000,"gqsj":1556380799000,"startTimeAll":null,"endTimeAll":null,"xlzs":1,"jxzxzf":"0","yhqtp":"group1/M00/00/BD/wKieqlq8iI-AGruXAAC1117eVEY974.JPG","mdfwjh":null,"dyje":0,"xddje":0,"slxz":0,"tjsj":1522305176920,"gly":1,"lqsl":0,"xxsl":0,"dxsl":134,"ylsl":0,"jygly":null,"jyglymc":null,"jysj":null,"typeid":6,"glymc":"1","areaName":"全国","mdDiscribe":null,"proDiscribe":null,"costType":"1","isSingle":"1","ysqIds":null,"ysqNums":null,"brandImg":null,"brandDesc":null,"name":null,"yhm":"54jl0bOv_6","syzt":"0","shopList":null,"yhqCostlist":[],"yhqYsplist":null,"sflq":"0","ylqsl":null,"yhqms":"此券适用于堂食，不适用于外送服务；此券不与店内其他优惠同时使用；","yxqlx":"1","yxqts":365,"useTimeLimit":"0","yearLimit":null,"dayLimit":null,"timeLimit":null,"isLq":"0","sjdyje":null,"userId":1500,"sysj":null,"numFd":null,"specialAmount":0,"couponValue":29800,"tgProductId":null,"branch":null,"channel":null,"branchName":null,"tjProId":null,"tjProNum":0,"discountRate":null,"num":134}]}}}
*************** response log end ***************

