[2018-08-02T09:03:53.295] [INFO] /middleware/auth - 
*************** info log start ***************
info body: 获取请求参数 ==> {"isApp":"2","channelNo":"1000001","maxLen":"1","branch":"1001","channel":"2","shopSn":"B00019","userId":"1500"}
*************** info log end ***************

[2018-08-02T09:03:53.296] [INFO] /middleware/auth - 
*************** info log start ***************
info body: 接口地址[ http://49.4.5.233:8117/org/business/CR100001.do ]请求数据 ===>{"url":"http://49.4.5.233:8117/org/business/CR100001.do","method":"POST","json":true,"headers":{"Content-Type":"application/x-www-form-urlencoded; charset=UTF-8","merchantNo":"000006","signType":"MD5","developToken":"000006","tokenPassword":"1qaz2wsx"},"form":{"isApp":"2","channelNo":"1000002","maxLen":"1","branch":"1001","channel":"2","shopSn":"B00019","userId":"1500"}}
*************** info log end ***************

[2018-08-02T09:03:54.197] [INFO] /middleware/auth - 
*************** info log start ***************
info body: 接口地址[ http://49.4.5.233:8117/org/business/CR100001.do ]返回数据 ===>{"code":"000000","message":"业务处理成功！","result":{"consumeCredits":1850,"page":{"totalRowCount":16,"totalPage":1,"pageRowCount":20,"currentPageNu":1,"startPageRowCount":0,"endPageRowCount":20,"datas":[{"jfjlbid":7605,"yhid":1500,"ddh":"201807230000056","jflx":"6","czlx":null,"zjjf":11,"jsjf":null,"syjf":1850,"bz":null,"gxsj":1532940824427,"czrid":null,"gznr":"取消/退货返还积分","updateDate":"2018-07-30","updateTime":"16:53:44","channel":"1"},{"jfjlbid":7604,"yhid":1500,"ddh":"201807230000058","jflx":"6","czlx":null,"zjjf":11,"jsjf":null,"syjf":1839,"bz":null,"gxsj":1532940821323,"czrid":null,"gznr":"取消/退货返还积分","updateDate":"2018-07-30","updateTime":"16:53:41","channel":"1"},{"jfjlbid":7603,"yhid":1500,"ddh":"201807230000060","jflx":"6","czlx":null,"zjjf":100,"jsjf":null,"syjf":1828,"bz":null,"gxsj":1532940815333,"czrid":null,"gznr":"取消/退货返还积分","updateDate":"2018-07-30","updateTime":"16:53:35","channel":"1"},{"jfjlbid":7602,"yhid":1500,"ddh":"201807230000060","jflx":"6","czlx":null,"zjjf":100,"jsjf":null,"syjf":1728,"bz":null,"gxsj":1532940813905,"czrid":null,"gznr":"取消/退货返还积分","updateDate":"2018-07-30","updateTime":"16:53:33","channel":"1"},{"jfjlbid":7601,"yhid":1500,"ddh":"201807230000062","jflx":"6","czlx":null,"zjjf":1,"jsjf":null,"syjf":1628,"bz":null,"gxsj":1532940810970,"czrid":null,"gznr":"取消/退货返还积分","updateDate":"2018-07-30","updateTime":"16:53:30","channel":"1"},{"jfjlbid":7600,"yhid":1500,"ddh":"201807230000064","jflx":"6","czlx":null,"zjjf":1,"jsjf":null,"syjf":1627,"bz":null,"gxsj":1532940807766,"czrid":null,"gznr":"取消/退货返还积分","updateDate":"2018-07-30","updateTime":"16:53:27","channel":"1"},{"jfjlbid":7549,"yhid":1500,"ddh":"201807300000032","jflx":"4","czlx":null,"zjjf":-180,"jsjf":null,"syjf":1626,"bz":null,"gxsj":1532929882944,"czrid":null,"gznr":"订单消耗积分","updateDate":"2018-07-30","updateTime":"13:51:22","channel":"1"},{"jfjlbid":7463,"yhid":1500,"ddh":"201806220000099","jflx":"12","czlx":null,"zjjf":2,"jsjf":null,"syjf":1806,"bz":null,"gxsj":1532590929619,"czrid":null,"gznr":"商品评价送积分","updateDate":"2018-07-26","updateTime":"15:42:09","channel":"1"},{"jfjlbid":7411,"yhid":1500,"ddh":"201807230000064","jflx":"4","czlx":null,"zjjf":-1,"jsjf":null,"syjf":1804,"bz":null,"gxsj":1532326829876,"czrid":null,"gznr":"订单消耗积分","updateDate":"2018-07-23","updateTime":"14:20:29","channel":"1"},{"jfjlbid":7410,"yhid":1500,"ddh":"201807230000062","jflx":"4","czlx":null,"zjjf":-1,"jsjf":null,"syjf":1805,"bz":null,"gxsj":1532326810127,"czrid":null,"gznr":"订单消耗积分","updateDate":"2018-07-23","updateTime":"14:20:10","channel":"1"},{"jfjlbid":7409,"yhid":1500,"ddh":"201807230000060","jflx":"4","czlx":null,"zjjf":-100,"jsjf":null,"syjf":1806,"bz":null,"gxsj":1532326740680,"czrid":null,"gznr":"订单消耗积分","updateDate":"2018-07-23","updateTime":"14:19:00","channel":"1"},{"jfjlbid":7408,"yhid":1500,"ddh":"201807230000058","jflx":"4","czlx":null,"zjjf":-11,"jsjf":null,"syjf":1906,"bz":null,"gxsj":1532326697401,"czrid":null,"gznr":"订单消耗积分","updateDate":"2018-07-23","updateTime":"14:18:17","channel":"1"},{"jfjlbid":7407,"yhid":1500,"ddh":"201807230000056","jflx":"4","czlx":null,"zjjf":-11,"jsjf":null,"syjf":1917,"bz":null,"gxsj":1532326600035,"czrid":null,"gznr":"订单消耗积分","updateDate":"2018-07-23","updateTime":"14:16:40","channel":"1"},{"jfjlbid":7400,"yhid":1500,"ddh":"201806220000098","jflx":"9","czlx":null,"zjjf":1,"jsjf":null,"syjf":1928,"bz":null,"gxsj":1532271600179,"czrid":null,"gznr":"消费赠送积分","updateDate":"2018-07-22","updateTime":"23:00:00","channel":"1"},{"jfjlbid":7184,"yhid":1500,"ddh":"201806220000099","jflx":"11","czlx":null,"zjjf":5,"jsjf":null,"syjf":1927,"bz":null,"gxsj":1531711497658,"czrid":null,"gznr":"订单评价送积分","updateDate":"2018-07-16","updateTime":"11:24:57","channel":"1"},{"jfjlbid":7072,"yhid":1500,"ddh":"201806280000074","jflx":"11","czlx":null,"zjjf":5,"jsjf":null,"syjf":1922,"bz":null,"gxsj":1531299137518,"czrid":null,"gznr":"订单评价送积分","updateDate":"2018-07-11","updateTime":"16:52:17","channel":"1"}]}}}
*************** info log end ***************

[2018-08-02T09:03:54.201] [INFO] /middleware/auth - 
*************** response log start ***************
request method: POST
request originalUrl:  /api/integral/queryPointByuserId
request client ip:  ::ffff:127.0.0.1
request body: 
{"isApp":"2","channelNo":"1000001","maxLen":"1","branch":"1001","channel":"2","shopSn":"B00019","userId":"1500"}
response time: 907
response status: 200
response body: 
{"code":"000000","message":"业务处理成功！","result":{"consumeCredits":1850,"page":{"totalRowCount":16,"totalPage":1,"pageRowCount":20,"currentPageNu":1,"startPageRowCount":0,"endPageRowCount":20,"datas":[{"jfjlbid":7605,"yhid":1500,"ddh":"201807230000056","jflx":"6","czlx":null,"zjjf":11,"jsjf":null,"syjf":1850,"bz":null,"gxsj":1532940824427,"czrid":null,"gznr":"取消/退货返还积分","updateDate":"2018-07-30","updateTime":"16:53:44","channel":"1"},{"jfjlbid":7604,"yhid":1500,"ddh":"201807230000058","jflx":"6","czlx":null,"zjjf":11,"jsjf":null,"syjf":1839,"bz":null,"gxsj":1532940821323,"czrid":null,"gznr":"取消/退货返还积分","updateDate":"2018-07-30","updateTime":"16:53:41","channel":"1"},{"jfjlbid":7603,"yhid":1500,"ddh":"201807230000060","jflx":"6","czlx":null,"zjjf":100,"jsjf":null,"syjf":1828,"bz":null,"gxsj":1532940815333,"czrid":null,"gznr":"取消/退货返还积分","updateDate":"2018-07-30","updateTime":"16:53:35","channel":"1"},{"jfjlbid":7602,"yhid":1500,"ddh":"201807230000060","jflx":"6","czlx":null,"zjjf":100,"jsjf":null,"syjf":1728,"bz":null,"gxsj":1532940813905,"czrid":null,"gznr":"取消/退货返还积分","updateDate":"2018-07-30","updateTime":"16:53:33","channel":"1"},{"jfjlbid":7601,"yhid":1500,"ddh":"201807230000062","jflx":"6","czlx":null,"zjjf":1,"jsjf":null,"syjf":1628,"bz":null,"gxsj":1532940810970,"czrid":null,"gznr":"取消/退货返还积分","updateDate":"2018-07-30","updateTime":"16:53:30","channel":"1"},{"jfjlbid":7600,"yhid":1500,"ddh":"201807230000064","jflx":"6","czlx":null,"zjjf":1,"jsjf":null,"syjf":1627,"bz":null,"gxsj":1532940807766,"czrid":null,"gznr":"取消/退货返还积分","updateDate":"2018-07-30","updateTime":"16:53:27","channel":"1"},{"jfjlbid":7549,"yhid":1500,"ddh":"201807300000032","jflx":"4","czlx":null,"zjjf":-180,"jsjf":null,"syjf":1626,"bz":null,"gxsj":1532929882944,"czrid":null,"gznr":"订单消耗积分","updateDate":"2018-07-30","updateTime":"13:51:22","channel":"1"},{"jfjlbid":7463,"yhid":1500,"ddh":"201806220000099","jflx":"12","czlx":null,"zjjf":2,"jsjf":null,"syjf":1806,"bz":null,"gxsj":1532590929619,"czrid":null,"gznr":"商品评价送积分","updateDate":"2018-07-26","updateTime":"15:42:09","channel":"1"},{"jfjlbid":7411,"yhid":1500,"ddh":"201807230000064","jflx":"4","czlx":null,"zjjf":-1,"jsjf":null,"syjf":1804,"bz":null,"gxsj":1532326829876,"czrid":null,"gznr":"订单消耗积分","updateDate":"2018-07-23","updateTime":"14:20:29","channel":"1"},{"jfjlbid":7410,"yhid":1500,"ddh":"201807230000062","jflx":"4","czlx":null,"zjjf":-1,"jsjf":null,"syjf":1805,"bz":null,"gxsj":1532326810127,"czrid":null,"gznr":"订单消耗积分","updateDate":"2018-07-23","updateTime":"14:20:10","channel":"1"},{"jfjlbid":7409,"yhid":1500,"ddh":"201807230000060","jflx":"4","czlx":null,"zjjf":-100,"jsjf":null,"syjf":1806,"bz":null,"gxsj":1532326740680,"czrid":null,"gznr":"订单消耗积分","updateDate":"2018-07-23","updateTime":"14:19:00","channel":"1"},{"jfjlbid":7408,"yhid":1500,"ddh":"201807230000058","jflx":"4","czlx":null,"zjjf":-11,"jsjf":null,"syjf":1906,"bz":null,"gxsj":1532326697401,"czrid":null,"gznr":"订单消耗积分","updateDate":"2018-07-23","updateTime":"14:18:17","channel":"1"},{"jfjlbid":7407,"yhid":1500,"ddh":"201807230000056","jflx":"4","czlx":null,"zjjf":-11,"jsjf":null,"syjf":1917,"bz":null,"gxsj":1532326600035,"czrid":null,"gznr":"订单消耗积分","updateDate":"2018-07-23","updateTime":"14:16:40","channel":"1"},{"jfjlbid":7400,"yhid":1500,"ddh":"201806220000098","jflx":"9","czlx":null,"zjjf":1,"jsjf":null,"syjf":1928,"bz":null,"gxsj":1532271600179,"czrid":null,"gznr":"消费赠送积分","updateDate":"2018-07-22","updateTime":"23:00:00","channel":"1"},{"jfjlbid":7184,"yhid":1500,"ddh":"201806220000099","jflx":"11","czlx":null,"zjjf":5,"jsjf":null,"syjf":1927,"bz":null,"gxsj":1531711497658,"czrid":null,"gznr":"订单评价送积分","updateDate":"2018-07-16","updateTime":"11:24:57","channel":"1"},{"jfjlbid":7072,"yhid":1500,"ddh":"201806280000074","jflx":"11","czlx":null,"zjjf":5,"jsjf":null,"syjf":1922,"bz":null,"gxsj":1531299137518,"czrid":null,"gznr":"订单评价送积分","updateDate":"2018-07-11","updateTime":"16:52:17","channel":"1"}]}}}
*************** response log end ***************

[2018-08-02T09:03:56.224] [INFO] /middleware/auth - 
*************** info log start ***************
info body: 获取请求参数 ==> {"isApp":"1","channelNo":"1000001","maxLen":"1","branch":"1001","channel":"2","shopSn":"B00019","currentPageNum":"1","pageCount":"4","startScore":"","endScore":"","userId":"1500","placeSign":"JFHGBANNER"}
*************** info log end ***************

[2018-08-02T09:03:56.224] [INFO] /middleware/auth - 
*************** info log start ***************
info body: 接口地址[ http://49.4.5.233:8117/org/business/PR300001.do ]请求数据 ===>{"url":"http://49.4.5.233:8117/org/business/PR300001.do","method":"POST","json":true,"headers":{"Content-Type":"application/x-www-form-urlencoded; charset=UTF-8","merchantNo":"000006","signType":"MD5","developToken":"000006","tokenPassword":"1qaz2wsx"},"form":{"isApp":"1","channelNo":"1000002","maxLen":"1","branch":"1001","channel":"2","shopSn":"B00019","currentPageNum":"1","pageCount":"4","startScore":"","endScore":"","userId":"1500","placeSign":"JFHGBANNER"}}
*************** info log end ***************

[2018-08-02T09:03:58.560] [INFO] /middleware/auth - 
*************** info log start ***************
info body: 接口地址[ http://49.4.5.233:8117/org/business/PR300001.do ]返回数据 ===>{"code":"000000","message":"业务处理成功！","result":{"consumeCredits":1850,"page":{"totalRowCount":9,"totalPage":3,"pageRowCount":4,"currentPageNu":1,"startPageRowCount":0,"endPageRowCount":4,"datas":[{"id":"SP1522829821170_20662","productId":20662,"score":11,"realPrice":11,"startTime":1530153960000,"endTime":1534435200000,"productName":"猪肉芹菜水饺","proImg":"group1/M00/00/A1/wKieqlp9M7WANiaRAABYepX_2ig517.jpg","mobliePrice":28,"moblieAgio":1,"moblieAgioPrice":28,"moblieAgioStart":null,"moblieAgioEnd":null,"labelId":null,"proSizeDescribe":"份","shopPrice":28,"shopMobliePrice":28,"membershipPrices":28,"nums":11,"maxSellNum":11,"haveNum":11,"vaildNum":11,"stock":0,"warnStock":0,"safeStock":0,"productLabel":null,"productLabelId":null,"branch":"1001"},{"id":"SP1522829821179_20696","productId":20696,"score":11,"realPrice":11,"startTime":1531375260000,"endTime":1538323199000,"productName":"油渣炒时蔬","proImg":"group1/M00/00/9A/wKieqlpoNwKAcVz7AAEo9WNdH1o840.jpg","mobliePrice":26,"moblieAgio":1,"moblieAgioPrice":26,"moblieAgioStart":null,"moblieAgioEnd":null,"labelId":null,"proSizeDescribe":"份","shopPrice":26,"shopMobliePrice":26,"membershipPrices":26,"nums":11,"maxSellNum":11,"haveNum":11,"vaildNum":11,"stock":10197,"warnStock":0,"safeStock":10197,"productLabel":null,"productLabelId":null,"branch":"1001"},{"id":"SP1522829821188_20694","productId":20694,"score":11,"realPrice":11,"startTime":1531375380000,"endTime":1536335999000,"productName":"蕃茄鱼(会员)","proImg":"group1/M00/00/9A/wKieqlpoNv-AdAmPAAEo9WNdH1o533.jpg","mobliePrice":28,"moblieAgio":1,"moblieAgioPrice":28,"moblieAgioStart":null,"moblieAgioEnd":null,"labelId":null,"proSizeDescribe":"份","shopPrice":28,"shopMobliePrice":28,"membershipPrices":28,"nums":11,"maxSellNum":11,"haveNum":11,"vaildNum":11,"stock":0,"warnStock":0,"safeStock":0,"productLabel":null,"productLabelId":null,"branch":"1001"},{"id":"SP1522829821199_20670","productId":20670,"score":11,"realPrice":11,"startTime":1531375380000,"endTime":1538063999000,"productName":"香菇烧土鸡","proImg":"group1/M00/00/9A/wKieqlpoNtOAMdVeAACz4M6ggRc507.jpg","mobliePrice":32.8,"moblieAgio":1,"moblieAgioPrice":32.8,"moblieAgioStart":null,"moblieAgioEnd":null,"labelId":null,"proSizeDescribe":"份","shopPrice":32.8,"shopMobliePrice":32.8,"membershipPrices":30,"nums":11,"maxSellNum":11,"haveNum":11,"vaildNum":11,"stock":10000,"warnStock":0,"safeStock":10000,"productLabel":null,"productLabelId":null,"branch":"1001"}]},"banner":{"placeId":84,"placeName":"积分商城广告Banner","placeWidth":750,"placeHeight":484,"creatorId":null,"createTime":1531363315237,"placeSign":"JFHGBANNER","placeDesc":"积分商城广告Banner","adverList":[{"adverId":353,"adverName":null,"placeId":84,"effectiveDate":1524412800000,"expiryDate":1599580800000,"imgSrc":"group1/M00/00/CC/wKieqlrdgp2AD7orAACcOV7KAwY486.JPG","linkSrc":null,"status":2,"remark":null,"creatorId":null,"createTime":1531102737682,"adverOrder":1,"effectiveDateCh":"2018-04-23 00:00:00","expiryDateCh":"2020-09-09 00:00:00","createTimeCh":"2018-07-09 10:18:57","adverPlace":{"placeId":84,"placeName":"积分商城广告Banner","placeWidth":750,"placeHeight":484,"creatorId":null,"createTime":1531363315237,"placeSign":"JFHGBANNER","placeDesc":"积分商城广告Banner","adverList":null,"placeType":1,"adverNum":0,"branch":"1001","channel":"6","placeTheme":null,"placeSize":300},"themeId":0,"adverType":"1","typeId":0,"siteFloorId":0,"shopSn":"","allShop":"1","shopName":null,"branch":"1001","channel":"6","branchName":"D5厨房","imgDetails":"","bsnum":null},{"adverId":396,"adverName":null,"placeId":84,"effectiveDate":1531471980000,"expiryDate":1594630800000,"imgSrc":"group1/M00/00/E4/wKieqltIZvaAVumCAAAhW0Ie5lA719.png","linkSrc":null,"status":2,"remark":null,"creatorId":null,"createTime":1531472085448,"adverOrder":2,"effectiveDateCh":"2018-07-13 16:53:00","expiryDateCh":"2020-07-13 17:00:00","createTimeCh":"2018-07-13 16:54:45","adverPlace":{"placeId":84,"placeName":"积分商城广告Banner","placeWidth":750,"placeHeight":484,"creatorId":null,"createTime":1531363315237,"placeSign":"JFHGBANNER","placeDesc":"积分商城广告Banner","adverList":null,"placeType":1,"adverNum":0,"branch":"1001","channel":"6","placeTheme":null,"placeSize":300},"themeId":0,"adverType":"1","typeId":0,"siteFloorId":0,"shopSn":"B00019,B00020","allShop":"1","shopName":null,"branch":"1001","channel":"6","branchName":"D5厨房","imgDetails":"%3Cp%3E%E6%B5%8B%E8%AF%95%3C%2Fp%3E","bsnum":null}],"placeType":1,"adverNum":0,"branch":"1001","channel":"6","placeTheme":null,"placeSize":300}}}
*************** info log end ***************

[2018-08-02T09:03:58.565] [INFO] /middleware/auth - 
*************** response log start ***************
request method: POST
request originalUrl:  /api/integral/integralList
request client ip:  ::ffff:127.0.0.1
request body: 
{"isApp":"1","channelNo":"1000001","maxLen":"1","branch":"1001","channel":"2","shopSn":"B00019","currentPageNum":"1","pageCount":"4","startScore":"","endScore":"","userId":"1500","placeSign":"JFHGBANNER"}
response time: 2341
response status: 200
response body: 
{"code":"000000","message":"业务处理成功！","result":{"consumeCredits":1850,"page":{"totalRowCount":9,"totalPage":3,"pageRowCount":4,"currentPageNu":1,"startPageRowCount":0,"endPageRowCount":4,"datas":[{"id":"SP1522829821170_20662","productId":20662,"score":11,"realPrice":11,"startTime":1530153960000,"endTime":1534435200000,"productName":"猪肉芹菜水饺","proImg":"group1/M00/00/A1/wKieqlp9M7WANiaRAABYepX_2ig517.jpg","mobliePrice":28,"moblieAgio":1,"moblieAgioPrice":28,"moblieAgioStart":null,"moblieAgioEnd":null,"labelId":null,"proSizeDescribe":"份","shopPrice":28,"shopMobliePrice":28,"membershipPrices":28,"nums":11,"maxSellNum":11,"haveNum":11,"vaildNum":11,"stock":0,"warnStock":0,"safeStock":0,"productLabel":null,"productLabelId":null,"branch":"1001"},{"id":"SP1522829821179_20696","productId":20696,"score":11,"realPrice":11,"startTime":1531375260000,"endTime":1538323199000,"productName":"油渣炒时蔬","proImg":"group1/M00/00/9A/wKieqlpoNwKAcVz7AAEo9WNdH1o840.jpg","mobliePrice":26,"moblieAgio":1,"moblieAgioPrice":26,"moblieAgioStart":null,"moblieAgioEnd":null,"labelId":null,"proSizeDescribe":"份","shopPrice":26,"shopMobliePrice":26,"membershipPrices":26,"nums":11,"maxSellNum":11,"haveNum":11,"vaildNum":11,"stock":10197,"warnStock":0,"safeStock":10197,"productLabel":null,"productLabelId":null,"branch":"1001"},{"id":"SP1522829821188_20694","productId":20694,"score":11,"realPrice":11,"startTime":1531375380000,"endTime":1536335999000,"productName":"蕃茄鱼(会员)","proImg":"group1/M00/00/9A/wKieqlpoNv-AdAmPAAEo9WNdH1o533.jpg","mobliePrice":28,"moblieAgio":1,"moblieAgioPrice":28,"moblieAgioStart":null,"moblieAgioEnd":null,"labelId":null,"proSizeDescribe":"份","shopPrice":28,"shopMobliePrice":28,"membershipPrices":28,"nums":11,"maxSellNum":11,"haveNum":11,"vaildNum":11,"stock":0,"warnStock":0,"safeStock":0,"productLabel":null,"productLabelId":null,"branch":"1001"},{"id":"SP1522829821199_20670","productId":20670,"score":11,"realPrice":11,"startTime":1531375380000,"endTime":1538063999000,"productName":"香菇烧土鸡","proImg":"group1/M00/00/9A/wKieqlpoNtOAMdVeAACz4M6ggRc507.jpg","mobliePrice":32.8,"moblieAgio":1,"moblieAgioPrice":32.8,"moblieAgioStart":null,"moblieAgioEnd":null,"labelId":null,"proSizeDescribe":"份","shopPrice":32.8,"shopMobliePrice":32.8,"membershipPrices":30,"nums":11,"maxSellNum":11,"haveNum":11,"vaildNum":11,"stock":10000,"warnStock":0,"safeStock":10000,"productLabel":null,"productLabelId":null,"branch":"1001"}]},"banner":{"placeId":84,"placeName":"积分商城广告Banner","placeWidth":750,"placeHeight":484,"creatorId":null,"createTime":1531363315237,"placeSign":"JFHGBANNER","placeDesc":"积分商城广告Banner","adverList":[{"adverId":353,"adverName":null,"placeId":84,"effectiveDate":1524412800000,"expiryDate":1599580800000,"imgSrc":"group1/M00/00/CC/wKieqlrdgp2AD7orAACcOV7KAwY486.JPG","linkSrc":null,"status":2,"remark":null,"creatorId":null,"createTime":1531102737682,"adverOrder":1,"effectiveDateCh":"2018-04-23 00:00:00","expiryDateCh":"2020-09-09 00:00:00","createTimeCh":"2018-07-09 10:18:57","adverPlace":{"placeId":84,"placeName":"积分商城广告Banner","placeWidth":750,"placeHeight":484,"creatorId":null,"createTime":1531363315237,"placeSign":"JFHGBANNER","placeDesc":"积分商城广告Banner","adverList":null,"placeType":1,"adverNum":0,"branch":"1001","channel":"6","placeTheme":null,"placeSize":300},"themeId":0,"adverType":"1","typeId":0,"siteFloorId":0,"shopSn":"","allShop":"1","shopName":null,"branch":"1001","channel":"6","branchName":"D5厨房","imgDetails":"","bsnum":null},{"adverId":396,"adverName":null,"placeId":84,"effectiveDate":1531471980000,"expiryDate":1594630800000,"imgSrc":"group1/M00/00/E4/wKieqltIZvaAVumCAAAhW0Ie5lA719.png","linkSrc":null,"status":2,"remark":null,"creatorId":null,"createTime":1531472085448,"adverOrder":2,"effectiveDateCh":"2018-07-13 16:53:00","expiryDateCh":"2020-07-13 17:00:00","createTimeCh":"2018-07-13 16:54:45","adverPlace":{"placeId":84,"placeName":"积分商城广告Banner","placeWidth":750,"placeHeight":484,"creatorId":null,"createTime":1531363315237,"placeSign":"JFHGBANNER","placeDesc":"积分商城广告Banner","adverList":null,"placeType":1,"adverNum":0,"branch":"1001","channel":"6","placeTheme":null,"placeSize":300},"themeId":0,"adverType":"1","typeId":0,"siteFloorId":0,"shopSn":"B00019,B00020","allShop":"1","shopName":null,"branch":"1001","channel":"6","branchName":"D5厨房","imgDetails":"%3Cp%3E%E6%B5%8B%E8%AF%95%3C%2Fp%3E","bsnum":null}],"placeType":1,"adverNum":0,"branch":"1001","channel":"6","placeTheme":null,"placeSize":300}}}
*************** response log end ***************

[2018-08-02T09:04:00.376] [INFO] /middleware/auth - 
*************** info log start ***************
info body: 获取请求参数 ==> {"isApp":"2","channelNo":"1000001","maxLen":"1","branch":"1001","channel":"2","shopSn":"B00019","userId":"1500"}
*************** info log end ***************

[2018-08-02T09:04:00.377] [INFO] /middleware/auth - 
*************** info log start ***************
info body: 接口地址[ http://49.4.5.233:8117/org/business/DE100016.do ]请求数据 ===>{"url":"http://49.4.5.233:8117/org/business/DE100016.do","method":"POST","json":true,"headers":{"Content-Type":"application/x-www-form-urlencoded; charset=UTF-8","merchantNo":"000006","signType":"MD5","developToken":"000006","tokenPassword":"1qaz2wsx"},"form":{"isApp":"2","channelNo":"1000002","maxLen":"1","branch":"1001","channel":"2","shopSn":"B00019","userId":"1500"}}
*************** info log end ***************

[2018-08-02T09:04:00.422] [INFO] /middleware/auth - 
*************** info log start ***************
info body: 接口地址[ http://49.4.5.233:8117/org/business/DE100016.do ]返回数据 ===>{"code":"000000","message":"业务处理成功！","result":{"account":{"accountId":256,"accountNo":"620054301786340","accountType":"6200","accountProperty":"1","userId":1500,"custId":null,"custName":null,"cashAmount":53121.73,"freezeAmount":0,"canExtractAmount":null,"accountStatus":"00","createTime":1522374279878,"lastTime":1522374279878,"payPassword":"f4cc399f0effd13c888e310ea2cf5399","paymentCode":"621587473351189","expirationTime":1533171684849,"branch":"1001","branchName":"D5厨房","channel":"1","financingAmount":null,"financingUsableAmount":0,"financingOriginAmount":null,"redBagAmount":1561.36,"financingStartTime":null,"financingEndTime":null,"financingSatus":0}}}
*************** info log end ***************

[2018-08-02T09:04:00.422] [INFO] /middleware/auth - 
*************** response log start ***************
request method: POST
request originalUrl:  /api/usercenter/queryCode
request client ip:  ::ffff:127.0.0.1
request body: 
{"isApp":"2","channelNo":"1000001","maxLen":"1","branch":"1001","channel":"2","shopSn":"B00019","userId":"1500"}
response time: 46
response status: 200
response body: 
{"code":"000000","message":"业务处理成功！","result":{"account":{"accountId":256,"accountNo":"620054301786340","accountType":"6200","accountProperty":"1","userId":1500,"custId":null,"custName":null,"cashAmount":53121.73,"freezeAmount":0,"canExtractAmount":null,"accountStatus":"00","createTime":1522374279878,"lastTime":1522374279878,"payPassword":"f4cc399f0effd13c888e310ea2cf5399","paymentCode":"621587473351189","expirationTime":1533171684849,"branch":"1001","branchName":"D5厨房","channel":"1","financingAmount":null,"financingUsableAmount":0,"financingOriginAmount":null,"redBagAmount":1561.36,"financingStartTime":null,"financingEndTime":null,"financingSatus":0}}}
*************** response log end ***************

[2018-08-02T09:06:00.645] [INFO] /middleware/auth - 
*************** info log start ***************
info body: 获取请求参数 ==> {"isApp":"2","channelNo":"1000001","maxLen":"1","branch":"1001","channel":"2","shopSn":"B00019","userId":"1500"}
*************** info log end ***************

[2018-08-02T09:06:00.645] [INFO] /middleware/auth - 
*************** info log start ***************
info body: 接口地址[ http://49.4.5.233:8117/org/business/DE100016.do ]请求数据 ===>{"url":"http://49.4.5.233:8117/org/business/DE100016.do","method":"POST","json":true,"headers":{"Content-Type":"application/x-www-form-urlencoded; charset=UTF-8","merchantNo":"000006","signType":"MD5","developToken":"000006","tokenPassword":"1qaz2wsx"},"form":{"isApp":"2","channelNo":"1000002","maxLen":"1","branch":"1001","channel":"2","shopSn":"B00019","userId":"1500"}}
*************** info log end ***************

[2018-08-02T09:06:00.692] [INFO] /middleware/auth - 
*************** info log start ***************
info body: 接口地址[ http://49.4.5.233:8117/org/business/DE100016.do ]返回数据 ===>{"code":"000000","message":"业务处理成功！","result":{"account":{"accountId":256,"accountNo":"620054301786340","accountType":"6200","accountProperty":"1","userId":1500,"custId":null,"custName":null,"cashAmount":53121.73,"freezeAmount":0,"canExtractAmount":null,"accountStatus":"00","createTime":1522374279878,"lastTime":1522374279878,"payPassword":"f4cc399f0effd13c888e310ea2cf5399","paymentCode":"621587473471458","expirationTime":1533171805118,"branch":"1001","branchName":"D5厨房","channel":"1","financingAmount":null,"financingUsableAmount":0,"financingOriginAmount":null,"redBagAmount":1561.36,"financingStartTime":null,"financingEndTime":null,"financingSatus":0}}}
*************** info log end ***************

[2018-08-02T09:06:00.692] [INFO] /middleware/auth - 
*************** response log start ***************
request method: POST
request originalUrl:  /api/usercenter/queryCode
request client ip:  ::ffff:127.0.0.1
request body: 
{"isApp":"2","channelNo":"1000001","maxLen":"1","branch":"1001","channel":"2","shopSn":"B00019","userId":"1500"}
response time: 47
response status: 200
response body: 
{"code":"000000","message":"业务处理成功！","result":{"account":{"accountId":256,"accountNo":"620054301786340","accountType":"6200","accountProperty":"1","userId":1500,"custId":null,"custName":null,"cashAmount":53121.73,"freezeAmount":0,"canExtractAmount":null,"accountStatus":"00","createTime":1522374279878,"lastTime":1522374279878,"payPassword":"f4cc399f0effd13c888e310ea2cf5399","paymentCode":"621587473471458","expirationTime":1533171805118,"branch":"1001","branchName":"D5厨房","channel":"1","financingAmount":null,"financingUsableAmount":0,"financingOriginAmount":null,"redBagAmount":1561.36,"financingStartTime":null,"financingEndTime":null,"financingSatus":0}}}
*************** response log end ***************

[2018-08-02T09:08:01.935] [INFO] /middleware/auth - 
*************** info log start ***************
info body: 获取请求参数 ==> {"isApp":"2","channelNo":"1000001","maxLen":"1","branch":"1001","channel":"2","shopSn":"B00019","userId":"1500"}
*************** info log end ***************

[2018-08-02T09:08:01.935] [INFO] /middleware/auth - 
*************** info log start ***************
info body: 接口地址[ http://49.4.5.233:8117/org/business/DE100016.do ]请求数据 ===>{"url":"http://49.4.5.233:8117/org/business/DE100016.do","method":"POST","json":true,"headers":{"Content-Type":"application/x-www-form-urlencoded; charset=UTF-8","merchantNo":"000006","signType":"MD5","developToken":"000006","tokenPassword":"1qaz2wsx"},"form":{"isApp":"2","channelNo":"1000002","maxLen":"1","branch":"1001","channel":"2","shopSn":"B00019","userId":"1500"}}
*************** info log end ***************

[2018-08-02T09:08:01.979] [INFO] /middleware/auth - 
*************** info log start ***************
info body: 接口地址[ http://49.4.5.233:8117/org/business/DE100016.do ]返回数据 ===>{"code":"000000","message":"业务处理成功！","result":{"account":{"accountId":256,"accountNo":"620054301786340","accountType":"6200","accountProperty":"1","userId":1500,"custId":null,"custName":null,"cashAmount":53121.73,"freezeAmount":0,"canExtractAmount":null,"accountStatus":"00","createTime":1522374279878,"lastTime":1522374279878,"payPassword":"f4cc399f0effd13c888e310ea2cf5399","paymentCode":"621587473592747","expirationTime":1533171926407,"branch":"1001","branchName":"D5厨房","channel":"1","financingAmount":null,"financingUsableAmount":0,"financingOriginAmount":null,"redBagAmount":1561.36,"financingStartTime":null,"financingEndTime":null,"financingSatus":0}}}
*************** info log end ***************

[2018-08-02T09:08:01.980] [INFO] /middleware/auth - 
*************** response log start ***************
request method: POST
request originalUrl:  /api/usercenter/queryCode
request client ip:  ::ffff:127.0.0.1
request body: 
{"isApp":"2","channelNo":"1000001","maxLen":"1","branch":"1001","channel":"2","shopSn":"B00019","userId":"1500"}
response time: 45
response status: 200
response body: 
{"code":"000000","message":"业务处理成功！","result":{"account":{"accountId":256,"accountNo":"620054301786340","accountType":"6200","accountProperty":"1","userId":1500,"custId":null,"custName":null,"cashAmount":53121.73,"freezeAmount":0,"canExtractAmount":null,"accountStatus":"00","createTime":1522374279878,"lastTime":1522374279878,"payPassword":"f4cc399f0effd13c888e310ea2cf5399","paymentCode":"621587473592747","expirationTime":1533171926407,"branch":"1001","branchName":"D5厨房","channel":"1","financingAmount":null,"financingUsableAmount":0,"financingOriginAmount":null,"redBagAmount":1561.36,"financingStartTime":null,"financingEndTime":null,"financingSatus":0}}}
*************** response log end ***************

[2018-08-02T09:10:00.753] [INFO] /middleware/auth - 
*************** info log start ***************
info body: 获取请求参数 ==> {"isApp":"2","channelNo":"1000001","maxLen":"1","branch":"1001","channel":"2","shopSn":"B00019","userId":"1500"}
*************** info log end ***************

[2018-08-02T09:10:00.753] [INFO] /middleware/auth - 
*************** info log start ***************
info body: 接口地址[ http://49.4.5.233:8117/org/business/DE100016.do ]请求数据 ===>{"url":"http://49.4.5.233:8117/org/business/DE100016.do","method":"POST","json":true,"headers":{"Content-Type":"application/x-www-form-urlencoded; charset=UTF-8","merchantNo":"000006","signType":"MD5","developToken":"000006","tokenPassword":"1qaz2wsx"},"form":{"isApp":"2","channelNo":"1000002","maxLen":"1","branch":"1001","channel":"2","shopSn":"B00019","userId":"1500"}}
*************** info log end ***************

[2018-08-02T09:10:00.804] [INFO] /middleware/auth - 
*************** info log start ***************
info body: 接口地址[ http://49.4.5.233:8117/org/business/DE100016.do ]返回数据 ===>{"code":"000000","message":"业务处理成功！","result":{"account":{"accountId":256,"accountNo":"620054301786340","accountType":"6200","accountProperty":"1","userId":1500,"custId":null,"custName":null,"cashAmount":53121.73,"freezeAmount":0,"canExtractAmount":null,"accountStatus":"00","createTime":1522374279878,"lastTime":1522374279878,"payPassword":"f4cc399f0effd13c888e310ea2cf5399","paymentCode":"621587473711569","expirationTime":1533172045229,"branch":"1001","branchName":"D5厨房","channel":"1","financingAmount":null,"financingUsableAmount":0,"financingOriginAmount":null,"redBagAmount":1561.36,"financingStartTime":null,"financingEndTime":null,"financingSatus":0}}}
*************** info log end ***************

[2018-08-02T09:10:00.805] [INFO] /middleware/auth - 
*************** response log start ***************
request method: POST
request originalUrl:  /api/usercenter/queryCode
request client ip:  ::ffff:127.0.0.1
request body: 
{"isApp":"2","channelNo":"1000001","maxLen":"1","branch":"1001","channel":"2","shopSn":"B00019","userId":"1500"}
response time: 53
response status: 200
response body: 
{"code":"000000","message":"业务处理成功！","result":{"account":{"accountId":256,"accountNo":"620054301786340","accountType":"6200","accountProperty":"1","userId":1500,"custId":null,"custName":null,"cashAmount":53121.73,"freezeAmount":0,"canExtractAmount":null,"accountStatus":"00","createTime":1522374279878,"lastTime":1522374279878,"payPassword":"f4cc399f0effd13c888e310ea2cf5399","paymentCode":"621587473711569","expirationTime":1533172045229,"branch":"1001","branchName":"D5厨房","channel":"1","financingAmount":null,"financingUsableAmount":0,"financingOriginAmount":null,"redBagAmount":1561.36,"financingStartTime":null,"financingEndTime":null,"financingSatus":0}}}
*************** response log end ***************

[2018-08-02T09:12:01.936] [INFO] /middleware/auth - 
*************** info log start ***************
info body: 获取请求参数 ==> {"isApp":"2","channelNo":"1000001","maxLen":"1","branch":"1001","channel":"2","shopSn":"B00019","userId":"1500"}
*************** info log end ***************

[2018-08-02T09:12:01.936] [INFO] /middleware/auth - 
*************** info log start ***************
info body: 接口地址[ http://49.4.5.233:8117/org/business/DE100016.do ]请求数据 ===>{"url":"http://49.4.5.233:8117/org/business/DE100016.do","method":"POST","json":true,"headers":{"Content-Type":"application/x-www-form-urlencoded; charset=UTF-8","merchantNo":"000006","signType":"MD5","developToken":"000006","tokenPassword":"1qaz2wsx"},"form":{"isApp":"2","channelNo":"1000002","maxLen":"1","branch":"1001","channel":"2","shopSn":"B00019","userId":"1500"}}
*************** info log end ***************

[2018-08-02T09:12:01.996] [INFO] /middleware/auth - 
*************** info log start ***************
info body: 接口地址[ http://49.4.5.233:8117/org/business/DE100016.do ]返回数据 ===>{"code":"000000","message":"业务处理成功！","result":{"account":{"accountId":256,"accountNo":"620054301786340","accountType":"6200","accountProperty":"1","userId":1500,"custId":null,"custName":null,"cashAmount":53121.73,"freezeAmount":0,"canExtractAmount":null,"accountStatus":"00","createTime":1522374279878,"lastTime":1522374279878,"payPassword":"f4cc399f0effd13c888e310ea2cf5399","paymentCode":"621587473832751","expirationTime":1533172166411,"branch":"1001","branchName":"D5厨房","channel":"1","financingAmount":null,"financingUsableAmount":0,"financingOriginAmount":null,"redBagAmount":1561.36,"financingStartTime":null,"financingEndTime":null,"financingSatus":0}}}
*************** info log end ***************

[2018-08-02T09:12:01.997] [INFO] /middleware/auth - 
*************** response log start ***************
request method: POST
request originalUrl:  /api/usercenter/queryCode
request client ip:  ::ffff:127.0.0.1
request body: 
{"isApp":"2","channelNo":"1000001","maxLen":"1","branch":"1001","channel":"2","shopSn":"B00019","userId":"1500"}
response time: 61
response status: 200
response body: 
{"code":"000000","message":"业务处理成功！","result":{"account":{"accountId":256,"accountNo":"620054301786340","accountType":"6200","accountProperty":"1","userId":1500,"custId":null,"custName":null,"cashAmount":53121.73,"freezeAmount":0,"canExtractAmount":null,"accountStatus":"00","createTime":1522374279878,"lastTime":1522374279878,"payPassword":"f4cc399f0effd13c888e310ea2cf5399","paymentCode":"621587473832751","expirationTime":1533172166411,"branch":"1001","branchName":"D5厨房","channel":"1","financingAmount":null,"financingUsableAmount":0,"financingOriginAmount":null,"redBagAmount":1561.36,"financingStartTime":null,"financingEndTime":null,"financingSatus":0}}}
*************** response log end ***************

[2018-08-02T09:12:36.543] [INFO] /middleware/auth - 
*************** info log start ***************
info body: 获取请求参数 ==> {"isApp":"2","channelNo":"1000001","maxLen":"1","branch":"1001","channel":"2","shopSn":"B00019","userId":"1500","currentPageNum":"1","pageCount":"10","nofflx":"4","syzt":"0"}
*************** info log end ***************

[2018-08-02T09:12:36.543] [INFO] /middleware/auth - 
*************** info log start ***************
info body: 接口地址[ http://49.4.5.233:8117/org/business/CY200022.do ]请求数据 ===>{"url":"http://49.4.5.233:8117/org/business/CY200022.do","method":"POST","json":true,"headers":{"Content-Type":"application/x-www-form-urlencoded; charset=UTF-8","merchantNo":"000006","signType":"MD5","developToken":"000006","tokenPassword":"1qaz2wsx"},"form":{"isApp":"2","channelNo":"1000002","maxLen":"1","branch":"1001","channel":"2","shopSn":"B00019","userId":"1500","currentPageNum":"1","pageCount":"10","nofflx":"4","syzt":"0"}}
*************** info log end ***************

[2018-08-02T09:12:36.906] [INFO] /middleware/auth - 
*************** info log start ***************
info body: 接口地址[ http://49.4.5.233:8117/org/business/CY200022.do ]返回数据 ===>{"code":"000000","message":"业务处理成功！","result":{"entity":{"wsyNum":19,"yhyNum":0,"ysxNum":43,"dyje":0,"dyjeShow":0,"allNum":62},"list":{"totalRowCount":19,"totalPage":2,"pageRowCount":10,"currentPageNu":1,"startPageRowCount":0,"endPageRowCount":10,"datas":[{"yhqid":9,"yhqmc":"价值10000元的的英捷健身会员储值卡","ffpt":null,"sypt":"000","area":"0","xfmdlx":"0","tzsp":"0","yhqlx":"7","yhqFunc":"0","zht":"1","sxsj":1524931200000,"gqsj":1534607999000,"startTimeAll":null,"endTimeAll":null,"xlzs":1,"jxzxzf":"0","yhqtp":"group1/M00/00/B4/wKieqlqwwoSAc2-tAAAGdTS94jc709.png","mdfwjh":null,"dyje":1000000,"xddje":0,"slxz":0,"tjsj":1521533574740,"gly":1,"lqsl":0,"xxsl":0,"dxsl":341,"ylsl":0,"jygly":null,"jyglymc":null,"jysj":null,"typeid":1,"glymc":"1","areaName":"全国","mdDiscribe":null,"proDiscribe":null,"costType":"1","isSingle":"1","ysqIds":null,"ysqNums":null,"brandImg":null,"brandDesc":null,"name":null,"yhm":"YJhMumcD_7","syzt":"0","shopList":null,"yhqCostlist":[],"yhqYsplist":null,"sflq":"0","ylqsl":null,"yhqms":"价值10000元的的英捷健身会员储值卡","yxqlx":"1","yxqts":111,"useTimeLimit":"0","yearLimit":null,"dayLimit":null,"timeLimit":null,"isLq":"0","sjdyje":null,"userId":1500,"sysj":null,"numFd":null,"specialAmount":0,"couponValue":0,"tgProductId":null,"branch":null,"channel":null,"branchName":null,"tjProId":null,"tjProNum":0,"discountRate":null,"num":341},{"yhqid":82,"yhqmc":"D5免运费","ffpt":null,"sypt":"000","area":"0","xfmdlx":"0","tzsp":"0","yhqlx":"2","yhqFunc":null,"zht":"1","sxsj":1532361600000,"gqsj":1533311999000,"startTimeAll":null,"endTimeAll":null,"xlzs":1,"jxzxzf":"0","yhqtp":"group1/M00/00/C1/wKieqlrJ3pyADE_MAAAPzB1_4Kg232.png","mdfwjh":null,"dyje":0,"xddje":0,"slxz":0,"tjsj":1523179207360,"gly":1,"lqsl":0,"xxsl":0,"dxsl":111,"ylsl":0,"jygly":null,"jyglymc":null,"jysj":null,"typeid":1,"glymc":"1","areaName":"全国","mdDiscribe":null,"proDiscribe":null,"costType":"1","isSingle":"1","ysqIds":null,"ysqNums":null,"brandImg":"group1/M00/00/C1/wKieqlrJ3rSAAZvvAABoURZx_TE009.png","brandDesc":"group1/M00/00/C1/wKieqlrJ3sWAW_aYAABmk2gkTcQ524.png","name":null,"yhm":"3FPem1E2_2","syzt":"0","shopList":null,"yhqCostlist":[],"yhqYsplist":null,"sflq":"0","ylqsl":null,"yhqms":"D5免运费","yxqlx":"1","yxqts":10,"useTimeLimit":"0","yearLimit":null,"dayLimit":null,"timeLimit":null,"isLq":"0","sjdyje":null,"userId":1500,"sysj":null,"numFd":null,"specialAmount":0,"couponValue":0,"tgProductId":null,"branch":null,"channel":null,"branchName":null,"tjProId":null,"tjProNum":0,"discountRate":null,"num":111},{"yhqid":82,"yhqmc":"D5免运费","ffpt":null,"sypt":"000","area":"0","xfmdlx":"0","tzsp":"0","yhqlx":"2","yhqFunc":null,"zht":"1","sxsj":1532361600000,"gqsj":1533311999000,"startTimeAll":null,"endTimeAll":null,"xlzs":1,"jxzxzf":"0","yhqtp":"group1/M00/00/C1/wKieqlrJ3pyADE_MAAAPzB1_4Kg232.png","mdfwjh":null,"dyje":0,"xddje":0,"slxz":0,"tjsj":1523179207360,"gly":1,"lqsl":0,"xxsl":0,"dxsl":111,"ylsl":0,"jygly":null,"jyglymc":null,"jysj":null,"typeid":1,"glymc":"1","areaName":"全国","mdDiscribe":null,"proDiscribe":null,"costType":"1","isSingle":"1","ysqIds":null,"ysqNums":null,"brandImg":"group1/M00/00/C1/wKieqlrJ3rSAAZvvAABoURZx_TE009.png","brandDesc":"group1/M00/00/C1/wKieqlrJ3sWAW_aYAABmk2gkTcQ524.png","name":null,"yhm":"6jcIUks2_2","syzt":"0","shopList":null,"yhqCostlist":[],"yhqYsplist":null,"sflq":"0","ylqsl":null,"yhqms":"D5免运费","yxqlx":"1","yxqts":10,"useTimeLimit":"0","yearLimit":null,"dayLimit":null,"timeLimit":null,"isLq":"0","sjdyje":null,"userId":1500,"sysj":null,"numFd":null,"specialAmount":0,"couponValue":0,"tgProductId":null,"branch":null,"channel":null,"branchName":null,"tjProId":null,"tjProNum":0,"discountRate":null,"num":111},{"yhqid":40,"yhqmc":"298元铁板自助券","ffpt":null,"sypt":"000","area":"0","xfmdlx":"0","tzsp":"0","yhqlx":"6","yhqFunc":null,"zht":"1","sxsj":1524758400000,"gqsj":1556380799000,"startTimeAll":null,"endTimeAll":null,"xlzs":1,"jxzxzf":"0","yhqtp":"group1/M00/00/BD/wKieqlq8iI-AGruXAAC1117eVEY974.JPG","mdfwjh":null,"dyje":0,"xddje":0,"slxz":0,"tjsj":1522305176920,"gly":1,"lqsl":0,"xxsl":0,"dxsl":134,"ylsl":0,"jygly":null,"jyglymc":null,"jysj":null,"typeid":6,"glymc":"1","areaName":"全国","mdDiscribe":null,"proDiscribe":null,"costType":"1","isSingle":"1","ysqIds":null,"ysqNums":null,"brandImg":null,"brandDesc":null,"name":null,"yhm":"CRzlArmo_6","syzt":"0","shopList":null,"yhqCostlist":[],"yhqYsplist":null,"sflq":"0","ylqsl":null,"yhqms":"此券适用于堂食，不适用于外送服务；此券不与店内其他优惠同时使用；","yxqlx":"1","yxqts":365,"useTimeLimit":"0","yearLimit":null,"dayLimit":null,"timeLimit":null,"isLq":"0","sjdyje":null,"userId":1500,"sysj":null,"numFd":null,"specialAmount":0,"couponValue":29800,"tgProductId":null,"branch":null,"channel":null,"branchName":null,"tjProId":null,"tjProNum":0,"discountRate":null,"num":134},{"yhqid":40,"yhqmc":"298元铁板自助券","ffpt":null,"sypt":"000","area":"0","xfmdlx":"0","tzsp":"0","yhqlx":"6","yhqFunc":null,"zht":"1","sxsj":1524758400000,"gqsj":1556380799000,"startTimeAll":null,"endTimeAll":null,"xlzs":1,"jxzxzf":"0","yhqtp":"group1/M00/00/BD/wKieqlq8iI-AGruXAAC1117eVEY974.JPG","mdfwjh":null,"dyje":0,"xddje":0,"slxz":0,"tjsj":1522305176920,"gly":1,"lqsl":0,"xxsl":0,"dxsl":134,"ylsl":0,"jygly":null,"jyglymc":null,"jysj":null,"typeid":6,"glymc":"1","areaName":"全国","mdDiscribe":null,"proDiscribe":null,"costType":"1","isSingle":"1","ysqIds":null,"ysqNums":null,"brandImg":null,"brandDesc":null,"name":null,"yhm":"Fv82uaaF_6","syzt":"0","shopList":null,"yhqCostlist":[],"yhqYsplist":null,"sflq":"0","ylqsl":null,"yhqms":"此券适用于堂食，不适用于外送服务；此券不与店内其他优惠同时使用；","yxqlx":"1","yxqts":365,"useTimeLimit":"0","yearLimit":null,"dayLimit":null,"timeLimit":null,"isLq":"0","sjdyje":null,"userId":1500,"sysj":null,"numFd":null,"specialAmount":0,"couponValue":29800,"tgProductId":null,"branch":null,"channel":null,"branchName":null,"tjProId":null,"tjProNum":0,"discountRate":null,"num":134},{"yhqid":40,"yhqmc":"298元铁板自助券","ffpt":null,"sypt":"000","area":"0","xfmdlx":"0","tzsp":"0","yhqlx":"6","yhqFunc":null,"zht":"1","sxsj":1524758400000,"gqsj":1556380799000,"startTimeAll":null,"endTimeAll":null,"xlzs":1,"jxzxzf":"0","yhqtp":"group1/M00/00/BD/wKieqlq8iI-AGruXAAC1117eVEY974.JPG","mdfwjh":null,"dyje":0,"xddje":0,"slxz":0,"tjsj":1522305176920,"gly":1,"lqsl":0,"xxsl":0,"dxsl":134,"ylsl":0,"jygly":null,"jyglymc":null,"jysj":null,"typeid":6,"glymc":"1","areaName":"全国","mdDiscribe":null,"proDiscribe":null,"costType":"1","isSingle":"1","ysqIds":null,"ysqNums":null,"brandImg":null,"brandDesc":null,"name":null,"yhm":"nKxHdWkt_6","syzt":"0","shopList":null,"yhqCostlist":[],"yhqYsplist":null,"sflq":"0","ylqsl":null,"yhqms":"此券适用于堂食，不适用于外送服务；此券不与店内其他优惠同时使用；","yxqlx":"1","yxqts":365,"useTimeLimit":"0","yearLimit":null,"dayLimit":null,"timeLimit":null,"isLq":"0","sjdyje":null,"userId":1500,"sysj":null,"numFd":null,"specialAmount":0,"couponValue":29800,"tgProductId":null,"branch":null,"channel":null,"branchName":null,"tjProId":null,"tjProNum":0,"discountRate":null,"num":134},{"yhqid":40,"yhqmc":"298元铁板自助券","ffpt":null,"sypt":"000","area":"0","xfmdlx":"0","tzsp":"0","yhqlx":"6","yhqFunc":null,"zht":"1","sxsj":1524758400000,"gqsj":1556380799000,"startTimeAll":null,"endTimeAll":null,"xlzs":1,"jxzxzf":"0","yhqtp":"group1/M00/00/BD/wKieqlq8iI-AGruXAAC1117eVEY974.JPG","mdfwjh":null,"dyje":0,"xddje":0,"slxz":0,"tjsj":1522305176920,"gly":1,"lqsl":0,"xxsl":0,"dxsl":134,"ylsl":0,"jygly":null,"jyglymc":null,"jysj":null,"typeid":6,"glymc":"1","areaName":"全国","mdDiscribe":null,"proDiscribe":null,"costType":"1","isSingle":"1","ysqIds":null,"ysqNums":null,"brandImg":null,"brandDesc":null,"name":null,"yhm":"TMxCF2GM_6","syzt":"0","shopList":null,"yhqCostlist":[],"yhqYsplist":null,"sflq":"0","ylqsl":null,"yhqms":"此券适用于堂食，不适用于外送服务；此券不与店内其他优惠同时使用；","yxqlx":"1","yxqts":365,"useTimeLimit":"0","yearLimit":null,"dayLimit":null,"timeLimit":null,"isLq":"0","sjdyje":null,"userId":1500,"sysj":null,"numFd":null,"specialAmount":0,"couponValue":29800,"tgProductId":null,"branch":null,"channel":null,"branchName":null,"tjProId":null,"tjProNum":0,"discountRate":null,"num":134},{"yhqid":40,"yhqmc":"298元铁板自助券","ffpt":null,"sypt":"000","area":"0","xfmdlx":"0","tzsp":"0","yhqlx":"6","yhqFunc":null,"zht":"1","sxsj":1524758400000,"gqsj":1556380799000,"startTimeAll":null,"endTimeAll":null,"xlzs":1,"jxzxzf":"0","yhqtp":"group1/M00/00/BD/wKieqlq8iI-AGruXAAC1117eVEY974.JPG","mdfwjh":null,"dyje":0,"xddje":0,"slxz":0,"tjsj":1522305176920,"gly":1,"lqsl":0,"xxsl":0,"dxsl":134,"ylsl":0,"jygly":null,"jyglymc":null,"jysj":null,"typeid":6,"glymc":"1","areaName":"全国","mdDiscribe":null,"proDiscribe":null,"costType":"1","isSingle":"1","ysqIds":null,"ysqNums":null,"brandImg":null,"brandDesc":null,"name":null,"yhm":"z2Nn4Jaw_6","syzt":"0","shopList":null,"yhqCostlist":[],"yhqYsplist":null,"sflq":"0","ylqsl":null,"yhqms":"此券适用于堂食，不适用于外送服务；此券不与店内其他优惠同时使用；","yxqlx":"1","yxqts":365,"useTimeLimit":"0","yearLimit":null,"dayLimit":null,"timeLimit":null,"isLq":"0","sjdyje":null,"userId":1500,"sysj":null,"numFd":null,"specialAmount":0,"couponValue":29800,"tgProductId":null,"branch":null,"channel":null,"branchName":null,"tjProId":null,"tjProNum":0,"discountRate":null,"num":134},{"yhqid":40,"yhqmc":"298元铁板自助券","ffpt":null,"sypt":"000","area":"0","xfmdlx":"0","tzsp":"0","yhqlx":"6","yhqFunc":null,"zht":"1","sxsj":1524758400000,"gqsj":1556380799000,"startTimeAll":null,"endTimeAll":null,"xlzs":1,"jxzxzf":"0","yhqtp":"group1/M00/00/BD/wKieqlq8iI-AGruXAAC1117eVEY974.JPG","mdfwjh":null,"dyje":0,"xddje":0,"slxz":0,"tjsj":1522305176920,"gly":1,"lqsl":0,"xxsl":0,"dxsl":134,"ylsl":0,"jygly":null,"jyglymc":null,"jysj":null,"typeid":6,"glymc":"1","areaName":"全国","mdDiscribe":null,"proDiscribe":null,"costType":"1","isSingle":"1","ysqIds":null,"ysqNums":null,"brandImg":null,"brandDesc":null,"name":null,"yhm":"MXfO9JaE_6","syzt":"0","shopList":null,"yhqCostlist":[],"yhqYsplist":null,"sflq":"0","ylqsl":null,"yhqms":"此券适用于堂食，不适用于外送服务；此券不与店内其他优惠同时使用；","yxqlx":"1","yxqts":365,"useTimeLimit":"0","yearLimit":null,"dayLimit":null,"timeLimit":null,"isLq":"0","sjdyje":null,"userId":1500,"sysj":null,"numFd":null,"specialAmount":0,"couponValue":29800,"tgProductId":null,"branch":null,"channel":null,"branchName":null,"tjProId":null,"tjProNum":0,"discountRate":null,"num":134},{"yhqid":40,"yhqmc":"298元铁板自助券","ffpt":null,"sypt":"000","area":"0","xfmdlx":"0","tzsp":"0","yhqlx":"6","yhqFunc":null,"zht":"1","sxsj":1524758400000,"gqsj":1556380799000,"startTimeAll":null,"endTimeAll":null,"xlzs":1,"jxzxzf":"0","yhqtp":"group1/M00/00/BD/wKieqlq8iI-AGruXAAC1117eVEY974.JPG","mdfwjh":null,"dyje":0,"xddje":0,"slxz":0,"tjsj":1522305176920,"gly":1,"lqsl":0,"xxsl":0,"dxsl":134,"ylsl":0,"jygly":null,"jyglymc":null,"jysj":null,"typeid":6,"glymc":"1","areaName":"全国","mdDiscribe":null,"proDiscribe":null,"costType":"1","isSingle":"1","ysqIds":null,"ysqNums":null,"brandImg":null,"brandDesc":null,"name":null,"yhm":"54jl0bOv_6","syzt":"0","shopList":null,"yhqCostlist":[],"yhqYsplist":null,"sflq":"0","ylqsl":null,"yhqms":"此券适用于堂食，不适用于外送服务；此券不与店内其他优惠同时使用；","yxqlx":"1","yxqts":365,"useTimeLimit":"0","yearLimit":null,"dayLimit":null,"timeLimit":null,"isLq":"0","sjdyje":null,"userId":1500,"sysj":null,"numFd":null,"specialAmount":0,"couponValue":29800,"tgProductId":null,"branch":null,"channel":null,"branchName":null,"tjProId":null,"tjProNum":0,"discountRate":null,"num":134}]}}}
*************** info log end ***************

[2018-08-02T09:12:36.911] [INFO] /middleware/auth - 
*************** response log start ***************
request method: POST
request originalUrl:  /api/usercenter/queryCoupon
request client ip:  ::ffff:127.0.0.1
request body: 
{"isApp":"2","channelNo":"1000001","maxLen":"1","branch":"1001","channel":"2","shopSn":"B00019","userId":"1500","currentPageNum":"1","pageCount":"10","nofflx":"4","syzt":"0"}
response time: 369
response status: 200
response body: 
{"code":"000000","message":"业务处理成功！","result":{"entity":{"wsyNum":19,"yhyNum":0,"ysxNum":43,"dyje":0,"dyjeShow":0,"allNum":62},"list":{"totalRowCount":19,"totalPage":2,"pageRowCount":10,"currentPageNu":1,"startPageRowCount":0,"endPageRowCount":10,"datas":[{"yhqid":9,"yhqmc":"价值10000元的的英捷健身会员储值卡","ffpt":null,"sypt":"000","area":"0","xfmdlx":"0","tzsp":"0","yhqlx":"7","yhqFunc":"0","zht":"1","sxsj":1524931200000,"gqsj":1534607999000,"startTimeAll":null,"endTimeAll":null,"xlzs":1,"jxzxzf":"0","yhqtp":"group1/M00/00/B4/wKieqlqwwoSAc2-tAAAGdTS94jc709.png","mdfwjh":null,"dyje":1000000,"xddje":0,"slxz":0,"tjsj":1521533574740,"gly":1,"lqsl":0,"xxsl":0,"dxsl":341,"ylsl":0,"jygly":null,"jyglymc":null,"jysj":null,"typeid":1,"glymc":"1","areaName":"全国","mdDiscribe":null,"proDiscribe":null,"costType":"1","isSingle":"1","ysqIds":null,"ysqNums":null,"brandImg":null,"brandDesc":null,"name":null,"yhm":"YJhMumcD_7","syzt":"0","shopList":null,"yhqCostlist":[],"yhqYsplist":null,"sflq":"0","ylqsl":null,"yhqms":"价值10000元的的英捷健身会员储值卡","yxqlx":"1","yxqts":111,"useTimeLimit":"0","yearLimit":null,"dayLimit":null,"timeLimit":null,"isLq":"0","sjdyje":null,"userId":1500,"sysj":null,"numFd":null,"specialAmount":0,"couponValue":0,"tgProductId":null,"branch":null,"channel":null,"branchName":null,"tjProId":null,"tjProNum":0,"discountRate":null,"num":341},{"yhqid":82,"yhqmc":"D5免运费","ffpt":null,"sypt":"000","area":"0","xfmdlx":"0","tzsp":"0","yhqlx":"2","yhqFunc":null,"zht":"1","sxsj":1532361600000,"gqsj":1533311999000,"startTimeAll":null,"endTimeAll":null,"xlzs":1,"jxzxzf":"0","yhqtp":"group1/M00/00/C1/wKieqlrJ3pyADE_MAAAPzB1_4Kg232.png","mdfwjh":null,"dyje":0,"xddje":0,"slxz":0,"tjsj":1523179207360,"gly":1,"lqsl":0,"xxsl":0,"dxsl":111,"ylsl":0,"jygly":null,"jyglymc":null,"jysj":null,"typeid":1,"glymc":"1","areaName":"全国","mdDiscribe":null,"proDiscribe":null,"costType":"1","isSingle":"1","ysqIds":null,"ysqNums":null,"brandImg":"group1/M00/00/C1/wKieqlrJ3rSAAZvvAABoURZx_TE009.png","brandDesc":"group1/M00/00/C1/wKieqlrJ3sWAW_aYAABmk2gkTcQ524.png","name":null,"yhm":"3FPem1E2_2","syzt":"0","shopList":null,"yhqCostlist":[],"yhqYsplist":null,"sflq":"0","ylqsl":null,"yhqms":"D5免运费","yxqlx":"1","yxqts":10,"useTimeLimit":"0","yearLimit":null,"dayLimit":null,"timeLimit":null,"isLq":"0","sjdyje":null,"userId":1500,"sysj":null,"numFd":null,"specialAmount":0,"couponValue":0,"tgProductId":null,"branch":null,"channel":null,"branchName":null,"tjProId":null,"tjProNum":0,"discountRate":null,"num":111},{"yhqid":82,"yhqmc":"D5免运费","ffpt":null,"sypt":"000","area":"0","xfmdlx":"0","tzsp":"0","yhqlx":"2","yhqFunc":null,"zht":"1","sxsj":1532361600000,"gqsj":1533311999000,"startTimeAll":null,"endTimeAll":null,"xlzs":1,"jxzxzf":"0","yhqtp":"group1/M00/00/C1/wKieqlrJ3pyADE_MAAAPzB1_4Kg232.png","mdfwjh":null,"dyje":0,"xddje":0,"slxz":0,"tjsj":1523179207360,"gly":1,"lqsl":0,"xxsl":0,"dxsl":111,"ylsl":0,"jygly":null,"jyglymc":null,"jysj":null,"typeid":1,"glymc":"1","areaName":"全国","mdDiscribe":null,"proDiscribe":null,"costType":"1","isSingle":"1","ysqIds":null,"ysqNums":null,"brandImg":"group1/M00/00/C1/wKieqlrJ3rSAAZvvAABoURZx_TE009.png","brandDesc":"group1/M00/00/C1/wKieqlrJ3sWAW_aYAABmk2gkTcQ524.png","name":null,"yhm":"6jcIUks2_2","syzt":"0","shopList":null,"yhqCostlist":[],"yhqYsplist":null,"sflq":"0","ylqsl":null,"yhqms":"D5免运费","yxqlx":"1","yxqts":10,"useTimeLimit":"0","yearLimit":null,"dayLimit":null,"timeLimit":null,"isLq":"0","sjdyje":null,"userId":1500,"sysj":null,"numFd":null,"specialAmount":0,"couponValue":0,"tgProductId":null,"branch":null,"channel":null,"branchName":null,"tjProId":null,"tjProNum":0,"discountRate":null,"num":111},{"yhqid":40,"yhqmc":"298元铁板自助券","ffpt":null,"sypt":"000","area":"0","xfmdlx":"0","tzsp":"0","yhqlx":"6","yhqFunc":null,"zht":"1","sxsj":1524758400000,"gqsj":1556380799000,"startTimeAll":null,"endTimeAll":null,"xlzs":1,"jxzxzf":"0","yhqtp":"group1/M00/00/BD/wKieqlq8iI-AGruXAAC1117eVEY974.JPG","mdfwjh":null,"dyje":0,"xddje":0,"slxz":0,"tjsj":1522305176920,"gly":1,"lqsl":0,"xxsl":0,"dxsl":134,"ylsl":0,"jygly":null,"jyglymc":null,"jysj":null,"typeid":6,"glymc":"1","areaName":"全国","mdDiscribe":null,"proDiscribe":null,"costType":"1","isSingle":"1","ysqIds":null,"ysqNums":null,"brandImg":null,"brandDesc":null,"name":null,"yhm":"CRzlArmo_6","syzt":"0","shopList":null,"yhqCostlist":[],"yhqYsplist":null,"sflq":"0","ylqsl":null,"yhqms":"此券适用于堂食，不适用于外送服务；此券不与店内其他优惠同时使用；","yxqlx":"1","yxqts":365,"useTimeLimit":"0","yearLimit":null,"dayLimit":null,"timeLimit":null,"isLq":"0","sjdyje":null,"userId":1500,"sysj":null,"numFd":null,"specialAmount":0,"couponValue":29800,"tgProductId":null,"branch":null,"channel":null,"branchName":null,"tjProId":null,"tjProNum":0,"discountRate":null,"num":134},{"yhqid":40,"yhqmc":"298元铁板自助券","ffpt":null,"sypt":"000","area":"0","xfmdlx":"0","tzsp":"0","yhqlx":"6","yhqFunc":null,"zht":"1","sxsj":1524758400000,"gqsj":1556380799000,"startTimeAll":null,"endTimeAll":null,"xlzs":1,"jxzxzf":"0","yhqtp":"group1/M00/00/BD/wKieqlq8iI-AGruXAAC1117eVEY974.JPG","mdfwjh":null,"dyje":0,"xddje":0,"slxz":0,"tjsj":1522305176920,"gly":1,"lqsl":0,"xxsl":0,"dxsl":134,"ylsl":0,"jygly":null,"jyglymc":null,"jysj":null,"typeid":6,"glymc":"1","areaName":"全国","mdDiscribe":null,"proDiscribe":null,"costType":"1","isSingle":"1","ysqIds":null,"ysqNums":null,"brandImg":null,"brandDesc":null,"name":null,"yhm":"Fv82uaaF_6","syzt":"0","shopList":null,"yhqCostlist":[],"yhqYsplist":null,"sflq":"0","ylqsl":null,"yhqms":"此券适用于堂食，不适用于外送服务；此券不与店内其他优惠同时使用；","yxqlx":"1","yxqts":365,"useTimeLimit":"0","yearLimit":null,"dayLimit":null,"timeLimit":null,"isLq":"0","sjdyje":null,"userId":1500,"sysj":null,"numFd":null,"specialAmount":0,"couponValue":29800,"tgProductId":null,"branch":null,"channel":null,"branchName":null,"tjProId":null,"tjProNum":0,"discountRate":null,"num":134},{"yhqid":40,"yhqmc":"298元铁板自助券","ffpt":null,"sypt":"000","area":"0","xfmdlx":"0","tzsp":"0","yhqlx":"6","yhqFunc":null,"zht":"1","sxsj":1524758400000,"gqsj":1556380799000,"startTimeAll":null,"endTimeAll":null,"xlzs":1,"jxzxzf":"0","yhqtp":"group1/M00/00/BD/wKieqlq8iI-AGruXAAC1117eVEY974.JPG","mdfwjh":null,"dyje":0,"xddje":0,"slxz":0,"tjsj":1522305176920,"gly":1,"lqsl":0,"xxsl":0,"dxsl":134,"ylsl":0,"jygly":null,"jyglymc":null,"jysj":null,"typeid":6,"glymc":"1","areaName":"全国","mdDiscribe":null,"proDiscribe":null,"costType":"1","isSingle":"1","ysqIds":null,"ysqNums":null,"brandImg":null,"brandDesc":null,"name":null,"yhm":"nKxHdWkt_6","syzt":"0","shopList":null,"yhqCostlist":[],"yhqYsplist":null,"sflq":"0","ylqsl":null,"yhqms":"此券适用于堂食，不适用于外送服务；此券不与店内其他优惠同时使用；","yxqlx":"1","yxqts":365,"useTimeLimit":"0","yearLimit":null,"dayLimit":null,"timeLimit":null,"isLq":"0","sjdyje":null,"userId":1500,"sysj":null,"numFd":null,"specialAmount":0,"couponValue":29800,"tgProductId":null,"branch":null,"channel":null,"branchName":null,"tjProId":null,"tjProNum":0,"discountRate":null,"num":134},{"yhqid":40,"yhqmc":"298元铁板自助券","ffpt":null,"sypt":"000","area":"0","xfmdlx":"0","tzsp":"0","yhqlx":"6","yhqFunc":null,"zht":"1","sxsj":1524758400000,"gqsj":1556380799000,"startTimeAll":null,"endTimeAll":null,"xlzs":1,"jxzxzf":"0","yhqtp":"group1/M00/00/BD/wKieqlq8iI-AGruXAAC1117eVEY974.JPG","mdfwjh":null,"dyje":0,"xddje":0,"slxz":0,"tjsj":1522305176920,"gly":1,"lqsl":0,"xxsl":0,"dxsl":134,"ylsl":0,"jygly":null,"jyglymc":null,"jysj":null,"typeid":6,"glymc":"1","areaName":"全国","mdDiscribe":null,"proDiscribe":null,"costType":"1","isSingle":"1","ysqIds":null,"ysqNums":null,"brandImg":null,"brandDesc":null,"name":null,"yhm":"TMxCF2GM_6","syzt":"0","shopList":null,"yhqCostlist":[],"yhqYsplist":null,"sflq":"0","ylqsl":null,"yhqms":"此券适用于堂食，不适用于外送服务；此券不与店内其他优惠同时使用；","yxqlx":"1","yxqts":365,"useTimeLimit":"0","yearLimit":null,"dayLimit":null,"timeLimit":null,"isLq":"0","sjdyje":null,"userId":1500,"sysj":null,"numFd":null,"specialAmount":0,"couponValue":29800,"tgProductId":null,"branch":null,"channel":null,"branchName":null,"tjProId":null,"tjProNum":0,"discountRate":null,"num":134},{"yhqid":40,"yhqmc":"298元铁板自助券","ffpt":null,"sypt":"000","area":"0","xfmdlx":"0","tzsp":"0","yhqlx":"6","yhqFunc":null,"zht":"1","sxsj":1524758400000,"gqsj":1556380799000,"startTimeAll":null,"endTimeAll":null,"xlzs":1,"jxzxzf":"0","yhqtp":"group1/M00/00/BD/wKieqlq8iI-AGruXAAC1117eVEY974.JPG","mdfwjh":null,"dyje":0,"xddje":0,"slxz":0,"tjsj":1522305176920,"gly":1,"lqsl":0,"xxsl":0,"dxsl":134,"ylsl":0,"jygly":null,"jyglymc":null,"jysj":null,"typeid":6,"glymc":"1","areaName":"全国","mdDiscribe":null,"proDiscribe":null,"costType":"1","isSingle":"1","ysqIds":null,"ysqNums":null,"brandImg":null,"brandDesc":null,"name":null,"yhm":"z2Nn4Jaw_6","syzt":"0","shopList":null,"yhqCostlist":[],"yhqYsplist":null,"sflq":"0","ylqsl":null,"yhqms":"此券适用于堂食，不适用于外送服务；此券不与店内其他优惠同时使用；","yxqlx":"1","yxqts":365,"useTimeLimit":"0","yearLimit":null,"dayLimit":null,"timeLimit":null,"isLq":"0","sjdyje":null,"userId":1500,"sysj":null,"numFd":null,"specialAmount":0,"couponValue":29800,"tgProductId":null,"branch":null,"channel":null,"branchName":null,"tjProId":null,"tjProNum":0,"discountRate":null,"num":134},{"yhqid":40,"yhqmc":"298元铁板自助券","ffpt":null,"sypt":"000","area":"0","xfmdlx":"0","tzsp":"0","yhqlx":"6","yhqFunc":null,"zht":"1","sxsj":1524758400000,"gqsj":1556380799000,"startTimeAll":null,"endTimeAll":null,"xlzs":1,"jxzxzf":"0","yhqtp":"group1/M00/00/BD/wKieqlq8iI-AGruXAAC1117eVEY974.JPG","mdfwjh":null,"dyje":0,"xddje":0,"slxz":0,"tjsj":1522305176920,"gly":1,"lqsl":0,"xxsl":0,"dxsl":134,"ylsl":0,"jygly":null,"jyglymc":null,"jysj":null,"typeid":6,"glymc":"1","areaName":"全国","mdDiscribe":null,"proDiscribe":null,"costType":"1","isSingle":"1","ysqIds":null,"ysqNums":null,"brandImg":null,"brandDesc":null,"name":null,"yhm":"MXfO9JaE_6","syzt":"0","shopList":null,"yhqCostlist":[],"yhqYsplist":null,"sflq":"0","ylqsl":null,"yhqms":"此券适用于堂食，不适用于外送服务；此券不与店内其他优惠同时使用；","yxqlx":"1","yxqts":365,"useTimeLimit":"0","yearLimit":null,"dayLimit":null,"timeLimit":null,"isLq":"0","sjdyje":null,"userId":1500,"sysj":null,"numFd":null,"specialAmount":0,"couponValue":29800,"tgProductId":null,"branch":null,"channel":null,"branchName":null,"tjProId":null,"tjProNum":0,"discountRate":null,"num":134},{"yhqid":40,"yhqmc":"298元铁板自助券","ffpt":null,"sypt":"000","area":"0","xfmdlx":"0","tzsp":"0","yhqlx":"6","yhqFunc":null,"zht":"1","sxsj":1524758400000,"gqsj":1556380799000,"startTimeAll":null,"endTimeAll":null,"xlzs":1,"jxzxzf":"0","yhqtp":"group1/M00/00/BD/wKieqlq8iI-AGruXAAC1117eVEY974.JPG","mdfwjh":null,"dyje":0,"xddje":0,"slxz":0,"tjsj":1522305176920,"gly":1,"lqsl":0,"xxsl":0,"dxsl":134,"ylsl":0,"jygly":null,"jyglymc":null,"jysj":null,"typeid":6,"glymc":"1","areaName":"全国","mdDiscribe":null,"proDiscribe":null,"costType":"1","isSingle":"1","ysqIds":null,"ysqNums":null,"brandImg":null,"brandDesc":null,"name":null,"yhm":"54jl0bOv_6","syzt":"0","shopList":null,"yhqCostlist":[],"yhqYsplist":null,"sflq":"0","ylqsl":null,"yhqms":"此券适用于堂食，不适用于外送服务；此券不与店内其他优惠同时使用；","yxqlx":"1","yxqts":365,"useTimeLimit":"0","yearLimit":null,"dayLimit":null,"timeLimit":null,"isLq":"0","sjdyje":null,"userId":1500,"sysj":null,"numFd":null,"specialAmount":0,"couponValue":29800,"tgProductId":null,"branch":null,"channel":null,"branchName":null,"tjProId":null,"tjProNum":0,"discountRate":null,"num":134}]}}}
*************** response log end ***************

[2018-08-02T09:58:18.876] [INFO] /middleware/auth - 
*************** info log start ***************
info body: app started at port 3012...
*************** info log end ***************

[2018-08-02T09:58:18.932] [INFO] /middleware/auth - 
*************** info log start ***************
info body: 获取access_token请求参数 ====>https://api.weixin.qq.com/cgi-bin/token?grant_type=client_credential&appid=wxab77e84af1269540&secret=1a6bd784f8a52ad2c9d33b545d1a41c6
*************** info log end ***************

[2018-08-02T09:58:19.386] [INFO] /middleware/auth - 
*************** info log start ***************
info body: 获取access_token成功 ====>{"errcode":40164,"errmsg":"invalid ip 223.223.195.188, not in whitelist hint: [q941_a01001501]"}
*************** info log end ***************

[2018-08-02T09:58:19.387] [INFO] /middleware/auth - 
*************** info log start ***************
info body: 获取 Ticket 请求参数 ====>https://api.weixin.qq.com/cgi-bin/ticket/getticket?type=jsapi&access_token=undefined
*************** info log end ***************

[2018-08-02T09:58:19.555] [INFO] /middleware/auth - 
*************** info log start ***************
info body: 获取 Ticket 成功 ====>{"errcode":40001,"errmsg":"invalid credential, access_token is invalid or not latest hint: [Y0100vr43!]"}
*************** info log end ***************

[2018-08-02T09:58:34.406] [INFO] /middleware/auth - 
*************** info log start ***************
info body: 获取请求参数 ==> {"isApp":"2","channelNo":"1000001","maxLen":"1","branch":"1001","channel":"2","shopSn":"B00019","platform":"0","userId":"1500"}
*************** info log end ***************

[2018-08-02T09:58:34.406] [INFO] /middleware/auth - 
*************** info log start ***************
info body: 接口地址[ http://49.4.5.233:8117/org/business/OR200101.do ]请求数据 ===>{"url":"http://49.4.5.233:8117/org/business/OR200101.do","method":"POST","json":true,"headers":{"Content-Type":"application/x-www-form-urlencoded; charset=UTF-8","merchantNo":"000006","signType":"MD5","developToken":"000006","tokenPassword":"1qaz2wsx"},"form":{"isApp":"2","channelNo":"1000002","maxLen":"1","branch":"1001","channel":"2","shopSn":"B00019","platform":"0","userId":"1500","userShopPlatformKey":"1500_B00019_platform0"}}
*************** info log end ***************

[2018-08-02T09:58:34.745] [INFO] /middleware/auth - 
*************** info log start ***************
info body: 接口地址[ http://49.4.5.233:8117/org/business/OR200101.do ]返回数据 ===>{"code":"000000","message":"业务处理成功！","result":{"startMoney":0,"cartNum":3,"totalNum":3,"isHasHg":false,"cxSubMoney":0,"realTotalMoney":75,"shopDesc":"满40减5；满30免运费；","osEntity":{"address":"","isSend":"0","remark":"","couponId":0,"orgTotalMoney":0,"realTotalMoney":0,"checkPrice":0,"usedScore":0,"scoreMoney":0,"coupMoney":0,"topSendPrice":0,"isApp":"0","itemBranchList":[{"branchName":"D5厨房","branchType":"1001","itemCookList":[{"cookName":"外卖","cookType":"2","supplierList":[{"supplierId":0,"supplierName":"(官庄店)","sendPrice":0,"acceptTime":"","buyerNote":"","itemShopMoney":75,"shopLabel":"1_5","productIds":"","startSendPrice":30,"checkPrice":75,"productList":[{"product":{"productId":"10000071","productName":"拿铁","orgPrice":15,"price":15,"supplierId":0,"addCarTime":0,"proImg":"group1/M00/00/DB/wKieqlsFPv2AE7G3AADcJftSjpw251.jpg","status":"1","xianGou":0,"nativePid":10000071,"stock":"10043","baoZhuang":0,"cxSubPrice":0,"cxType":"","youhuiType":"","gradeName":"","cxJianShu":0,"cxName":"","cxTenFive":"","isCook":"2","guiGe":"中杯 ","productNote":"","branch":"1001","isSchedule":"0","supplyTimes":"00:00-23:59","proType":""},"numproductId":"10000071","num":1,"itemTotalPrice":15,"addTime":1533116813031,"isSelected":"2","bg":15,"bz":0},{"product":{"productId":"10000072","productName":"卡布奇诺","orgPrice":30,"price":30,"supplierId":0,"addCarTime":0,"proImg":"group1/M00/00/DC/wKieqlsOCR-ALuScAAEZeG4by-k258.jpg","status":"1","xianGou":0,"nativePid":10000072,"stock":"10105","baoZhuang":0,"cxSubPrice":0,"cxType":"","youhuiType":"","gradeName":"","cxJianShu":0,"cxName":"","cxTenFive":"","isCook":"2","guiGe":"大杯 ","productNote":"","branch":"1001","isSchedule":"0","supplyTimes":"00:00-23:59","proType":""},"numproductId":"10000072","num":1,"itemTotalPrice":30,"addTime":1533116811410,"isSelected":"2","bg":30,"bz":0},{"product":{"productId":"10006721","productName":"拿铁咖啡","orgPrice":30,"price":30,"supplierId":0,"addCarTime":0,"proImg":"group1/M00/00/D5/wKieqlrxGpaAdGXJAAAQ_EHtrMQ050.jpg","status":"1","xianGou":0,"nativePid":10006721,"stock":"9995","baoZhuang":10,"cxSubPrice":0,"cxType":"","youhuiType":"","gradeName":"","cxJianShu":0,"cxName":"","cxTenFive":"","isCook":"2","guiGe":"大杯 ","productNote":"","branch":"1001","isSchedule":"0","supplyTimes":"00:00-23:59","proType":""},"numproductId":"10006721","num":1,"itemTotalPrice":30,"addTime":1533116808073,"isSelected":"2","bg":30,"bz":10}]}],"opList":[]}]}],"fanxianMoney":0,"topBaoZhuang":10,"packingFee":0,"productIds":"","numIds":"","totalCxSubPrice":0,"removableSendPrice":0},"isGive":false,"isHg":false}}
*************** info log end ***************

[2018-08-02T09:58:34.746] [INFO] /middleware/auth - 
*************** response log start ***************
request method: POST
request originalUrl:  /api/shopcart/shoppingList
request client ip:  ::ffff:127.0.0.1
request body: 
{"isApp":"2","channelNo":"1000001","maxLen":"1","branch":"1001","channel":"2","shopSn":"B00019","platform":"0","userId":"1500"}
response time: 344
response status: 200
response body: 
{"code":"000000","message":"业务处理成功！","result":{"startMoney":0,"cartNum":3,"totalNum":3,"isHasHg":false,"cxSubMoney":0,"realTotalMoney":75,"shopDesc":"满40减5；满30免运费；","osEntity":{"address":"","isSend":"0","remark":"","couponId":0,"orgTotalMoney":0,"realTotalMoney":0,"checkPrice":0,"usedScore":0,"scoreMoney":0,"coupMoney":0,"topSendPrice":0,"isApp":"0","itemBranchList":[{"branchName":"D5厨房","branchType":"1001","itemCookList":[{"cookName":"外卖","cookType":"2","supplierList":[{"supplierId":0,"supplierName":"(官庄店)","sendPrice":0,"acceptTime":"","buyerNote":"","itemShopMoney":75,"shopLabel":"1_5","productIds":"","startSendPrice":30,"checkPrice":75,"productList":[{"product":{"productId":"10000071","productName":"拿铁","orgPrice":15,"price":15,"supplierId":0,"addCarTime":0,"proImg":"group1/M00/00/DB/wKieqlsFPv2AE7G3AADcJftSjpw251.jpg","status":"1","xianGou":0,"nativePid":10000071,"stock":"10043","baoZhuang":0,"cxSubPrice":0,"cxType":"","youhuiType":"","gradeName":"","cxJianShu":0,"cxName":"","cxTenFive":"","isCook":"2","guiGe":"中杯 ","productNote":"","branch":"1001","isSchedule":"0","supplyTimes":"00:00-23:59","proType":"","isOtherPro":false,"isExchange":false,"isExchangePro":false,"cxPrice":"15.00","singleCxSubPrice":0},"numproductId":"10000071","num":1,"itemTotalPrice":15,"addTime":1533116813031,"isSelected":"2","bg":15,"bz":0},{"product":{"productId":"10000072","productName":"卡布奇诺","orgPrice":30,"price":30,"supplierId":0,"addCarTime":0,"proImg":"group1/M00/00/DC/wKieqlsOCR-ALuScAAEZeG4by-k258.jpg","status":"1","xianGou":0,"nativePid":10000072,"stock":"10105","baoZhuang":0,"cxSubPrice":0,"cxType":"","youhuiType":"","gradeName":"","cxJianShu":0,"cxName":"","cxTenFive":"","isCook":"2","guiGe":"大杯 ","productNote":"","branch":"1001","isSchedule":"0","supplyTimes":"00:00-23:59","proType":"","isOtherPro":false,"isExchange":false,"isExchangePro":false,"cxPrice":"30.00","singleCxSubPrice":0},"numproductId":"10000072","num":1,"itemTotalPrice":30,"addTime":1533116811410,"isSelected":"2","bg":30,"bz":0},{"product":{"productId":"10006721","productName":"拿铁咖啡","orgPrice":30,"price":30,"supplierId":0,"addCarTime":0,"proImg":"group1/M00/00/D5/wKieqlrxGpaAdGXJAAAQ_EHtrMQ050.jpg","status":"1","xianGou":0,"nativePid":10006721,"stock":"9995","baoZhuang":10,"cxSubPrice":0,"cxType":"","youhuiType":"","gradeName":"","cxJianShu":0,"cxName":"","cxTenFive":"","isCook":"2","guiGe":"大杯 ","productNote":"","branch":"1001","isSchedule":"0","supplyTimes":"00:00-23:59","proType":"","isOtherPro":false,"isExchange":false,"isExchangePro":false,"cxPrice":"30.00","singleCxSubPrice":0},"numproductId":"10006721","num":1,"itemTotalPrice":30,"addTime":1533116808073,"isSelected":"2","bg":30,"bz":10}],"isFetchSend":true}],"opList":[]}]}],"fanxianMoney":0,"topBaoZhuang":10,"packingFee":0,"productIds":"","numIds":"","totalCxSubPrice":0,"removableSendPrice":0},"isGive":false,"isHg":false}}
*************** response log end ***************

[2018-08-02T09:58:36.483] [INFO] /middleware/auth - 
*************** info log start ***************
info body: 获取请求参数 ==> {"isApp":"2","channelNo":"1000001","maxLen":"1","branch":"1001","channel":"2","shopSn":"B00019","addressId":"412"}
*************** info log end ***************

[2018-08-02T09:58:36.484] [INFO] /middleware/auth - 
*************** response log start ***************
request method: POST
request originalUrl:  /api/shopcart/filterAddress
request client ip:  ::ffff:127.0.0.1
request body: 
{"isApp":"2","channelNo":"1000001","maxLen":"1","branch":"1001","channel":"2","shopSn":"B00019","addressId":"412"}
response time: 1
response status: 200
response body: 
{"code":"000000","message":"业务处理成功","result":{"defaultAddress":{}}}
*************** response log end ***************

[2018-08-02T09:58:36.703] [INFO] /middleware/auth - 
*************** info log start ***************
info body: 获取请求参数 ==> {"isApp":"2","channelNo":"1000001","maxLen":"1","branch":"1001","channel":"2","shopSn":"B00019","platform":"0","isSend":"0","froms":"0","isPre":"0","productIds":"10000071,10000072,10006721","userId":"1500"}
*************** info log end ***************

[2018-08-02T09:58:36.703] [INFO] /middleware/auth - 
*************** info log start ***************
info body: 接口地址[ http://49.4.5.233:8117/org/business/OR200102.do ]请求数据 ===>{"url":"http://49.4.5.233:8117/org/business/OR200102.do","method":"POST","json":true,"headers":{"Content-Type":"application/x-www-form-urlencoded; charset=UTF-8","merchantNo":"000006","signType":"MD5","developToken":"000006","tokenPassword":"1qaz2wsx"},"form":{"isApp":"2","channelNo":"1000002","maxLen":"1","branch":"1001","channel":"2","shopSn":"B00019","platform":"0","isSend":"0","froms":"0","isPre":"0","productIds":"10000071,10000072,10006721","userId":"1500"}}
*************** info log end ***************

[2018-08-02T09:58:40.836] [INFO] /middleware/auth - 
*************** info log start ***************
info body: 接口地址[ http://49.4.5.233:8117/org/business/OR200102.do ]返回数据 ===>{"code":"000000","message":"业务处理成功！","result":{"osEntity":{"address":"","isSend":"0","remark":"","couponId":0,"orgTotalMoney":75,"realTotalMoney":80,"checkPrice":75,"usedScore":0,"scoreMoney":0,"coupMoney":0,"topSendPrice":15,"isApp":"0","itemBranchList":[{"branchName":"D5厨房","branchType":"1001","itemCookList":[{"cookName":"外卖","cookType":"2","supplierList":[{"supplierId":0,"supplierName":"(官庄店)","sendPrice":15,"acceptTime":"","buyerNote":"","itemShopMoney":90,"shopLabel":"1_5","productIds":"","startSendPrice":30,"checkPrice":75,"productList":[{"product":{"productId":"10000071","productName":"拿铁","orgPrice":15,"price":15,"supplierId":0,"addCarTime":0,"proImg":"group1/M00/00/DB/wKieqlsFPv2AE7G3AADcJftSjpw251.jpg","status":"1","xianGou":0,"nativePid":10000071,"stock":"10043","baoZhuang":0,"cxSubPrice":0,"cxType":"","youhuiType":"","gradeName":"","cxJianShu":0,"cxName":"","cxTenFive":"","isCook":"2","guiGe":"中杯 ","productNote":"","branch":"1001","isSchedule":"0","supplyTimes":"00:00-23:59","proType":""},"numproductId":"10000071","num":1,"itemTotalPrice":15,"addTime":1533116813031,"isSelected":"2","bg":15,"bz":0},{"product":{"productId":"10000072","productName":"卡布奇诺","orgPrice":30,"price":30,"supplierId":0,"addCarTime":0,"proImg":"group1/M00/00/DC/wKieqlsOCR-ALuScAAEZeG4by-k258.jpg","status":"1","xianGou":0,"nativePid":10000072,"stock":"10105","baoZhuang":0,"cxSubPrice":0,"cxType":"","youhuiType":"","gradeName":"","cxJianShu":0,"cxName":"","cxTenFive":"","isCook":"2","guiGe":"大杯 ","productNote":"","branch":"1001","isSchedule":"0","supplyTimes":"00:00-23:59","proType":""},"numproductId":"10000072","num":1,"itemTotalPrice":30,"addTime":1533116811410,"isSelected":"2","bg":30,"bz":0},{"product":{"productId":"10006721","productName":"拿铁咖啡","orgPrice":30,"price":30,"supplierId":0,"addCarTime":0,"proImg":"group1/M00/00/D5/wKieqlrxGpaAdGXJAAAQ_EHtrMQ050.jpg","status":"1","xianGou":0,"nativePid":10006721,"stock":"9995","baoZhuang":10,"cxSubPrice":0,"cxType":"","youhuiType":"","gradeName":"","cxJianShu":0,"cxName":"","cxTenFive":"","isCook":"2","guiGe":"大杯 ","productNote":"","branch":"1001","isSchedule":"0","supplyTimes":"00:00-23:59","proType":""},"numproductId":"10006721","num":1,"itemTotalPrice":30,"addTime":1533116808073,"isSelected":"2","bg":30,"bz":10}]}],"opList":[]}]}],"fanxianMoney":5,"topBaoZhuang":10,"packingFee":0,"productIds":"","numIds":"","totalCxSubPrice":0,"removableSendPrice":15},"couponCount":2,"isFreeSend":"0","cxSubPrice":0,"totalNum":3,"couponList":[{"yhqid":82,"yhqmc":"D5免运费","ffpt":null,"sypt":null,"area":"0","xfmdlx":"0","tzsp":"0","yhqlx":"2","yhqFunc":null,"zht":"1","sxsj":1532361600000,"gqsj":1533311999000,"startTimeAll":null,"endTimeAll":null,"xlzs":1,"jxzxzf":"0","yhqtp":"group1/M00/00/C1/wKieqlrJ3pyADE_MAAAPzB1_4Kg232.png","mdfwjh":null,"dyje":0,"xddje":0,"slxz":0,"tjsj":1523179207360,"gly":1,"lqsl":0,"xxsl":0,"dxsl":111,"ylsl":0,"jygly":null,"jyglymc":null,"jysj":null,"typeid":1,"glymc":"1","areaName":"全国","mdDiscribe":null,"proDiscribe":null,"costType":"1","isSingle":"1","ysqIds":null,"ysqNums":null,"brandImg":"group1/M00/00/C1/wKieqlrJ3rSAAZvvAABoURZx_TE009.png","brandDesc":"group1/M00/00/C1/wKieqlrJ3sWAW_aYAABmk2gkTcQ524.png","name":null,"yhm":"3FPem1E2_2","syzt":null,"shopList":null,"yhqCostlist":[],"yhqYsplist":[],"sflq":"0","ylqsl":null,"yhqms":"D5免运费","yxqlx":"0","yxqts":10,"useTimeLimit":"0","yearLimit":null,"dayLimit":null,"timeLimit":null,"isLq":"0","sjdyje":0,"userId":null,"sysj":null,"numFd":null,"specialAmount":0,"couponValue":0,"tgProductId":null,"branch":null,"channel":null,"branchName":null,"tjProId":null,"tjProNum":0,"discountRate":null,"num":111},{"yhqid":82,"yhqmc":"D5免运费","ffpt":null,"sypt":null,"area":"0","xfmdlx":"0","tzsp":"0","yhqlx":"2","yhqFunc":null,"zht":"1","sxsj":1532361600000,"gqsj":1533311999000,"startTimeAll":null,"endTimeAll":null,"xlzs":1,"jxzxzf":"0","yhqtp":"group1/M00/00/C1/wKieqlrJ3pyADE_MAAAPzB1_4Kg232.png","mdfwjh":null,"dyje":0,"xddje":0,"slxz":0,"tjsj":1523179207360,"gly":1,"lqsl":0,"xxsl":0,"dxsl":111,"ylsl":0,"jygly":null,"jyglymc":null,"jysj":null,"typeid":1,"glymc":"1","areaName":"全国","mdDiscribe":null,"proDiscribe":null,"costType":"1","isSingle":"1","ysqIds":null,"ysqNums":null,"brandImg":"group1/M00/00/C1/wKieqlrJ3rSAAZvvAABoURZx_TE009.png","brandDesc":"group1/M00/00/C1/wKieqlrJ3sWAW_aYAABmk2gkTcQ524.png","name":null,"yhm":"6jcIUks2_2","syzt":null,"shopList":null,"yhqCostlist":[],"yhqYsplist":[],"sflq":"0","ylqsl":null,"yhqms":"D5免运费","yxqlx":"0","yxqts":10,"useTimeLimit":"0","yearLimit":null,"dayLimit":null,"timeLimit":null,"isLq":"0","sjdyje":0,"userId":null,"sysj":null,"numFd":null,"specialAmount":0,"couponValue":0,"tgProductId":null,"branch":null,"channel":null,"branchName":null,"tjProId":null,"tjProNum":0,"discountRate":null,"num":111}],"topBaoZhuang":10,"scoreTotal":1850,"scoreRate":0.05,"listDis":[{"id":418,"userId":1500,"name":"18618196312","phone":"","mobile":"18618196312","districtCode":"001001001005","isHost":"0","sex":"1","address":"北京市朝阳区东三环北路28","houseNumber":null,"postCode":"","areas":"北京市北京市朝阳区","signArea":"博瑞大厦","latitude":"39.933780075532866","longitude":"116.46902299999994","province":"北京市","city":"北京市"},{"id":416,"userId":1500,"name":"18618196312","phone":"","mobile":"18618196312","districtCode":"001001001006","isHost":"1","sex":"1","address":"北京市丰台区菜户营南路辅路","houseNumber":null,"postCode":"","areas":"北京市北京市丰台区","signArea":"北京111文化产业园","latitude":"39.85855908136192","longitude":"116.35178199999993","province":"北京市","city":"北京市"},{"id":412,"userId":1500,"name":"阿萨德","phone":"","mobile":"18515079085","districtCode":"001001001001","isHost":"1","sex":"0","address":"北京市西城区西直门桥","houseNumber":null,"postCode":"","areas":"北京市北京市东城区","signArea":"地铁2号线","latitude":"39.946027","longitude":"116.362113","province":"北京市","city":"北京市"},{"id":410,"userId":1500,"name":"阿萨德","phone":"","mobile":"18515079086","districtCode":"001001001001","isHost":"1","sex":"0","address":"北京市海淀区巴沟路","houseNumber":null,"postCode":"","areas":"北京市北京市东城区","signArea":"地铁10号线","latitude":"39.980463","longitude":"116.300511","province":"北京市","city":"北京市"},{"id":385,"userId":1500,"name":"18618196312","phone":"","mobile":"1862","districtCode":"001001001006","isHost":"1","sex":"0","address":"北京市海淀区西四环中路辅路","houseNumber":null,"postCode":"","areas":"北京市北京市丰台区","signArea":"中国人民解放军总医院","latitude":"39.91096","longitude":"116.282965","province":"北京市","city":"北京市"}],"packingFee":0,"ifYuYue":"0","shopDesc":"满40减5；满30免运费；","currTime":1533174845260,"gradeLessMoney":0}}
*************** info log end ***************

[2018-08-02T09:58:40.837] [INFO] /middleware/auth - 
*************** response log start ***************
request method: POST
request originalUrl:  /api/shopcart/placeOrder
request client ip:  ::ffff:127.0.0.1
request body: 
{"isApp":"2","channelNo":"1000001","maxLen":"1","branch":"1001","channel":"2","shopSn":"B00019","platform":"0","isSend":"0","froms":"0","isPre":"0","productIds":"10000071,10000072,10006721","userId":"1500"}
response time: 4135
response status: 200
response body: 
{"code":"000000","message":"业务处理成功！","result":{"osEntity":{"address":"","isSend":"0","remark":"","couponId":0,"orgTotalMoney":75,"realTotalMoney":80,"checkPrice":75,"usedScore":0,"scoreMoney":0,"coupMoney":0,"topSendPrice":15,"isApp":"0","itemBranchList":[{"branchName":"D5厨房","branchType":"1001","itemCookList":[{"cookName":"外卖","cookType":"2","supplierList":[{"supplierId":0,"supplierName":"(官庄店)","sendPrice":15,"acceptTime":"","buyerNote":"","itemShopMoney":90,"shopLabel":"1_5","productIds":"","startSendPrice":30,"checkPrice":75,"productList":[{"product":{"productId":"10000071","productName":"拿铁","orgPrice":15,"price":15,"supplierId":0,"addCarTime":0,"proImg":"group1/M00/00/DB/wKieqlsFPv2AE7G3AADcJftSjpw251.jpg","status":"1","xianGou":0,"nativePid":10000071,"stock":"10043","baoZhuang":0,"cxSubPrice":0,"cxType":"","youhuiType":"","gradeName":"","cxJianShu":0,"cxName":"","cxTenFive":"","isCook":"2","guiGe":"中杯 ","productNote":"","branch":"1001","isSchedule":"0","supplyTimes":"00:00-23:59","proType":""},"numproductId":"10000071","num":1,"itemTotalPrice":15,"addTime":1533116813031,"isSelected":"2","bg":15,"bz":0},{"product":{"productId":"10000072","productName":"卡布奇诺","orgPrice":30,"price":30,"supplierId":0,"addCarTime":0,"proImg":"group1/M00/00/DC/wKieqlsOCR-ALuScAAEZeG4by-k258.jpg","status":"1","xianGou":0,"nativePid":10000072,"stock":"10105","baoZhuang":0,"cxSubPrice":0,"cxType":"","youhuiType":"","gradeName":"","cxJianShu":0,"cxName":"","cxTenFive":"","isCook":"2","guiGe":"大杯 ","productNote":"","branch":"1001","isSchedule":"0","supplyTimes":"00:00-23:59","proType":""},"numproductId":"10000072","num":1,"itemTotalPrice":30,"addTime":1533116811410,"isSelected":"2","bg":30,"bz":0},{"product":{"productId":"10006721","productName":"拿铁咖啡","orgPrice":30,"price":30,"supplierId":0,"addCarTime":0,"proImg":"group1/M00/00/D5/wKieqlrxGpaAdGXJAAAQ_EHtrMQ050.jpg","status":"1","xianGou":0,"nativePid":10006721,"stock":"9995","baoZhuang":10,"cxSubPrice":0,"cxType":"","youhuiType":"","gradeName":"","cxJianShu":0,"cxName":"","cxTenFive":"","isCook":"2","guiGe":"大杯 ","productNote":"","branch":"1001","isSchedule":"0","supplyTimes":"00:00-23:59","proType":""},"numproductId":"10006721","num":1,"itemTotalPrice":30,"addTime":1533116808073,"isSelected":"2","bg":30,"bz":10}]}],"opList":[]}]}],"fanxianMoney":5,"topBaoZhuang":10,"packingFee":0,"productIds":"","numIds":"","totalCxSubPrice":0,"removableSendPrice":15},"couponCount":2,"isFreeSend":"0","cxSubPrice":0,"totalNum":3,"couponList":[{"yhqid":82,"yhqmc":"D5免运费","ffpt":null,"sypt":null,"area":"0","xfmdlx":"0","tzsp":"0","yhqlx":"2","yhqFunc":null,"zht":"1","sxsj":1532361600000,"gqsj":1533311999000,"startTimeAll":null,"endTimeAll":null,"xlzs":1,"jxzxzf":"0","yhqtp":"group1/M00/00/C1/wKieqlrJ3pyADE_MAAAPzB1_4Kg232.png","mdfwjh":null,"dyje":0,"xddje":0,"slxz":0,"tjsj":1523179207360,"gly":1,"lqsl":0,"xxsl":0,"dxsl":111,"ylsl":0,"jygly":null,"jyglymc":null,"jysj":null,"typeid":1,"glymc":"1","areaName":"全国","mdDiscribe":null,"proDiscribe":null,"costType":"1","isSingle":"1","ysqIds":null,"ysqNums":null,"brandImg":"group1/M00/00/C1/wKieqlrJ3rSAAZvvAABoURZx_TE009.png","brandDesc":"group1/M00/00/C1/wKieqlrJ3sWAW_aYAABmk2gkTcQ524.png","name":null,"yhm":"3FPem1E2_2","syzt":null,"shopList":null,"yhqCostlist":[],"yhqYsplist":[],"sflq":"0","ylqsl":null,"yhqms":"D5免运费","yxqlx":"0","yxqts":10,"useTimeLimit":"0","yearLimit":null,"dayLimit":null,"timeLimit":null,"isLq":"0","sjdyje":0,"userId":null,"sysj":null,"numFd":null,"specialAmount":0,"couponValue":0,"tgProductId":null,"branch":null,"channel":null,"branchName":null,"tjProId":null,"tjProNum":0,"discountRate":null,"num":111},{"yhqid":82,"yhqmc":"D5免运费","ffpt":null,"sypt":null,"area":"0","xfmdlx":"0","tzsp":"0","yhqlx":"2","yhqFunc":null,"zht":"1","sxsj":1532361600000,"gqsj":1533311999000,"startTimeAll":null,"endTimeAll":null,"xlzs":1,"jxzxzf":"0","yhqtp":"group1/M00/00/C1/wKieqlrJ3pyADE_MAAAPzB1_4Kg232.png","mdfwjh":null,"dyje":0,"xddje":0,"slxz":0,"tjsj":1523179207360,"gly":1,"lqsl":0,"xxsl":0,"dxsl":111,"ylsl":0,"jygly":null,"jyglymc":null,"jysj":null,"typeid":1,"glymc":"1","areaName":"全国","mdDiscribe":null,"proDiscribe":null,"costType":"1","isSingle":"1","ysqIds":null,"ysqNums":null,"brandImg":"group1/M00/00/C1/wKieqlrJ3rSAAZvvAABoURZx_TE009.png","brandDesc":"group1/M00/00/C1/wKieqlrJ3sWAW_aYAABmk2gkTcQ524.png","name":null,"yhm":"6jcIUks2_2","syzt":null,"shopList":null,"yhqCostlist":[],"yhqYsplist":[],"sflq":"0","ylqsl":null,"yhqms":"D5免运费","yxqlx":"0","yxqts":10,"useTimeLimit":"0","yearLimit":null,"dayLimit":null,"timeLimit":null,"isLq":"0","sjdyje":0,"userId":null,"sysj":null,"numFd":null,"specialAmount":0,"couponValue":0,"tgProductId":null,"branch":null,"channel":null,"branchName":null,"tjProId":null,"tjProNum":0,"discountRate":null,"num":111}],"topBaoZhuang":10,"scoreTotal":1850,"scoreRate":0.05,"listDis":[{"id":418,"userId":1500,"name":"18618196312","phone":"","mobile":"18618196312","districtCode":"001001001005","isHost":"0","sex":"1","address":"北京市朝阳区东三环北路28","houseNumber":null,"postCode":"","areas":"北京市北京市朝阳区","signArea":"博瑞大厦","latitude":"39.933780075532866","longitude":"116.46902299999994","province":"北京市","city":"北京市"},{"id":416,"userId":1500,"name":"18618196312","phone":"","mobile":"18618196312","districtCode":"001001001006","isHost":"1","sex":"1","address":"北京市丰台区菜户营南路辅路","houseNumber":null,"postCode":"","areas":"北京市北京市丰台区","signArea":"北京111文化产业园","latitude":"39.85855908136192","longitude":"116.35178199999993","province":"北京市","city":"北京市"},{"id":412,"userId":1500,"name":"阿萨德","phone":"","mobile":"18515079085","districtCode":"001001001001","isHost":"1","sex":"0","address":"北京市西城区西直门桥","houseNumber":null,"postCode":"","areas":"北京市北京市东城区","signArea":"地铁2号线","latitude":"39.946027","longitude":"116.362113","province":"北京市","city":"北京市"},{"id":410,"userId":1500,"name":"阿萨德","phone":"","mobile":"18515079086","districtCode":"001001001001","isHost":"1","sex":"0","address":"北京市海淀区巴沟路","houseNumber":null,"postCode":"","areas":"北京市北京市东城区","signArea":"地铁10号线","latitude":"39.980463","longitude":"116.300511","province":"北京市","city":"北京市"},{"id":385,"userId":1500,"name":"18618196312","phone":"","mobile":"1862","districtCode":"001001001006","isHost":"1","sex":"0","address":"北京市海淀区西四环中路辅路","houseNumber":null,"postCode":"","areas":"北京市北京市丰台区","signArea":"中国人民解放军总医院","latitude":"39.91096","longitude":"116.282965","province":"北京市","city":"北京市"}],"packingFee":0,"ifYuYue":"0","shopDesc":"满40减5；满30免运费；","currTime":1533174845260,"gradeLessMoney":0,"defaultAddress":{"id":418,"userId":1500,"name":"18618196312","phone":"","mobile":"18618196312","districtCode":"001001001005","isHost":"0","sex":"1","address":"北京市朝阳区东三环北路28","houseNumber":null,"postCode":"","areas":"北京市北京市朝阳区","signArea":"博瑞大厦","latitude":"39.933780075532866","longitude":"116.46902299999994","province":"北京市","city":"北京市"}}}
*************** response log end ***************

