[2018-07-30T19:15:17.986] [INFO] /middleware/auth - 
*************** response log start ***************
request method: POST
request originalUrl:  /api/getUserInfo
request client ip:  ::ffff:127.0.0.1
request body: 
{"isApp":"2","channelNo":"1000001","maxLen":"1","branch":"1001","channel":"2","shopSn":"B00019"}
response time: 0
response status: 200
response body: 
{"code":"000000","message":"业务处理成功!","result":{"privilegeMember":{},"account":{},"grade":{},"user":{"userId":6,"phone":"15088297010","email":"","loginPwd":"b095f8aeb16f2d2f7fd8af3edb9799c0","loginPwdLevel":"1","unionid":null,"pcqquid":null,"qquid":null,"alipayuid":null,"uuid":null,"registerTime":1526291661223,"registerTimeStr":"2018-05-14 17:54:21","status":"1","isSelf":null,"channel":"web","userInfoId":6,"userName":null,"idType":null,"idNo":null,"nickName":null,"userImg":null,"sex":"0","tel":null,"qqNumber":null,"birthday":"2018-05-14","address":null,"loginNum":2,"loginTime":1526346634012,"loginTimeStr":"2018-05-15 09:10:34","loginIp":null,"cardId":6,"cardNo":"600079","typeCode":"VIP2","typeName":"会员卡","cardPwd":"b095f8aeb16f2d2f7fd8af3edb9799c0","cardStatus":"0","loginType":null,"loginAccount":null,"loginCardType":null}}}
*************** response log end ***************

[2018-07-30T19:15:19.033] [INFO] /middleware/auth - 
*************** response log start ***************
request method: POST
request originalUrl:  /api/getUserInfo
request client ip:  ::ffff:127.0.0.1
request body: 
{"isApp":"2","channelNo":"1000001","maxLen":"1","branch":"1001","channel":"2","shopSn":"B00019"}
response time: 0
response status: 200
response body: 
{"code":"000000","message":"业务处理成功!","result":{"privilegeMember":{},"account":{},"grade":{},"user":{"userId":6,"phone":"15088297010","email":"","loginPwd":"b095f8aeb16f2d2f7fd8af3edb9799c0","loginPwdLevel":"1","unionid":null,"pcqquid":null,"qquid":null,"alipayuid":null,"uuid":null,"registerTime":1526291661223,"registerTimeStr":"2018-05-14 17:54:21","status":"1","isSelf":null,"channel":"web","userInfoId":6,"userName":null,"idType":null,"idNo":null,"nickName":null,"userImg":null,"sex":"0","tel":null,"qqNumber":null,"birthday":"2018-05-14","address":null,"loginNum":2,"loginTime":1526346634012,"loginTimeStr":"2018-05-15 09:10:34","loginIp":null,"cardId":6,"cardNo":"600079","typeCode":"VIP2","typeName":"会员卡","cardPwd":"b095f8aeb16f2d2f7fd8af3edb9799c0","cardStatus":"0","loginType":null,"loginAccount":null,"loginCardType":null}}}
*************** response log end ***************

[2018-07-30T19:15:19.373] [INFO] /middleware/auth - 
*************** info log start ***************
info body: 获取请求参数 ==> {"isApp":"2","channelNo":"1000001","maxLen":"1","branch":"1001","channel":"2","shopSn":"B00019"}
*************** info log end ***************

[2018-07-30T19:15:19.373] [INFO] /middleware/auth - 
*************** info log start ***************
info body: 接口地址[ http://49.4.5.233:8117/org/business/CM100111.do ]请求数据 ===>{"url":"http://49.4.5.233:8117/org/business/CM100111.do","method":"POST","json":true,"headers":{"Content-Type":"application/x-www-form-urlencoded; charset=UTF-8","merchantNo":"000006","signType":"MD5","developToken":"000006","tokenPassword":"1qaz2wsx"},"form":{"isApp":"2","channelNo":"1000002","maxLen":"1","branch":"1001","channel":"2","shopSn":"B00019","placeSign":"BANNERDVER"}}
*************** info log end ***************

[2018-07-30T19:15:19.406] [INFO] /middleware/auth - 
*************** info log start ***************
info body: 接口地址[ http://49.4.5.233:8117/org/business/CM100111.do ]返回数据 ===>{"code":"000000","message":"业务处理成功！","result":{"banner":{"placeId":2,"placeName":"首页 - 置顶轮播Banner","placeWidth":750,"placeHeight":440,"creatorId":0,"createTime":1521531057594,"placeSign":"BANNERDVER","placeDesc":"首页轮番banner","adverList":[{"adverId":239,"adverName":null,"placeId":2,"effectiveDate":1516636800000,"expiryDate":1548172800000,"imgSrc":"group1/M00/00/97/wKieqlpn6ESAYPzbAAC60dctgCM014.jpg","linkSrc":"http://www.baidu.com","status":2,"remark":null,"creatorId":null,"createTime":1529400212503,"adverOrder":4,"effectiveDateCh":"2018-01-23 00:00:00","expiryDateCh":"2019-01-23 00:00:00","createTimeCh":"2018-06-19 17:23:32","adverPlace":{"placeId":2,"placeName":"首页 - 置顶轮播Banner","placeWidth":750,"placeHeight":440,"creatorId":0,"createTime":1521531057594,"placeSign":"BANNERDVER","placeDesc":"首页轮番banner","adverList":null,"placeType":1,"adverNum":0,"branch":"1001","channel":"6","placeTheme":null,"placeSize":null},"themeId":0,"adverType":"1","typeId":0,"siteFloorId":0,"shopSn":"","allShop":"1","shopName":null,"branch":"1001","channel":"6","branchName":"D5厨房","imgDetails":"","bsnum":null},{"adverId":118,"adverName":null,"placeId":2,"effectiveDate":1509379200000,"expiryDate":1546185600000,"imgSrc":"group1/M00/00/17/wKieqloBcxSAHDJRAAJ6ZipxO7o589.jpg","linkSrc":null,"status":2,"remark":null,"creatorId":null,"createTime":1529890970296,"adverOrder":11,"effectiveDateCh":"2017-10-31 00:00:00","expiryDateCh":"2018-12-31 00:00:00","createTimeCh":"2018-06-25 09:42:50","adverPlace":{"placeId":2,"placeName":"首页 - 置顶轮播Banner","placeWidth":750,"placeHeight":440,"creatorId":0,"createTime":1521531057594,"placeSign":"BANNERDVER","placeDesc":"首页轮番banner","adverList":null,"placeType":1,"adverNum":0,"branch":"1001","channel":"6","placeTheme":null,"placeSize":null},"themeId":50,"adverType":"3","typeId":0,"siteFloorId":0,"shopSn":"","allShop":"1","shopName":null,"branch":"1001","channel":"6","branchName":"D5厨房","imgDetails":"","bsnum":null},{"adverId":200,"adverName":null,"placeId":2,"effectiveDate":1516204800000,"expiryDate":1547740800000,"imgSrc":"group1/M00/00/94/wKieqlplq92AYo3dAADnXsZLaTo354.jpg","linkSrc":null,"status":2,"remark":null,"creatorId":null,"createTime":1529375981244,"adverOrder":23,"effectiveDateCh":"2018-01-18 00:00:00","expiryDateCh":"2019-01-18 00:00:00","createTimeCh":"2018-06-19 10:39:41","adverPlace":{"placeId":2,"placeName":"首页 - 置顶轮播Banner","placeWidth":750,"placeHeight":440,"creatorId":0,"createTime":1521531057594,"placeSign":"BANNERDVER","placeDesc":"首页轮番banner","adverList":null,"placeType":1,"adverNum":0,"branch":"1001","channel":"6","placeTheme":null,"placeSize":null},"themeId":48,"adverType":"3","typeId":0,"siteFloorId":0,"shopSn":"","allShop":"1","shopName":null,"branch":"1001","channel":"6","branchName":"D5厨房","imgDetails":"","bsnum":null}],"placeType":1,"adverNum":0,"branch":"1001","channel":"6","placeTheme":null,"placeSize":null}}}
*************** info log end ***************

[2018-07-30T19:15:19.406] [INFO] /middleware/auth - 
*************** response log start ***************
request method: POST
request originalUrl:  /api/indexBanner
request client ip:  ::ffff:127.0.0.1
request body: 
{"isApp":"2","channelNo":"1000001","maxLen":"1","branch":"1001","channel":"2","shopSn":"B00019"}
response time: 34
response status: 200
response body: 
{"code":"000000","message":"业务处理成功！","result":{"banner":{"placeId":2,"placeName":"首页 - 置顶轮播Banner","placeWidth":750,"placeHeight":440,"creatorId":0,"createTime":1521531057594,"placeSign":"BANNERDVER","placeDesc":"首页轮番banner","adverList":[{"adverId":239,"adverName":null,"placeId":2,"effectiveDate":1516636800000,"expiryDate":1548172800000,"imgSrc":"group1/M00/00/97/wKieqlpn6ESAYPzbAAC60dctgCM014.jpg","linkSrc":"http://www.baidu.com","status":2,"remark":null,"creatorId":null,"createTime":1529400212503,"adverOrder":4,"effectiveDateCh":"2018-01-23 00:00:00","expiryDateCh":"2019-01-23 00:00:00","createTimeCh":"2018-06-19 17:23:32","adverPlace":{"placeId":2,"placeName":"首页 - 置顶轮播Banner","placeWidth":750,"placeHeight":440,"creatorId":0,"createTime":1521531057594,"placeSign":"BANNERDVER","placeDesc":"首页轮番banner","adverList":null,"placeType":1,"adverNum":0,"branch":"1001","channel":"6","placeTheme":null,"placeSize":null},"themeId":0,"adverType":"1","typeId":0,"siteFloorId":0,"shopSn":"","allShop":"1","shopName":null,"branch":"1001","channel":"6","branchName":"D5厨房","imgDetails":"","bsnum":null},{"adverId":118,"adverName":null,"placeId":2,"effectiveDate":1509379200000,"expiryDate":1546185600000,"imgSrc":"group1/M00/00/17/wKieqloBcxSAHDJRAAJ6ZipxO7o589.jpg","linkSrc":null,"status":2,"remark":null,"creatorId":null,"createTime":1529890970296,"adverOrder":11,"effectiveDateCh":"2017-10-31 00:00:00","expiryDateCh":"2018-12-31 00:00:00","createTimeCh":"2018-06-25 09:42:50","adverPlace":{"placeId":2,"placeName":"首页 - 置顶轮播Banner","placeWidth":750,"placeHeight":440,"creatorId":0,"createTime":1521531057594,"placeSign":"BANNERDVER","placeDesc":"首页轮番banner","adverList":null,"placeType":1,"adverNum":0,"branch":"1001","channel":"6","placeTheme":null,"placeSize":null},"themeId":50,"adverType":"3","typeId":0,"siteFloorId":0,"shopSn":"","allShop":"1","shopName":null,"branch":"1001","channel":"6","branchName":"D5厨房","imgDetails":"","bsnum":null},{"adverId":200,"adverName":null,"placeId":2,"effectiveDate":1516204800000,"expiryDate":1547740800000,"imgSrc":"group1/M00/00/94/wKieqlplq92AYo3dAADnXsZLaTo354.jpg","linkSrc":null,"status":2,"remark":null,"creatorId":null,"createTime":1529375981244,"adverOrder":23,"effectiveDateCh":"2018-01-18 00:00:00","expiryDateCh":"2019-01-18 00:00:00","createTimeCh":"2018-06-19 10:39:41","adverPlace":{"placeId":2,"placeName":"首页 - 置顶轮播Banner","placeWidth":750,"placeHeight":440,"creatorId":0,"createTime":1521531057594,"placeSign":"BANNERDVER","placeDesc":"首页轮番banner","adverList":null,"placeType":1,"adverNum":0,"branch":"1001","channel":"6","placeTheme":null,"placeSize":null},"themeId":48,"adverType":"3","typeId":0,"siteFloorId":0,"shopSn":"","allShop":"1","shopName":null,"branch":"1001","channel":"6","branchName":"D5厨房","imgDetails":"","bsnum":null}],"placeType":1,"adverNum":0,"branch":"1001","channel":"6","placeTheme":null,"placeSize":null}}}
*************** response log end ***************

[2018-07-30T19:15:19.485] [INFO] /middleware/auth - 
*************** response log start ***************
request method: POST
request originalUrl:  /api/brandlist
request client ip:  ::ffff:127.0.0.1
request body: 
{"isApp":"2","channelNo":"1000001","maxLen":"1","branch":"1001","channel":"2","shopSn":"B00019"}
response time: 0
response status: 404
response body: 
undefined
*************** response log end ***************

[2018-07-30T19:15:19.494] [ERROR] /middleware/auth - 
*************** error log start ***************
request method: POST
request originalUrl:  /api/indexDevLi
request client ip:  ::ffff:127.0.0.1
request body: 
{"isApp":"2","channelNo":"1000001","maxLen":"1","branch":"1001","channel":"2","shopSn":"B00019","adverPlaceSign":"INDEXADVER","bannerPlaceSign":"BANNERDVER","floorTypePageCount":"4"}
response time: 0
err name: ReferenceError
err message: req is not defined
err stack: ReferenceError: req is not defined
    at Object.<anonymous> (C:\Users\DELL\Desktop\shop-api-webapp\node_modules\koa-history-api-fallback\lib\index.js:84:29)
    at Generator.next (<anonymous>)
    at onFulfilled (C:\Users\DELL\Desktop\shop-api-webapp\node_modules\co\index.js:65:19)
    at <anonymous>
    at process._tickCallback (internal/process/next_tick.js:188:7)
*************** error log end ***************

[2018-07-30T19:15:19.497] [INFO] /middleware/auth - 
*************** response log start ***************
request method: POST
request originalUrl:  /api/vipSpecProduct
request client ip:  ::ffff:127.0.0.1
request body: 
{"isApp":"2","channelNo":"1000001","maxLen":"1","branch":"1001","channel":"2","shopSn":"B00019"}
response time: 0
response status: 404
response body: 
undefined
*************** response log end ***************

[2018-07-30T19:15:28.932] [INFO] /middleware/auth - 
*************** response log start ***************
request method: POST
request originalUrl:  /api/getUserInfo
request client ip:  ::ffff:127.0.0.1
request body: 
{"isApp":"2","channelNo":"1000001","maxLen":"1","branch":"1001","channel":"2","shopSn":"B00019"}
response time: 0
response status: 200
response body: 
{"code":"000000","message":"业务处理成功!","result":{"privilegeMember":{},"account":{},"grade":{},"user":{"userId":6,"phone":"15088297010","email":"","loginPwd":"b095f8aeb16f2d2f7fd8af3edb9799c0","loginPwdLevel":"1","unionid":null,"pcqquid":null,"qquid":null,"alipayuid":null,"uuid":null,"registerTime":1526291661223,"registerTimeStr":"2018-05-14 17:54:21","status":"1","isSelf":null,"channel":"web","userInfoId":6,"userName":null,"idType":null,"idNo":null,"nickName":null,"userImg":null,"sex":"0","tel":null,"qqNumber":null,"birthday":"2018-05-14","address":null,"loginNum":2,"loginTime":1526346634012,"loginTimeStr":"2018-05-15 09:10:34","loginIp":null,"cardId":6,"cardNo":"600079","typeCode":"VIP2","typeName":"会员卡","cardPwd":"b095f8aeb16f2d2f7fd8af3edb9799c0","cardStatus":"0","loginType":null,"loginAccount":null,"loginCardType":null}}}
*************** response log end ***************

[2018-07-30T19:15:29.302] [INFO] /middleware/auth - 
*************** info log start ***************
info body: 获取请求参数 ==> {"isApp":"2","channelNo":"1000001","maxLen":"1","branch":"1001","channel":"2","shopSn":"B00019"}
*************** info log end ***************

[2018-07-30T19:15:29.303] [INFO] /middleware/auth - 
*************** info log start ***************
info body: 接口地址[ http://49.4.5.233:8117/org/business/CM100111.do ]请求数据 ===>{"url":"http://49.4.5.233:8117/org/business/CM100111.do","method":"POST","json":true,"headers":{"Content-Type":"application/x-www-form-urlencoded; charset=UTF-8","merchantNo":"000006","signType":"MD5","developToken":"000006","tokenPassword":"1qaz2wsx"},"form":{"isApp":"2","channelNo":"1000002","maxLen":"1","branch":"1001","channel":"2","shopSn":"B00019","placeSign":"BANNERDVER"}}
*************** info log end ***************

[2018-07-30T19:15:29.307] [INFO] /middleware/auth - 
*************** response log start ***************
request method: POST
request originalUrl:  /api/brandlist
request client ip:  ::ffff:127.0.0.1
request body: 
{"isApp":"2","channelNo":"1000001","maxLen":"1","branch":"1001","channel":"2","shopSn":"B00019"}
response time: 1
response status: 404
response body: 
undefined
*************** response log end ***************

[2018-07-30T19:15:29.313] [ERROR] /middleware/auth - 
*************** error log start ***************
request method: POST
request originalUrl:  /api/indexDevLi
request client ip:  ::ffff:127.0.0.1
request body: 
{"isApp":"2","channelNo":"1000001","maxLen":"1","branch":"1001","channel":"2","shopSn":"B00019","adverPlaceSign":"INDEXADVER","bannerPlaceSign":"BANNERDVER","floorTypePageCount":"4"}
response time: 0
err name: ReferenceError
err message: req is not defined
err stack: ReferenceError: req is not defined
    at Object.<anonymous> (C:\Users\DELL\Desktop\shop-api-webapp\node_modules\koa-history-api-fallback\lib\index.js:84:29)
    at Generator.next (<anonymous>)
    at onFulfilled (C:\Users\DELL\Desktop\shop-api-webapp\node_modules\co\index.js:65:19)
    at <anonymous>
    at process._tickCallback (internal/process/next_tick.js:188:7)
*************** error log end ***************

[2018-07-30T19:15:29.315] [INFO] /middleware/auth - 
*************** response log start ***************
request method: POST
request originalUrl:  /api/vipSpecProduct
request client ip:  ::ffff:127.0.0.1
request body: 
{"isApp":"2","channelNo":"1000001","maxLen":"1","branch":"1001","channel":"2","shopSn":"B00019"}
response time: 1
response status: 404
response body: 
undefined
*************** response log end ***************

[2018-07-30T19:15:29.336] [INFO] /middleware/auth - 
*************** info log start ***************
info body: 接口地址[ http://49.4.5.233:8117/org/business/CM100111.do ]返回数据 ===>{"code":"000000","message":"业务处理成功！","result":{"banner":{"placeId":2,"placeName":"首页 - 置顶轮播Banner","placeWidth":750,"placeHeight":440,"creatorId":0,"createTime":1521531057594,"placeSign":"BANNERDVER","placeDesc":"首页轮番banner","adverList":[{"adverId":239,"adverName":null,"placeId":2,"effectiveDate":1516636800000,"expiryDate":1548172800000,"imgSrc":"group1/M00/00/97/wKieqlpn6ESAYPzbAAC60dctgCM014.jpg","linkSrc":"http://www.baidu.com","status":2,"remark":null,"creatorId":null,"createTime":1529400212503,"adverOrder":4,"effectiveDateCh":"2018-01-23 00:00:00","expiryDateCh":"2019-01-23 00:00:00","createTimeCh":"2018-06-19 17:23:32","adverPlace":{"placeId":2,"placeName":"首页 - 置顶轮播Banner","placeWidth":750,"placeHeight":440,"creatorId":0,"createTime":1521531057594,"placeSign":"BANNERDVER","placeDesc":"首页轮番banner","adverList":null,"placeType":1,"adverNum":0,"branch":"1001","channel":"6","placeTheme":null,"placeSize":null},"themeId":0,"adverType":"1","typeId":0,"siteFloorId":0,"shopSn":"","allShop":"1","shopName":null,"branch":"1001","channel":"6","branchName":"D5厨房","imgDetails":"","bsnum":null},{"adverId":118,"adverName":null,"placeId":2,"effectiveDate":1509379200000,"expiryDate":1546185600000,"imgSrc":"group1/M00/00/17/wKieqloBcxSAHDJRAAJ6ZipxO7o589.jpg","linkSrc":null,"status":2,"remark":null,"creatorId":null,"createTime":1529890970296,"adverOrder":11,"effectiveDateCh":"2017-10-31 00:00:00","expiryDateCh":"2018-12-31 00:00:00","createTimeCh":"2018-06-25 09:42:50","adverPlace":{"placeId":2,"placeName":"首页 - 置顶轮播Banner","placeWidth":750,"placeHeight":440,"creatorId":0,"createTime":1521531057594,"placeSign":"BANNERDVER","placeDesc":"首页轮番banner","adverList":null,"placeType":1,"adverNum":0,"branch":"1001","channel":"6","placeTheme":null,"placeSize":null},"themeId":50,"adverType":"3","typeId":0,"siteFloorId":0,"shopSn":"","allShop":"1","shopName":null,"branch":"1001","channel":"6","branchName":"D5厨房","imgDetails":"","bsnum":null},{"adverId":200,"adverName":null,"placeId":2,"effectiveDate":1516204800000,"expiryDate":1547740800000,"imgSrc":"group1/M00/00/94/wKieqlplq92AYo3dAADnXsZLaTo354.jpg","linkSrc":null,"status":2,"remark":null,"creatorId":null,"createTime":1529375981244,"adverOrder":23,"effectiveDateCh":"2018-01-18 00:00:00","expiryDateCh":"2019-01-18 00:00:00","createTimeCh":"2018-06-19 10:39:41","adverPlace":{"placeId":2,"placeName":"首页 - 置顶轮播Banner","placeWidth":750,"placeHeight":440,"creatorId":0,"createTime":1521531057594,"placeSign":"BANNERDVER","placeDesc":"首页轮番banner","adverList":null,"placeType":1,"adverNum":0,"branch":"1001","channel":"6","placeTheme":null,"placeSize":null},"themeId":48,"adverType":"3","typeId":0,"siteFloorId":0,"shopSn":"","allShop":"1","shopName":null,"branch":"1001","channel":"6","branchName":"D5厨房","imgDetails":"","bsnum":null}],"placeType":1,"adverNum":0,"branch":"1001","channel":"6","placeTheme":null,"placeSize":null}}}
*************** info log end ***************

[2018-07-30T19:15:29.337] [INFO] /middleware/auth - 
*************** response log start ***************
request method: POST
request originalUrl:  /api/indexBanner
request client ip:  ::ffff:127.0.0.1
request body: 
{"isApp":"2","channelNo":"1000001","maxLen":"1","branch":"1001","channel":"2","shopSn":"B00019"}
response time: 35
response status: 200
response body: 
{"code":"000000","message":"业务处理成功！","result":{"banner":{"placeId":2,"placeName":"首页 - 置顶轮播Banner","placeWidth":750,"placeHeight":440,"creatorId":0,"createTime":1521531057594,"placeSign":"BANNERDVER","placeDesc":"首页轮番banner","adverList":[{"adverId":239,"adverName":null,"placeId":2,"effectiveDate":1516636800000,"expiryDate":1548172800000,"imgSrc":"group1/M00/00/97/wKieqlpn6ESAYPzbAAC60dctgCM014.jpg","linkSrc":"http://www.baidu.com","status":2,"remark":null,"creatorId":null,"createTime":1529400212503,"adverOrder":4,"effectiveDateCh":"2018-01-23 00:00:00","expiryDateCh":"2019-01-23 00:00:00","createTimeCh":"2018-06-19 17:23:32","adverPlace":{"placeId":2,"placeName":"首页 - 置顶轮播Banner","placeWidth":750,"placeHeight":440,"creatorId":0,"createTime":1521531057594,"placeSign":"BANNERDVER","placeDesc":"首页轮番banner","adverList":null,"placeType":1,"adverNum":0,"branch":"1001","channel":"6","placeTheme":null,"placeSize":null},"themeId":0,"adverType":"1","typeId":0,"siteFloorId":0,"shopSn":"","allShop":"1","shopName":null,"branch":"1001","channel":"6","branchName":"D5厨房","imgDetails":"","bsnum":null},{"adverId":118,"adverName":null,"placeId":2,"effectiveDate":1509379200000,"expiryDate":1546185600000,"imgSrc":"group1/M00/00/17/wKieqloBcxSAHDJRAAJ6ZipxO7o589.jpg","linkSrc":null,"status":2,"remark":null,"creatorId":null,"createTime":1529890970296,"adverOrder":11,"effectiveDateCh":"2017-10-31 00:00:00","expiryDateCh":"2018-12-31 00:00:00","createTimeCh":"2018-06-25 09:42:50","adverPlace":{"placeId":2,"placeName":"首页 - 置顶轮播Banner","placeWidth":750,"placeHeight":440,"creatorId":0,"createTime":1521531057594,"placeSign":"BANNERDVER","placeDesc":"首页轮番banner","adverList":null,"placeType":1,"adverNum":0,"branch":"1001","channel":"6","placeTheme":null,"placeSize":null},"themeId":50,"adverType":"3","typeId":0,"siteFloorId":0,"shopSn":"","allShop":"1","shopName":null,"branch":"1001","channel":"6","branchName":"D5厨房","imgDetails":"","bsnum":null},{"adverId":200,"adverName":null,"placeId":2,"effectiveDate":1516204800000,"expiryDate":1547740800000,"imgSrc":"group1/M00/00/94/wKieqlplq92AYo3dAADnXsZLaTo354.jpg","linkSrc":null,"status":2,"remark":null,"creatorId":null,"createTime":1529375981244,"adverOrder":23,"effectiveDateCh":"2018-01-18 00:00:00","expiryDateCh":"2019-01-18 00:00:00","createTimeCh":"2018-06-19 10:39:41","adverPlace":{"placeId":2,"placeName":"首页 - 置顶轮播Banner","placeWidth":750,"placeHeight":440,"creatorId":0,"createTime":1521531057594,"placeSign":"BANNERDVER","placeDesc":"首页轮番banner","adverList":null,"placeType":1,"adverNum":0,"branch":"1001","channel":"6","placeTheme":null,"placeSize":null},"themeId":48,"adverType":"3","typeId":0,"siteFloorId":0,"shopSn":"","allShop":"1","shopName":null,"branch":"1001","channel":"6","branchName":"D5厨房","imgDetails":"","bsnum":null}],"placeType":1,"adverNum":0,"branch":"1001","channel":"6","placeTheme":null,"placeSize":null}}}
*************** response log end ***************

[2018-07-30T19:15:32.739] [INFO] /middleware/auth - 
*************** info log start ***************
info body: 获取请求参数 ==> {"isApp":"2","channelNo":"1000001","maxLen":"1","branch":"1001","channel":"2","shopSn":"B00019","userId":"1500"}
*************** info log end ***************

[2018-07-30T19:15:32.740] [INFO] /middleware/auth - 
*************** info log start ***************
info body: 接口地址[ http://49.4.5.233:8117/org/business/CR300004.do ]请求数据 ===>{"url":"http://49.4.5.233:8117/org/business/CR300004.do","method":"POST","json":true,"headers":{"Content-Type":"application/x-www-form-urlencoded; charset=UTF-8","merchantNo":"000006","signType":"MD5","developToken":"000006","tokenPassword":"1qaz2wsx"},"form":{"isApp":"2","channelNo":"1000002","maxLen":"1","branch":"1001","channel":"2","shopSn":"B00019","userId":"1500"}}
*************** info log end ***************

[2018-07-30T19:15:32.819] [INFO] /middleware/auth - 
*************** info log start ***************
info body: 接口地址[ http://49.4.5.233:8117/org/business/CR300004.do ]返回数据 ===>{"code":"000000","message":"业务处理成功！","result":{"page":{"totalRowCount":6,"totalPage":1,"pageRowCount":10,"currentPageNu":1,"startPageRowCount":0,"endPageRowCount":10,"datas":[{"id":405,"userId":1500,"name":"阿萨德啊啊","phone":"","mobile":"18515079086","districtCode":"001001001001","isHost":"0","sex":"1","address":"北京市朝阳区工体西路6号","houseNumber":null,"postCode":"","areas":"北京市 北京市 东城区","signArea":"","latitude":"39.934978","longitude":"116.451077"},{"id":403,"userId":1500,"name":"阿萨德sad","phone":"","mobile":"18515079085","districtCode":"001001001008","isHost":"1","sex":"1","address":"北京市海淀区巴沟路","houseNumber":null,"postCode":"","areas":"北京市 北京市 海淀区","signArea":"","latitude":"39.980463","longitude":"116.300511"},{"id":396,"userId":1500,"name":"18618196312","phone":"","mobile":"18618196312","districtCode":"001001001005","isHost":"1","sex":"1","address":"北京市朝阳区东三环北路28","houseNumber":null,"postCode":"","areas":"北京市 北京市 朝阳区","signArea":"博瑞大厦","latitude":"39.933780075532866","longitude":"116.46902299999994"},{"id":395,"userId":1500,"name":"18618196312","phone":"","mobile":"18618196312","districtCode":"001001001005","isHost":"1","sex":"1","address":"北京市朝阳区双桥东路1号院-4号楼-1层","houseNumber":null,"postCode":"","areas":"北京市 北京市 朝阳区","signArea":"管庄-地铁站","latitude":"39.91490707704461","longitude":"116.60578199999993"},{"id":385,"userId":1500,"name":"18618196312","phone":"","mobile":"18618196312","districtCode":"001001001006","isHost":"1","sex":"0","address":"北京市丰台区镇国寺北街13号楼2层","houseNumber":null,"postCode":"","areas":"北京市 北京市 丰台区","signArea":"27度罗马风情婚纱影城","latitude":"39.844541082389355","longitude":"116.35729299999993"},{"id":384,"userId":1500,"name":"18618196312","phone":"","mobile":"18618196312","districtCode":"001001001006","isHost":"1","sex":"0","address":"北京市丰台区南三环西路69号","houseNumber":null,"postCode":"","areas":"北京市 北京市 丰台区","signArea":"北京111文化产业园-停车场","latitude":"39.858124081394074","longitude":"116.35251999999993"}]}}}
*************** info log end ***************

[2018-07-30T19:15:32.819] [INFO] /middleware/auth - 
*************** response log start ***************
request method: POST
request originalUrl:  /api/usercenter/queryAddress
request client ip:  ::ffff:127.0.0.1
request body: 
{"isApp":"2","channelNo":"1000001","maxLen":"1","branch":"1001","channel":"2","shopSn":"B00019","userId":"1500"}
response time: 80
response status: 200
response body: 
{"code":"000000","message":"业务处理成功！","result":{"page":{"totalRowCount":6,"totalPage":1,"pageRowCount":10,"currentPageNu":1,"startPageRowCount":0,"endPageRowCount":10,"datas":[{"id":405,"userId":1500,"name":"阿萨德啊啊","phone":"","mobile":"18515079086","districtCode":"001001001001","isHost":"0","sex":"1","address":"北京市朝阳区工体西路6号","houseNumber":null,"postCode":"","areas":"北京市 北京市 东城区","signArea":"","latitude":"39.934978","longitude":"116.451077"},{"id":403,"userId":1500,"name":"阿萨德sad","phone":"","mobile":"18515079085","districtCode":"001001001008","isHost":"1","sex":"1","address":"北京市海淀区巴沟路","houseNumber":null,"postCode":"","areas":"北京市 北京市 海淀区","signArea":"","latitude":"39.980463","longitude":"116.300511"},{"id":396,"userId":1500,"name":"18618196312","phone":"","mobile":"18618196312","districtCode":"001001001005","isHost":"1","sex":"1","address":"北京市朝阳区东三环北路28","houseNumber":null,"postCode":"","areas":"北京市 北京市 朝阳区","signArea":"博瑞大厦","latitude":"39.933780075532866","longitude":"116.46902299999994"},{"id":395,"userId":1500,"name":"18618196312","phone":"","mobile":"18618196312","districtCode":"001001001005","isHost":"1","sex":"1","address":"北京市朝阳区双桥东路1号院-4号楼-1层","houseNumber":null,"postCode":"","areas":"北京市 北京市 朝阳区","signArea":"管庄-地铁站","latitude":"39.91490707704461","longitude":"116.60578199999993"},{"id":385,"userId":1500,"name":"18618196312","phone":"","mobile":"18618196312","districtCode":"001001001006","isHost":"1","sex":"0","address":"北京市丰台区镇国寺北街13号楼2层","houseNumber":null,"postCode":"","areas":"北京市 北京市 丰台区","signArea":"27度罗马风情婚纱影城","latitude":"39.844541082389355","longitude":"116.35729299999993"},{"id":384,"userId":1500,"name":"18618196312","phone":"","mobile":"18618196312","districtCode":"001001001006","isHost":"1","sex":"0","address":"北京市丰台区南三环西路69号","houseNumber":null,"postCode":"","areas":"北京市 北京市 丰台区","signArea":"北京111文化产业园-停车场","latitude":"39.858124081394074","longitude":"116.35251999999993"}]}}}
*************** response log end ***************

[2018-07-30T19:17:45.168] [INFO] /middleware/auth - 
*************** response log start ***************
request method: POST
request originalUrl:  /api/getUserInfo
request client ip:  ::ffff:127.0.0.1
request body: 
{"isApp":"2","channelNo":"1000001","maxLen":"1","branch":"1001","channel":"2","shopSn":"B00019"}
response time: 0
response status: 200
response body: 
{"code":"000000","message":"业务处理成功!","result":{"privilegeMember":{},"account":{},"grade":{},"user":{"userId":6,"phone":"15088297010","email":"","loginPwd":"b095f8aeb16f2d2f7fd8af3edb9799c0","loginPwdLevel":"1","unionid":null,"pcqquid":null,"qquid":null,"alipayuid":null,"uuid":null,"registerTime":1526291661223,"registerTimeStr":"2018-05-14 17:54:21","status":"1","isSelf":null,"channel":"web","userInfoId":6,"userName":null,"idType":null,"idNo":null,"nickName":null,"userImg":null,"sex":"0","tel":null,"qqNumber":null,"birthday":"2018-05-14","address":null,"loginNum":2,"loginTime":1526346634012,"loginTimeStr":"2018-05-15 09:10:34","loginIp":null,"cardId":6,"cardNo":"600079","typeCode":"VIP2","typeName":"会员卡","cardPwd":"b095f8aeb16f2d2f7fd8af3edb9799c0","cardStatus":"0","loginType":null,"loginAccount":null,"loginCardType":null}}}
*************** response log end ***************

[2018-07-30T19:17:47.135] [INFO] /middleware/auth - 
*************** response log start ***************
request method: POST
request originalUrl:  /api/vipSpecProduct
request client ip:  ::ffff:127.0.0.1
request body: 
{"isApp":"2","channelNo":"1000001","maxLen":"1","branch":"1001","channel":"2","shopSn":"B00019"}
response time: 1
response status: 404
response body: 
undefined
*************** response log end ***************

[2018-07-30T19:17:47.139] [ERROR] /middleware/auth - 
*************** error log start ***************
request method: POST
request originalUrl:  /api/indexDevLi
request client ip:  ::ffff:127.0.0.1
request body: 
{"isApp":"2","channelNo":"1000001","maxLen":"1","branch":"1001","channel":"2","shopSn":"B00019","adverPlaceSign":"INDEXADVER","bannerPlaceSign":"BANNERDVER","floorTypePageCount":"4"}
response time: 0
err name: ReferenceError
err message: req is not defined
err stack: ReferenceError: req is not defined
    at Object.<anonymous> (C:\Users\DELL\Desktop\shop-api-webapp\node_modules\koa-history-api-fallback\lib\index.js:84:29)
    at Generator.next (<anonymous>)
    at onFulfilled (C:\Users\DELL\Desktop\shop-api-webapp\node_modules\co\index.js:65:19)
    at <anonymous>
    at process._tickCallback (internal/process/next_tick.js:188:7)
*************** error log end ***************

[2018-07-30T19:17:47.143] [INFO] /middleware/auth - 
*************** info log start ***************
info body: 获取请求参数 ==> {"isApp":"2","channelNo":"1000001","maxLen":"1","branch":"1001","channel":"2","shopSn":"B00019"}
*************** info log end ***************

[2018-07-30T19:17:47.143] [INFO] /middleware/auth - 
*************** info log start ***************
info body: 接口地址[ http://49.4.5.233:8117/org/business/CM100111.do ]请求数据 ===>{"url":"http://49.4.5.233:8117/org/business/CM100111.do","method":"POST","json":true,"headers":{"Content-Type":"application/x-www-form-urlencoded; charset=UTF-8","merchantNo":"000006","signType":"MD5","developToken":"000006","tokenPassword":"1qaz2wsx"},"form":{"isApp":"2","channelNo":"1000002","maxLen":"1","branch":"1001","channel":"2","shopSn":"B00019","placeSign":"BANNERDVER"}}
*************** info log end ***************

[2018-07-30T19:17:47.147] [INFO] /middleware/auth - 
*************** response log start ***************
request method: POST
request originalUrl:  /api/brandlist
request client ip:  ::ffff:127.0.0.1
request body: 
{"isApp":"2","channelNo":"1000001","maxLen":"1","branch":"1001","channel":"2","shopSn":"B00019"}
response time: 0
response status: 404
response body: 
undefined
*************** response log end ***************

[2018-07-30T19:17:47.177] [INFO] /middleware/auth - 
*************** info log start ***************
info body: 接口地址[ http://49.4.5.233:8117/org/business/CM100111.do ]返回数据 ===>{"code":"000000","message":"业务处理成功！","result":{"banner":{"placeId":2,"placeName":"首页 - 置顶轮播Banner","placeWidth":750,"placeHeight":440,"creatorId":0,"createTime":1521531057594,"placeSign":"BANNERDVER","placeDesc":"首页轮番banner","adverList":[{"adverId":239,"adverName":null,"placeId":2,"effectiveDate":1516636800000,"expiryDate":1548172800000,"imgSrc":"group1/M00/00/97/wKieqlpn6ESAYPzbAAC60dctgCM014.jpg","linkSrc":"http://www.baidu.com","status":2,"remark":null,"creatorId":null,"createTime":1529400212503,"adverOrder":4,"effectiveDateCh":"2018-01-23 00:00:00","expiryDateCh":"2019-01-23 00:00:00","createTimeCh":"2018-06-19 17:23:32","adverPlace":{"placeId":2,"placeName":"首页 - 置顶轮播Banner","placeWidth":750,"placeHeight":440,"creatorId":0,"createTime":1521531057594,"placeSign":"BANNERDVER","placeDesc":"首页轮番banner","adverList":null,"placeType":1,"adverNum":0,"branch":"1001","channel":"6","placeTheme":null,"placeSize":null},"themeId":0,"adverType":"1","typeId":0,"siteFloorId":0,"shopSn":"","allShop":"1","shopName":null,"branch":"1001","channel":"6","branchName":"D5厨房","imgDetails":"","bsnum":null},{"adverId":118,"adverName":null,"placeId":2,"effectiveDate":1509379200000,"expiryDate":1546185600000,"imgSrc":"group1/M00/00/17/wKieqloBcxSAHDJRAAJ6ZipxO7o589.jpg","linkSrc":null,"status":2,"remark":null,"creatorId":null,"createTime":1529890970296,"adverOrder":11,"effectiveDateCh":"2017-10-31 00:00:00","expiryDateCh":"2018-12-31 00:00:00","createTimeCh":"2018-06-25 09:42:50","adverPlace":{"placeId":2,"placeName":"首页 - 置顶轮播Banner","placeWidth":750,"placeHeight":440,"creatorId":0,"createTime":1521531057594,"placeSign":"BANNERDVER","placeDesc":"首页轮番banner","adverList":null,"placeType":1,"adverNum":0,"branch":"1001","channel":"6","placeTheme":null,"placeSize":null},"themeId":50,"adverType":"3","typeId":0,"siteFloorId":0,"shopSn":"","allShop":"1","shopName":null,"branch":"1001","channel":"6","branchName":"D5厨房","imgDetails":"","bsnum":null},{"adverId":200,"adverName":null,"placeId":2,"effectiveDate":1516204800000,"expiryDate":1547740800000,"imgSrc":"group1/M00/00/94/wKieqlplq92AYo3dAADnXsZLaTo354.jpg","linkSrc":null,"status":2,"remark":null,"creatorId":null,"createTime":1529375981244,"adverOrder":23,"effectiveDateCh":"2018-01-18 00:00:00","expiryDateCh":"2019-01-18 00:00:00","createTimeCh":"2018-06-19 10:39:41","adverPlace":{"placeId":2,"placeName":"首页 - 置顶轮播Banner","placeWidth":750,"placeHeight":440,"creatorId":0,"createTime":1521531057594,"placeSign":"BANNERDVER","placeDesc":"首页轮番banner","adverList":null,"placeType":1,"adverNum":0,"branch":"1001","channel":"6","placeTheme":null,"placeSize":null},"themeId":48,"adverType":"3","typeId":0,"siteFloorId":0,"shopSn":"","allShop":"1","shopName":null,"branch":"1001","channel":"6","branchName":"D5厨房","imgDetails":"","bsnum":null}],"placeType":1,"adverNum":0,"branch":"1001","channel":"6","placeTheme":null,"placeSize":null}}}
*************** info log end ***************

[2018-07-30T19:17:47.177] [INFO] /middleware/auth - 
*************** response log start ***************
request method: POST
request originalUrl:  /api/indexBanner
request client ip:  ::ffff:127.0.0.1
request body: 
{"isApp":"2","channelNo":"1000001","maxLen":"1","branch":"1001","channel":"2","shopSn":"B00019"}
response time: 35
response status: 200
response body: 
{"code":"000000","message":"业务处理成功！","result":{"banner":{"placeId":2,"placeName":"首页 - 置顶轮播Banner","placeWidth":750,"placeHeight":440,"creatorId":0,"createTime":1521531057594,"placeSign":"BANNERDVER","placeDesc":"首页轮番banner","adverList":[{"adverId":239,"adverName":null,"placeId":2,"effectiveDate":1516636800000,"expiryDate":1548172800000,"imgSrc":"group1/M00/00/97/wKieqlpn6ESAYPzbAAC60dctgCM014.jpg","linkSrc":"http://www.baidu.com","status":2,"remark":null,"creatorId":null,"createTime":1529400212503,"adverOrder":4,"effectiveDateCh":"2018-01-23 00:00:00","expiryDateCh":"2019-01-23 00:00:00","createTimeCh":"2018-06-19 17:23:32","adverPlace":{"placeId":2,"placeName":"首页 - 置顶轮播Banner","placeWidth":750,"placeHeight":440,"creatorId":0,"createTime":1521531057594,"placeSign":"BANNERDVER","placeDesc":"首页轮番banner","adverList":null,"placeType":1,"adverNum":0,"branch":"1001","channel":"6","placeTheme":null,"placeSize":null},"themeId":0,"adverType":"1","typeId":0,"siteFloorId":0,"shopSn":"","allShop":"1","shopName":null,"branch":"1001","channel":"6","branchName":"D5厨房","imgDetails":"","bsnum":null},{"adverId":118,"adverName":null,"placeId":2,"effectiveDate":1509379200000,"expiryDate":1546185600000,"imgSrc":"group1/M00/00/17/wKieqloBcxSAHDJRAAJ6ZipxO7o589.jpg","linkSrc":null,"status":2,"remark":null,"creatorId":null,"createTime":1529890970296,"adverOrder":11,"effectiveDateCh":"2017-10-31 00:00:00","expiryDateCh":"2018-12-31 00:00:00","createTimeCh":"2018-06-25 09:42:50","adverPlace":{"placeId":2,"placeName":"首页 - 置顶轮播Banner","placeWidth":750,"placeHeight":440,"creatorId":0,"createTime":1521531057594,"placeSign":"BANNERDVER","placeDesc":"首页轮番banner","adverList":null,"placeType":1,"adverNum":0,"branch":"1001","channel":"6","placeTheme":null,"placeSize":null},"themeId":50,"adverType":"3","typeId":0,"siteFloorId":0,"shopSn":"","allShop":"1","shopName":null,"branch":"1001","channel":"6","branchName":"D5厨房","imgDetails":"","bsnum":null},{"adverId":200,"adverName":null,"placeId":2,"effectiveDate":1516204800000,"expiryDate":1547740800000,"imgSrc":"group1/M00/00/94/wKieqlplq92AYo3dAADnXsZLaTo354.jpg","linkSrc":null,"status":2,"remark":null,"creatorId":null,"createTime":1529375981244,"adverOrder":23,"effectiveDateCh":"2018-01-18 00:00:00","expiryDateCh":"2019-01-18 00:00:00","createTimeCh":"2018-06-19 10:39:41","adverPlace":{"placeId":2,"placeName":"首页 - 置顶轮播Banner","placeWidth":750,"placeHeight":440,"creatorId":0,"createTime":1521531057594,"placeSign":"BANNERDVER","placeDesc":"首页轮番banner","adverList":null,"placeType":1,"adverNum":0,"branch":"1001","channel":"6","placeTheme":null,"placeSize":null},"themeId":48,"adverType":"3","typeId":0,"siteFloorId":0,"shopSn":"","allShop":"1","shopName":null,"branch":"1001","channel":"6","branchName":"D5厨房","imgDetails":"","bsnum":null}],"placeType":1,"adverNum":0,"branch":"1001","channel":"6","placeTheme":null,"placeSize":null}}}
*************** response log end ***************

[2018-07-30T19:18:28.514] [INFO] /middleware/auth - 
*************** info log start ***************
info body: 获取请求参数 ==> {"isApp":"2","channelNo":"1000001","maxLen":"1","branch":"1001","channel":"2","shopSn":"B00019","userId":"1500"}
*************** info log end ***************

[2018-07-30T19:18:28.514] [INFO] /middleware/auth - 
*************** info log start ***************
info body: 接口地址[ http://49.4.5.233:8117/org/business/CR300004.do ]请求数据 ===>{"url":"http://49.4.5.233:8117/org/business/CR300004.do","method":"POST","json":true,"headers":{"Content-Type":"application/x-www-form-urlencoded; charset=UTF-8","merchantNo":"000006","signType":"MD5","developToken":"000006","tokenPassword":"1qaz2wsx"},"form":{"isApp":"2","channelNo":"1000002","maxLen":"1","branch":"1001","channel":"2","shopSn":"B00019","userId":"1500"}}
*************** info log end ***************

[2018-07-30T19:18:28.593] [INFO] /middleware/auth - 
*************** info log start ***************
info body: 接口地址[ http://49.4.5.233:8117/org/business/CR300004.do ]返回数据 ===>{"code":"000000","message":"业务处理成功！","result":{"page":{"totalRowCount":6,"totalPage":1,"pageRowCount":10,"currentPageNu":1,"startPageRowCount":0,"endPageRowCount":10,"datas":[{"id":405,"userId":1500,"name":"阿萨德啊啊","phone":"","mobile":"18515079086","districtCode":"001001001001","isHost":"0","sex":"1","address":"北京市朝阳区工体西路6号","houseNumber":null,"postCode":"","areas":"北京市 北京市 东城区","signArea":"","latitude":"39.934978","longitude":"116.451077"},{"id":403,"userId":1500,"name":"阿萨德sad","phone":"","mobile":"18515079085","districtCode":"001001001008","isHost":"1","sex":"1","address":"北京市海淀区巴沟路","houseNumber":null,"postCode":"","areas":"北京市 北京市 海淀区","signArea":"","latitude":"39.980463","longitude":"116.300511"},{"id":396,"userId":1500,"name":"18618196312","phone":"","mobile":"18618196312","districtCode":"001001001005","isHost":"1","sex":"1","address":"北京市朝阳区东三环北路28","houseNumber":null,"postCode":"","areas":"北京市 北京市 朝阳区","signArea":"博瑞大厦","latitude":"39.933780075532866","longitude":"116.46902299999994"},{"id":395,"userId":1500,"name":"18618196312","phone":"","mobile":"18618196312","districtCode":"001001001005","isHost":"1","sex":"1","address":"北京市朝阳区双桥东路1号院-4号楼-1层","houseNumber":null,"postCode":"","areas":"北京市 北京市 朝阳区","signArea":"管庄-地铁站","latitude":"39.91490707704461","longitude":"116.60578199999993"},{"id":385,"userId":1500,"name":"18618196312","phone":"","mobile":"18618196312","districtCode":"001001001006","isHost":"1","sex":"0","address":"北京市丰台区镇国寺北街13号楼2层","houseNumber":null,"postCode":"","areas":"北京市 北京市 丰台区","signArea":"27度罗马风情婚纱影城","latitude":"39.844541082389355","longitude":"116.35729299999993"},{"id":384,"userId":1500,"name":"18618196312","phone":"","mobile":"18618196312","districtCode":"001001001006","isHost":"1","sex":"0","address":"北京市丰台区南三环西路69号","houseNumber":null,"postCode":"","areas":"北京市 北京市 丰台区","signArea":"北京111文化产业园-停车场","latitude":"39.858124081394074","longitude":"116.35251999999993"}]}}}
*************** info log end ***************

[2018-07-30T19:18:28.593] [INFO] /middleware/auth - 
*************** response log start ***************
request method: POST
request originalUrl:  /api/usercenter/queryAddress
request client ip:  ::ffff:127.0.0.1
request body: 
{"isApp":"2","channelNo":"1000001","maxLen":"1","branch":"1001","channel":"2","shopSn":"B00019","userId":"1500"}
response time: 79
response status: 200
response body: 
{"code":"000000","message":"业务处理成功！","result":{"page":{"totalRowCount":6,"totalPage":1,"pageRowCount":10,"currentPageNu":1,"startPageRowCount":0,"endPageRowCount":10,"datas":[{"id":405,"userId":1500,"name":"阿萨德啊啊","phone":"","mobile":"18515079086","districtCode":"001001001001","isHost":"0","sex":"1","address":"北京市朝阳区工体西路6号","houseNumber":null,"postCode":"","areas":"北京市 北京市 东城区","signArea":"","latitude":"39.934978","longitude":"116.451077"},{"id":403,"userId":1500,"name":"阿萨德sad","phone":"","mobile":"18515079085","districtCode":"001001001008","isHost":"1","sex":"1","address":"北京市海淀区巴沟路","houseNumber":null,"postCode":"","areas":"北京市 北京市 海淀区","signArea":"","latitude":"39.980463","longitude":"116.300511"},{"id":396,"userId":1500,"name":"18618196312","phone":"","mobile":"18618196312","districtCode":"001001001005","isHost":"1","sex":"1","address":"北京市朝阳区东三环北路28","houseNumber":null,"postCode":"","areas":"北京市 北京市 朝阳区","signArea":"博瑞大厦","latitude":"39.933780075532866","longitude":"116.46902299999994"},{"id":395,"userId":1500,"name":"18618196312","phone":"","mobile":"18618196312","districtCode":"001001001005","isHost":"1","sex":"1","address":"北京市朝阳区双桥东路1号院-4号楼-1层","houseNumber":null,"postCode":"","areas":"北京市 北京市 朝阳区","signArea":"管庄-地铁站","latitude":"39.91490707704461","longitude":"116.60578199999993"},{"id":385,"userId":1500,"name":"18618196312","phone":"","mobile":"18618196312","districtCode":"001001001006","isHost":"1","sex":"0","address":"北京市丰台区镇国寺北街13号楼2层","houseNumber":null,"postCode":"","areas":"北京市 北京市 丰台区","signArea":"27度罗马风情婚纱影城","latitude":"39.844541082389355","longitude":"116.35729299999993"},{"id":384,"userId":1500,"name":"18618196312","phone":"","mobile":"18618196312","districtCode":"001001001006","isHost":"1","sex":"0","address":"北京市丰台区南三环西路69号","houseNumber":null,"postCode":"","areas":"北京市 北京市 丰台区","signArea":"北京111文化产业园-停车场","latitude":"39.858124081394074","longitude":"116.35251999999993"}]}}}
*************** response log end ***************

[2018-07-30T19:18:54.711] [INFO] /middleware/auth - 
*************** info log start ***************
info body: 获取请求参数 ==> {"isApp":"2","channelNo":"1000001","maxLen":"1","branch":"1001","channel":"2","shopSn":"B00019","region":"北京市","q":"1"}
*************** info log end ***************

[2018-07-30T19:18:54.711] [INFO] /middleware/auth - 
*************** info log start ***************
info body: 接口地址[ http://api.map.baidu.com/place/v2/suggestion ]请求数据 ===>{"url":"http://api.map.baidu.com/place/v2/suggestion?isApp=2&channelNo=1000002&maxLen=1&branch=1001&channel=2&shopSn=B00019&region=%E5%8C%97%E4%BA%AC%E5%B8%82&q=1&ak=wv8VECbOOTu3TFWcI3jdcBC6&output=json","method":"GET","json":true,"headers":{"Content-Type":"application/x-www-form-urlencoded; charset=UTF-8","merchantNo":"000006","signType":"MD5","developToken":"000006","tokenPassword":"1qaz2wsx"}}
*************** info log end ***************

[2018-07-30T19:18:54.854] [INFO] /middleware/auth - 
*************** info log start ***************
info body: 接口地址[ http://api.map.baidu.com/place/v2/suggestion ]返回数据 ===>{"status":0,"message":"ok","result":[{"name":"地铁10号线","location":{"lat":39.980463,"lng":116.300511},"uid":"de6d05290c19ca50a2d230b7","province":"北京市","city":"北京市","district":"海淀区","business":"","cityid":"131"},{"name":"103路","location":{"lat":39.910697,"lng":116.430799},"uid":"08ddf01e54ffab581df74db6","province":"北京市","city":"北京市","district":"东城区","business":"","cityid":"131"},{"name":"13拾叁先生酒吧","location":{"lat":39.934978,"lng":116.451077},"uid":"bd44539e687d7025c909f0a7","province":"北京市","city":"北京市","district":"朝阳区","business":"","cityid":"131"},{"name":"北京首都国际机场-T1航站楼","location":{"lat":40.086792,"lng":116.594566},"uid":"a93795baef6b42ffa6da39b0","province":"北京市","city":"北京市","district":"朝阳区","business":"","cityid":"131"},{"name":"北京111文化产业园","location":{"lat":39.858559,"lng":116.351782},"uid":"548dd47aff505da961685843","province":"北京市","city":"北京市","district":"丰台区","business":"","cityid":"131"},{"name":"1949(金宝街店)","location":{"lat":39.92088,"lng":116.42702},"uid":"e96b44200add384082288a1d","province":"北京市","city":"北京市","district":"东城区","business":"","cityid":"131"},{"name":"106餐厅(十里河家宴店)","location":{"lat":39.873201,"lng":116.469382},"uid":"a5097bfaa502da7af03cbafe","province":"北京市","city":"北京市","district":"朝阳区","business":"","cityid":"131"},{"name":"108路","location":{"lat":39.906521,"lng":116.425546},"uid":"59d69148a87161f27f29bdb7","province":"北京市","city":"北京市","district":"东城区","business":"","cityid":"131"},{"name":"1点点(天作国际店)","location":{"lat":39.966532,"lng":116.330088},"uid":"664a39dc6dbd3db7d7851f44","province":"北京市","city":"北京市","district":"海淀区","business":"","cityid":"131"},{"name":"1901咖啡(西四店)","location":{"lat":39.928917,"lng":116.384742},"uid":"31f9101b60d1e9a026e0a032","province":"北京市","city":"北京市","district":"西城区","business":"","cityid":"131"}]}
*************** info log end ***************

[2018-07-30T19:18:54.854] [INFO] /middleware/auth - 
*************** response log start ***************
request method: POST
request originalUrl:  /api/map/getUserAddress
request client ip:  ::ffff:127.0.0.1
request body: 
{"isApp":"2","channelNo":"1000001","maxLen":"1","branch":"1001","channel":"2","shopSn":"B00019","region":"北京市","q":"1"}
response time: 143
response status: 200
response body: 
{"code":"000000","message":"业务处理成功!","result":[{"name":"地铁10号线","location":{"lat":39.980463,"lng":116.300511},"uid":"de6d05290c19ca50a2d230b7","province":"北京市","city":"北京市","district":"海淀区","business":"","cityid":"131"},{"name":"103路","location":{"lat":39.910697,"lng":116.430799},"uid":"08ddf01e54ffab581df74db6","province":"北京市","city":"北京市","district":"东城区","business":"","cityid":"131"},{"name":"13拾叁先生酒吧","location":{"lat":39.934978,"lng":116.451077},"uid":"bd44539e687d7025c909f0a7","province":"北京市","city":"北京市","district":"朝阳区","business":"","cityid":"131"},{"name":"北京首都国际机场-T1航站楼","location":{"lat":40.086792,"lng":116.594566},"uid":"a93795baef6b42ffa6da39b0","province":"北京市","city":"北京市","district":"朝阳区","business":"","cityid":"131"},{"name":"北京111文化产业园","location":{"lat":39.858559,"lng":116.351782},"uid":"548dd47aff505da961685843","province":"北京市","city":"北京市","district":"丰台区","business":"","cityid":"131"},{"name":"1949(金宝街店)","location":{"lat":39.92088,"lng":116.42702},"uid":"e96b44200add384082288a1d","province":"北京市","city":"北京市","district":"东城区","business":"","cityid":"131"},{"name":"106餐厅(十里河家宴店)","location":{"lat":39.873201,"lng":116.469382},"uid":"a5097bfaa502da7af03cbafe","province":"北京市","city":"北京市","district":"朝阳区","business":"","cityid":"131"},{"name":"108路","location":{"lat":39.906521,"lng":116.425546},"uid":"59d69148a87161f27f29bdb7","province":"北京市","city":"北京市","district":"东城区","business":"","cityid":"131"},{"name":"1点点(天作国际店)","location":{"lat":39.966532,"lng":116.330088},"uid":"664a39dc6dbd3db7d7851f44","province":"北京市","city":"北京市","district":"海淀区","business":"","cityid":"131"},{"name":"1901咖啡(西四店)","location":{"lat":39.928917,"lng":116.384742},"uid":"31f9101b60d1e9a026e0a032","province":"北京市","city":"北京市","district":"西城区","business":"","cityid":"131"}]}
*************** response log end ***************

[2018-07-30T19:18:56.427] [INFO] /middleware/auth - 
*************** info log start ***************
info body: 获取请求参数 ==> {"isApp":"2","channelNo":"1000001","maxLen":"1","branch":"1001","channel":"2","shopSn":"B00019","location":"39.910697,116.430799"}
*************** info log end ***************

[2018-07-30T19:18:56.427] [INFO] /middleware/auth - 
*************** info log start ***************
info body: 接口地址[ http://api.map.baidu.com/geocoder/v2/ ]请求数据 ===>{"url":"http://api.map.baidu.com/geocoder/v2/?isApp=2&channelNo=1000002&maxLen=1&branch=1001&channel=2&shopSn=B00019&location=39.910697%2C116.430799&coordtype=bd09ll&pois=0&output=json&ak=wv8VECbOOTu3TFWcI3jdcBC6","method":"GET","json":true,"headers":{"Content-Type":"application/x-www-form-urlencoded; charset=UTF-8","merchantNo":"000006","signType":"MD5","developToken":"000006","tokenPassword":"1qaz2wsx"}}
*************** info log end ***************

[2018-07-30T19:18:56.548] [INFO] /middleware/auth - 
*************** info log start ***************
info body: 接口地址[ http://api.map.baidu.com/geocoder/v2/ ]返回数据 ===>{"status":0,"result":{"location":{"lng":116.43079899999992,"lat":39.9106970773774},"formatted_address":"北京市东城区中鲜鱼胡同14号","business":"北京站,新世界,建国门","addressComponent":{"country":"中国","country_code":0,"country_code_iso":"CHN","country_code_iso2":"CN","province":"北京市","city":"北京市","city_level":2,"district":"东城区","town":"","adcode":"110101","street":"中鲜鱼胡同","street_number":"14号","direction":"附近","distance":"45"},"pois":[],"roads":[],"poiRegions":[],"sematic_description":"北京站西北354米","cityCode":131}}
*************** info log end ***************

[2018-07-30T19:18:56.549] [INFO] /middleware/auth - 
*************** response log start ***************
request method: POST
request originalUrl:  /api/map/getAddressDetail
request client ip:  ::ffff:127.0.0.1
request body: 
{"isApp":"2","channelNo":"1000001","maxLen":"1","branch":"1001","channel":"2","shopSn":"B00019","location":"39.910697,116.430799"}
response time: 122
response status: 200
response body: 
{"code":"000000","message":"业务处理成功!","result":{"status":0,"result":{"location":{"lng":116.43079899999992,"lat":39.9106970773774},"formatted_address":"北京市东城区中鲜鱼胡同14号","business":"北京站,新世界,建国门","addressComponent":{"country":"中国","country_code":0,"country_code_iso":"CHN","country_code_iso2":"CN","province":"北京市","city":"北京市","city_level":2,"district":"东城区","town":"","adcode":"110101","street":"中鲜鱼胡同","street_number":"14号","direction":"附近","distance":"45"},"pois":[],"roads":[],"poiRegions":[],"sematic_description":"北京站西北354米","cityCode":131}}}
*************** response log end ***************

[2018-07-30T19:19:53.383] [INFO] /middleware/auth - 
*************** response log start ***************
request method: POST
request originalUrl:  /api/getUserInfo
request client ip:  ::ffff:127.0.0.1
request body: 
{"isApp":"2","channelNo":"1000001","maxLen":"1","branch":"1001","channel":"2","shopSn":"B00019"}
response time: 0
response status: 200
response body: 
{"code":"000000","message":"业务处理成功!","result":{"privilegeMember":{},"account":{},"grade":{},"user":{"userId":6,"phone":"15088297010","email":"","loginPwd":"b095f8aeb16f2d2f7fd8af3edb9799c0","loginPwdLevel":"1","unionid":null,"pcqquid":null,"qquid":null,"alipayuid":null,"uuid":null,"registerTime":1526291661223,"registerTimeStr":"2018-05-14 17:54:21","status":"1","isSelf":null,"channel":"web","userInfoId":6,"userName":null,"idType":null,"idNo":null,"nickName":null,"userImg":null,"sex":"0","tel":null,"qqNumber":null,"birthday":"2018-05-14","address":null,"loginNum":2,"loginTime":1526346634012,"loginTimeStr":"2018-05-15 09:10:34","loginIp":null,"cardId":6,"cardNo":"600079","typeCode":"VIP2","typeName":"会员卡","cardPwd":"b095f8aeb16f2d2f7fd8af3edb9799c0","cardStatus":"0","loginType":null,"loginAccount":null,"loginCardType":null}}}
*************** response log end ***************

[2018-07-30T19:19:53.978] [INFO] /middleware/auth - 
*************** info log start ***************
info body: 获取请求参数 ==> {"isApp":"2","channelNo":"1000001","maxLen":"1","branch":"1001","channel":"2","shopSn":"B00019"}
*************** info log end ***************

[2018-07-30T19:19:53.978] [INFO] /middleware/auth - 
*************** info log start ***************
info body: 接口地址[ http://49.4.5.233:8117/org/business/CM100111.do ]请求数据 ===>{"url":"http://49.4.5.233:8117/org/business/CM100111.do","method":"POST","json":true,"headers":{"Content-Type":"application/x-www-form-urlencoded; charset=UTF-8","merchantNo":"000006","signType":"MD5","developToken":"000006","tokenPassword":"1qaz2wsx"},"form":{"isApp":"2","channelNo":"1000002","maxLen":"1","branch":"1001","channel":"2","shopSn":"B00019","placeSign":"BANNERDVER"}}
*************** info log end ***************

[2018-07-30T19:19:53.982] [INFO] /middleware/auth - 
*************** response log start ***************
request method: POST
request originalUrl:  /api/brandlist
request client ip:  ::ffff:127.0.0.1
request body: 
{"isApp":"2","channelNo":"1000001","maxLen":"1","branch":"1001","channel":"2","shopSn":"B00019"}
response time: 0
response status: 404
response body: 
undefined
*************** response log end ***************

[2018-07-30T19:19:54.017] [INFO] /middleware/auth - 
*************** info log start ***************
info body: 接口地址[ http://49.4.5.233:8117/org/business/CM100111.do ]返回数据 ===>{"code":"000000","message":"业务处理成功！","result":{"banner":{"placeId":2,"placeName":"首页 - 置顶轮播Banner","placeWidth":750,"placeHeight":440,"creatorId":0,"createTime":1521531057594,"placeSign":"BANNERDVER","placeDesc":"首页轮番banner","adverList":[{"adverId":239,"adverName":null,"placeId":2,"effectiveDate":1516636800000,"expiryDate":1548172800000,"imgSrc":"group1/M00/00/97/wKieqlpn6ESAYPzbAAC60dctgCM014.jpg","linkSrc":"http://www.baidu.com","status":2,"remark":null,"creatorId":null,"createTime":1529400212503,"adverOrder":4,"effectiveDateCh":"2018-01-23 00:00:00","expiryDateCh":"2019-01-23 00:00:00","createTimeCh":"2018-06-19 17:23:32","adverPlace":{"placeId":2,"placeName":"首页 - 置顶轮播Banner","placeWidth":750,"placeHeight":440,"creatorId":0,"createTime":1521531057594,"placeSign":"BANNERDVER","placeDesc":"首页轮番banner","adverList":null,"placeType":1,"adverNum":0,"branch":"1001","channel":"6","placeTheme":null,"placeSize":null},"themeId":0,"adverType":"1","typeId":0,"siteFloorId":0,"shopSn":"","allShop":"1","shopName":null,"branch":"1001","channel":"6","branchName":"D5厨房","imgDetails":"","bsnum":null},{"adverId":118,"adverName":null,"placeId":2,"effectiveDate":1509379200000,"expiryDate":1546185600000,"imgSrc":"group1/M00/00/17/wKieqloBcxSAHDJRAAJ6ZipxO7o589.jpg","linkSrc":null,"status":2,"remark":null,"creatorId":null,"createTime":1529890970296,"adverOrder":11,"effectiveDateCh":"2017-10-31 00:00:00","expiryDateCh":"2018-12-31 00:00:00","createTimeCh":"2018-06-25 09:42:50","adverPlace":{"placeId":2,"placeName":"首页 - 置顶轮播Banner","placeWidth":750,"placeHeight":440,"creatorId":0,"createTime":1521531057594,"placeSign":"BANNERDVER","placeDesc":"首页轮番banner","adverList":null,"placeType":1,"adverNum":0,"branch":"1001","channel":"6","placeTheme":null,"placeSize":null},"themeId":50,"adverType":"3","typeId":0,"siteFloorId":0,"shopSn":"","allShop":"1","shopName":null,"branch":"1001","channel":"6","branchName":"D5厨房","imgDetails":"","bsnum":null},{"adverId":200,"adverName":null,"placeId":2,"effectiveDate":1516204800000,"expiryDate":1547740800000,"imgSrc":"group1/M00/00/94/wKieqlplq92AYo3dAADnXsZLaTo354.jpg","linkSrc":null,"status":2,"remark":null,"creatorId":null,"createTime":1529375981244,"adverOrder":23,"effectiveDateCh":"2018-01-18 00:00:00","expiryDateCh":"2019-01-18 00:00:00","createTimeCh":"2018-06-19 10:39:41","adverPlace":{"placeId":2,"placeName":"首页 - 置顶轮播Banner","placeWidth":750,"placeHeight":440,"creatorId":0,"createTime":1521531057594,"placeSign":"BANNERDVER","placeDesc":"首页轮番banner","adverList":null,"placeType":1,"adverNum":0,"branch":"1001","channel":"6","placeTheme":null,"placeSize":null},"themeId":48,"adverType":"3","typeId":0,"siteFloorId":0,"shopSn":"","allShop":"1","shopName":null,"branch":"1001","channel":"6","branchName":"D5厨房","imgDetails":"","bsnum":null}],"placeType":1,"adverNum":0,"branch":"1001","channel":"6","placeTheme":null,"placeSize":null}}}
*************** info log end ***************

[2018-07-30T19:19:54.017] [INFO] /middleware/auth - 
*************** response log start ***************
request method: POST
request originalUrl:  /api/indexBanner
request client ip:  ::ffff:127.0.0.1
request body: 
{"isApp":"2","channelNo":"1000001","maxLen":"1","branch":"1001","channel":"2","shopSn":"B00019"}
response time: 39
response status: 200
response body: 
{"code":"000000","message":"业务处理成功！","result":{"banner":{"placeId":2,"placeName":"首页 - 置顶轮播Banner","placeWidth":750,"placeHeight":440,"creatorId":0,"createTime":1521531057594,"placeSign":"BANNERDVER","placeDesc":"首页轮番banner","adverList":[{"adverId":239,"adverName":null,"placeId":2,"effectiveDate":1516636800000,"expiryDate":1548172800000,"imgSrc":"group1/M00/00/97/wKieqlpn6ESAYPzbAAC60dctgCM014.jpg","linkSrc":"http://www.baidu.com","status":2,"remark":null,"creatorId":null,"createTime":1529400212503,"adverOrder":4,"effectiveDateCh":"2018-01-23 00:00:00","expiryDateCh":"2019-01-23 00:00:00","createTimeCh":"2018-06-19 17:23:32","adverPlace":{"placeId":2,"placeName":"首页 - 置顶轮播Banner","placeWidth":750,"placeHeight":440,"creatorId":0,"createTime":1521531057594,"placeSign":"BANNERDVER","placeDesc":"首页轮番banner","adverList":null,"placeType":1,"adverNum":0,"branch":"1001","channel":"6","placeTheme":null,"placeSize":null},"themeId":0,"adverType":"1","typeId":0,"siteFloorId":0,"shopSn":"","allShop":"1","shopName":null,"branch":"1001","channel":"6","branchName":"D5厨房","imgDetails":"","bsnum":null},{"adverId":118,"adverName":null,"placeId":2,"effectiveDate":1509379200000,"expiryDate":1546185600000,"imgSrc":"group1/M00/00/17/wKieqloBcxSAHDJRAAJ6ZipxO7o589.jpg","linkSrc":null,"status":2,"remark":null,"creatorId":null,"createTime":1529890970296,"adverOrder":11,"effectiveDateCh":"2017-10-31 00:00:00","expiryDateCh":"2018-12-31 00:00:00","createTimeCh":"2018-06-25 09:42:50","adverPlace":{"placeId":2,"placeName":"首页 - 置顶轮播Banner","placeWidth":750,"placeHeight":440,"creatorId":0,"createTime":1521531057594,"placeSign":"BANNERDVER","placeDesc":"首页轮番banner","adverList":null,"placeType":1,"adverNum":0,"branch":"1001","channel":"6","placeTheme":null,"placeSize":null},"themeId":50,"adverType":"3","typeId":0,"siteFloorId":0,"shopSn":"","allShop":"1","shopName":null,"branch":"1001","channel":"6","branchName":"D5厨房","imgDetails":"","bsnum":null},{"adverId":200,"adverName":null,"placeId":2,"effectiveDate":1516204800000,"expiryDate":1547740800000,"imgSrc":"group1/M00/00/94/wKieqlplq92AYo3dAADnXsZLaTo354.jpg","linkSrc":null,"status":2,"remark":null,"creatorId":null,"createTime":1529375981244,"adverOrder":23,"effectiveDateCh":"2018-01-18 00:00:00","expiryDateCh":"2019-01-18 00:00:00","createTimeCh":"2018-06-19 10:39:41","adverPlace":{"placeId":2,"placeName":"首页 - 置顶轮播Banner","placeWidth":750,"placeHeight":440,"creatorId":0,"createTime":1521531057594,"placeSign":"BANNERDVER","placeDesc":"首页轮番banner","adverList":null,"placeType":1,"adverNum":0,"branch":"1001","channel":"6","placeTheme":null,"placeSize":null},"themeId":48,"adverType":"3","typeId":0,"siteFloorId":0,"shopSn":"","allShop":"1","shopName":null,"branch":"1001","channel":"6","branchName":"D5厨房","imgDetails":"","bsnum":null}],"placeType":1,"adverNum":0,"branch":"1001","channel":"6","placeTheme":null,"placeSize":null}}}
*************** response log end ***************

[2018-07-30T19:19:54.065] [ERROR] /middleware/auth - 
*************** error log start ***************
request method: POST
request originalUrl:  /api/indexDevLi
request client ip:  ::ffff:127.0.0.1
request body: 
{"isApp":"2","channelNo":"1000001","maxLen":"1","branch":"1001","channel":"2","shopSn":"B00019","adverPlaceSign":"INDEXADVER","bannerPlaceSign":"BANNERDVER","floorTypePageCount":"4"}
response time: 0
err name: ReferenceError
err message: req is not defined
err stack: ReferenceError: req is not defined
    at Object.<anonymous> (C:\Users\DELL\Desktop\shop-api-webapp\node_modules\koa-history-api-fallback\lib\index.js:84:29)
    at Generator.next (<anonymous>)
    at onFulfilled (C:\Users\DELL\Desktop\shop-api-webapp\node_modules\co\index.js:65:19)
    at <anonymous>
    at process._tickCallback (internal/process/next_tick.js:188:7)
*************** error log end ***************

[2018-07-30T19:19:54.070] [INFO] /middleware/auth - 
*************** response log start ***************
request method: POST
request originalUrl:  /api/vipSpecProduct
request client ip:  ::ffff:127.0.0.1
request body: 
{"isApp":"2","channelNo":"1000001","maxLen":"1","branch":"1001","channel":"2","shopSn":"B00019"}
response time: 0
response status: 404
response body: 
undefined
*************** response log end ***************

[2018-07-30T19:19:56.654] [INFO] /middleware/auth - 
*************** info log start ***************
info body: 获取请求参数 ==> {"isApp":"2","channelNo":"1000001","maxLen":"1","branch":"1001","channel":"2","shopSn":"B00019","userId":"1500"}
*************** info log end ***************

[2018-07-30T19:19:56.654] [INFO] /middleware/auth - 
*************** info log start ***************
info body: 接口地址[ http://49.4.5.233:8117/org/business/CR300004.do ]请求数据 ===>{"url":"http://49.4.5.233:8117/org/business/CR300004.do","method":"POST","json":true,"headers":{"Content-Type":"application/x-www-form-urlencoded; charset=UTF-8","merchantNo":"000006","signType":"MD5","developToken":"000006","tokenPassword":"1qaz2wsx"},"form":{"isApp":"2","channelNo":"1000002","maxLen":"1","branch":"1001","channel":"2","shopSn":"B00019","userId":"1500"}}
*************** info log end ***************

[2018-07-30T19:19:56.732] [INFO] /middleware/auth - 
*************** info log start ***************
info body: 接口地址[ http://49.4.5.233:8117/org/business/CR300004.do ]返回数据 ===>{"code":"000000","message":"业务处理成功！","result":{"page":{"totalRowCount":6,"totalPage":1,"pageRowCount":10,"currentPageNu":1,"startPageRowCount":0,"endPageRowCount":10,"datas":[{"id":405,"userId":1500,"name":"阿萨德啊啊","phone":"","mobile":"18515079086","districtCode":"001001001001","isHost":"0","sex":"1","address":"北京市朝阳区工体西路6号","houseNumber":null,"postCode":"","areas":"北京市 北京市 东城区","signArea":"","latitude":"39.934978","longitude":"116.451077"},{"id":403,"userId":1500,"name":"阿萨德sad","phone":"","mobile":"18515079085","districtCode":"001001001008","isHost":"1","sex":"1","address":"北京市海淀区巴沟路","houseNumber":null,"postCode":"","areas":"北京市 北京市 海淀区","signArea":"","latitude":"39.980463","longitude":"116.300511"},{"id":396,"userId":1500,"name":"18618196312","phone":"","mobile":"18618196312","districtCode":"001001001005","isHost":"1","sex":"1","address":"北京市朝阳区东三环北路28","houseNumber":null,"postCode":"","areas":"北京市 北京市 朝阳区","signArea":"博瑞大厦","latitude":"39.933780075532866","longitude":"116.46902299999994"},{"id":395,"userId":1500,"name":"18618196312","phone":"","mobile":"18618196312","districtCode":"001001001005","isHost":"1","sex":"1","address":"北京市朝阳区双桥东路1号院-4号楼-1层","houseNumber":null,"postCode":"","areas":"北京市 北京市 朝阳区","signArea":"管庄-地铁站","latitude":"39.91490707704461","longitude":"116.60578199999993"},{"id":385,"userId":1500,"name":"18618196312","phone":"","mobile":"18618196312","districtCode":"001001001006","isHost":"1","sex":"0","address":"北京市丰台区镇国寺北街13号楼2层","houseNumber":null,"postCode":"","areas":"北京市 北京市 丰台区","signArea":"27度罗马风情婚纱影城","latitude":"39.844541082389355","longitude":"116.35729299999993"},{"id":384,"userId":1500,"name":"18618196312","phone":"","mobile":"18618196312","districtCode":"001001001006","isHost":"1","sex":"0","address":"北京市丰台区南三环西路69号","houseNumber":null,"postCode":"","areas":"北京市 北京市 丰台区","signArea":"北京111文化产业园-停车场","latitude":"39.858124081394074","longitude":"116.35251999999993"}]}}}
*************** info log end ***************

[2018-07-30T19:19:56.732] [INFO] /middleware/auth - 
*************** response log start ***************
request method: POST
request originalUrl:  /api/usercenter/queryAddress
request client ip:  ::ffff:127.0.0.1
request body: 
{"isApp":"2","channelNo":"1000001","maxLen":"1","branch":"1001","channel":"2","shopSn":"B00019","userId":"1500"}
response time: 78
response status: 200
response body: 
{"code":"000000","message":"业务处理成功！","result":{"page":{"totalRowCount":6,"totalPage":1,"pageRowCount":10,"currentPageNu":1,"startPageRowCount":0,"endPageRowCount":10,"datas":[{"id":405,"userId":1500,"name":"阿萨德啊啊","phone":"","mobile":"18515079086","districtCode":"001001001001","isHost":"0","sex":"1","address":"北京市朝阳区工体西路6号","houseNumber":null,"postCode":"","areas":"北京市 北京市 东城区","signArea":"","latitude":"39.934978","longitude":"116.451077"},{"id":403,"userId":1500,"name":"阿萨德sad","phone":"","mobile":"18515079085","districtCode":"001001001008","isHost":"1","sex":"1","address":"北京市海淀区巴沟路","houseNumber":null,"postCode":"","areas":"北京市 北京市 海淀区","signArea":"","latitude":"39.980463","longitude":"116.300511"},{"id":396,"userId":1500,"name":"18618196312","phone":"","mobile":"18618196312","districtCode":"001001001005","isHost":"1","sex":"1","address":"北京市朝阳区东三环北路28","houseNumber":null,"postCode":"","areas":"北京市 北京市 朝阳区","signArea":"博瑞大厦","latitude":"39.933780075532866","longitude":"116.46902299999994"},{"id":395,"userId":1500,"name":"18618196312","phone":"","mobile":"18618196312","districtCode":"001001001005","isHost":"1","sex":"1","address":"北京市朝阳区双桥东路1号院-4号楼-1层","houseNumber":null,"postCode":"","areas":"北京市 北京市 朝阳区","signArea":"管庄-地铁站","latitude":"39.91490707704461","longitude":"116.60578199999993"},{"id":385,"userId":1500,"name":"18618196312","phone":"","mobile":"18618196312","districtCode":"001001001006","isHost":"1","sex":"0","address":"北京市丰台区镇国寺北街13号楼2层","houseNumber":null,"postCode":"","areas":"北京市 北京市 丰台区","signArea":"27度罗马风情婚纱影城","latitude":"39.844541082389355","longitude":"116.35729299999993"},{"id":384,"userId":1500,"name":"18618196312","phone":"","mobile":"18618196312","districtCode":"001001001006","isHost":"1","sex":"0","address":"北京市丰台区南三环西路69号","houseNumber":null,"postCode":"","areas":"北京市 北京市 丰台区","signArea":"北京111文化产业园-停车场","latitude":"39.858124081394074","longitude":"116.35251999999993"}]}}}
*************** response log end ***************

[2018-07-30T19:20:15.135] [INFO] /middleware/auth - 
*************** info log start ***************
info body: 获取请求参数 ==> {"isApp":"2","channelNo":"1000001","maxLen":"1","branch":"1001","channel":"2","shopSn":"B00019","region":"北京市","q":"3"}
*************** info log end ***************

[2018-07-30T19:20:15.135] [INFO] /middleware/auth - 
*************** info log start ***************
info body: 接口地址[ http://api.map.baidu.com/place/v2/suggestion ]请求数据 ===>{"url":"http://api.map.baidu.com/place/v2/suggestion?isApp=2&channelNo=1000002&maxLen=1&branch=1001&channel=2&shopSn=B00019&region=%E5%8C%97%E4%BA%AC%E5%B8%82&q=3&ak=wv8VECbOOTu3TFWcI3jdcBC6&output=json","method":"GET","json":true,"headers":{"Content-Type":"application/x-www-form-urlencoded; charset=UTF-8","merchantNo":"000006","signType":"MD5","developToken":"000006","tokenPassword":"1qaz2wsx"}}
*************** info log end ***************

[2018-07-30T19:20:15.292] [INFO] /middleware/auth - 
*************** info log start ***************
info body: 接口地址[ http://api.map.baidu.com/place/v2/suggestion ]返回数据 ===>{"status":0,"message":"ok","result":[{"name":"中国人民解放军总医院","location":{"lat":39.91096,"lng":116.282965},"uid":"d52831f9bde9f2be2efaa7ca","province":"北京市","city":"北京市","district":"海淀区","business":"","cityid":"131"},{"name":"中国人民解放军第306医院","location":{"lat":40.001407,"lng":116.385158},"uid":"05dd7d5f2ff54c18ad080ff9","province":"北京市","city":"北京市","district":"朝阳区","business":"","cityid":"131"},{"name":"解放军第307医院","location":{"lat":39.868247,"lng":116.301997},"uid":"3a0a78bd4300e5e3631809c1","province":"北京市","city":"北京市","district":"丰台区","business":"","cityid":"131"},{"name":"中国人民解放军第309医院","location":{"lat":40.030678,"lng":116.270012},"uid":"fd13a3f21919e1e3b1077dc1","province":"北京市","city":"北京市","district":"海淀区","business":"","cityid":"131"},{"name":"中国人民解放军总医院301医院西门诊楼(北门)","location":{"lat":39.913124,"lng":116.281695},"uid":"a45e7ea908558db4f4b9164e","province":"北京市","city":"北京市","district":"海淀区","business":"","cityid":"131"},{"name":"360大厦","location":{"lat":39.988783,"lng":116.496958},"uid":"51f24fd174611ff828b97c9f","province":"北京市","city":"北京市","district":"朝阳区","business":"","cityid":"131"},{"name":"33服饰大厦","location":{"lat":39.942521,"lng":116.461374},"uid":"3a0fbba868049b589ee3216c","province":"北京市","city":"北京市","district":"朝阳区","business":"","cityid":"131"},{"name":"中国人民解放军第三0二医院","location":{"lat":39.89159,"lng":116.284107},"uid":"837a40c392a68ecd9222e09d","province":"北京市","city":"北京市","district":"丰台区","business":"","cityid":"131"},{"name":"301解放军总医院-停车场","location":{"lat":39.911007,"lng":116.280959},"uid":"8208887f688c97c6e215f90f","province":"北京市","city":"北京市","district":"海淀区","business":"","cityid":"131"},{"name":"北京首都国际机场-T3航站楼","location":{"lat":40.072776,"lng":116.619758},"uid":"0d72239eda13e687f423105a","province":"北京市","city":"北京市","district":"顺义区","business":"","cityid":"131"}]}
*************** info log end ***************

[2018-07-30T19:20:15.293] [INFO] /middleware/auth - 
*************** response log start ***************
request method: POST
request originalUrl:  /api/map/getUserAddress
request client ip:  ::ffff:127.0.0.1
request body: 
{"isApp":"2","channelNo":"1000001","maxLen":"1","branch":"1001","channel":"2","shopSn":"B00019","region":"北京市","q":"3"}
response time: 158
response status: 200
response body: 
{"code":"000000","message":"业务处理成功!","result":[{"name":"中国人民解放军总医院","location":{"lat":39.91096,"lng":116.282965},"uid":"d52831f9bde9f2be2efaa7ca","province":"北京市","city":"北京市","district":"海淀区","business":"","cityid":"131"},{"name":"中国人民解放军第306医院","location":{"lat":40.001407,"lng":116.385158},"uid":"05dd7d5f2ff54c18ad080ff9","province":"北京市","city":"北京市","district":"朝阳区","business":"","cityid":"131"},{"name":"解放军第307医院","location":{"lat":39.868247,"lng":116.301997},"uid":"3a0a78bd4300e5e3631809c1","province":"北京市","city":"北京市","district":"丰台区","business":"","cityid":"131"},{"name":"中国人民解放军第309医院","location":{"lat":40.030678,"lng":116.270012},"uid":"fd13a3f21919e1e3b1077dc1","province":"北京市","city":"北京市","district":"海淀区","business":"","cityid":"131"},{"name":"中国人民解放军总医院301医院西门诊楼(北门)","location":{"lat":39.913124,"lng":116.281695},"uid":"a45e7ea908558db4f4b9164e","province":"北京市","city":"北京市","district":"海淀区","business":"","cityid":"131"},{"name":"360大厦","location":{"lat":39.988783,"lng":116.496958},"uid":"51f24fd174611ff828b97c9f","province":"北京市","city":"北京市","district":"朝阳区","business":"","cityid":"131"},{"name":"33服饰大厦","location":{"lat":39.942521,"lng":116.461374},"uid":"3a0fbba868049b589ee3216c","province":"北京市","city":"北京市","district":"朝阳区","business":"","cityid":"131"},{"name":"中国人民解放军第三0二医院","location":{"lat":39.89159,"lng":116.284107},"uid":"837a40c392a68ecd9222e09d","province":"北京市","city":"北京市","district":"丰台区","business":"","cityid":"131"},{"name":"301解放军总医院-停车场","location":{"lat":39.911007,"lng":116.280959},"uid":"8208887f688c97c6e215f90f","province":"北京市","city":"北京市","district":"海淀区","business":"","cityid":"131"},{"name":"北京首都国际机场-T3航站楼","location":{"lat":40.072776,"lng":116.619758},"uid":"0d72239eda13e687f423105a","province":"北京市","city":"北京市","district":"顺义区","business":"","cityid":"131"}]}
*************** response log end ***************

[2018-07-30T19:20:16.149] [INFO] /middleware/auth - 
*************** info log start ***************
info body: 获取请求参数 ==> {"isApp":"2","channelNo":"1000001","maxLen":"1","branch":"1001","channel":"2","shopSn":"B00019","location":"39.91096,116.282965"}
*************** info log end ***************

[2018-07-30T19:20:16.150] [INFO] /middleware/auth - 
*************** info log start ***************
info body: 接口地址[ http://api.map.baidu.com/geocoder/v2/ ]请求数据 ===>{"url":"http://api.map.baidu.com/geocoder/v2/?isApp=2&channelNo=1000002&maxLen=1&branch=1001&channel=2&shopSn=B00019&location=39.91096%2C116.282965&coordtype=bd09ll&pois=0&output=json&ak=wv8VECbOOTu3TFWcI3jdcBC6","method":"GET","json":true,"headers":{"Content-Type":"application/x-www-form-urlencoded; charset=UTF-8","merchantNo":"000006","signType":"MD5","developToken":"000006","tokenPassword":"1qaz2wsx"}}
*************** info log end ***************

[2018-07-30T19:20:16.226] [INFO] /middleware/auth - 
*************** info log start ***************
info body: 接口地址[ http://api.map.baidu.com/geocoder/v2/ ]返回数据 ===>{"status":0,"result":{"location":{"lng":116.28296499999993,"lat":39.91096007735664},"formatted_address":"北京市海淀区西四环中路辅路","business":"五棵松,万寿路,公主坟","addressComponent":{"country":"中国","country_code":0,"country_code_iso":"CHN","country_code_iso2":"CN","province":"北京市","city":"北京市","city_level":2,"district":"海淀区","town":"","adcode":"110108","street":"西四环中路辅路","street_number":"","direction":"","distance":""},"pois":[],"roads":[],"poiRegions":[{"direction_desc":"内","name":"中国人民解放军总医院","tag":"医疗;综合医院","uid":"d52831f9bde9f2be2efaa7ca"}],"sematic_description":"中国人民解放军总医院内,解放军总医院-听觉研究与转化医学中心南192米","cityCode":131}}
*************** info log end ***************

[2018-07-30T19:20:16.226] [INFO] /middleware/auth - 
*************** response log start ***************
request method: POST
request originalUrl:  /api/map/getAddressDetail
request client ip:  ::ffff:127.0.0.1
request body: 
{"isApp":"2","channelNo":"1000001","maxLen":"1","branch":"1001","channel":"2","shopSn":"B00019","location":"39.91096,116.282965"}
response time: 77
response status: 200
response body: 
{"code":"000000","message":"业务处理成功!","result":{"status":0,"result":{"location":{"lng":116.28296499999993,"lat":39.91096007735664},"formatted_address":"北京市海淀区西四环中路辅路","business":"五棵松,万寿路,公主坟","addressComponent":{"country":"中国","country_code":0,"country_code_iso":"CHN","country_code_iso2":"CN","province":"北京市","city":"北京市","city_level":2,"district":"海淀区","town":"","adcode":"110108","street":"西四环中路辅路","street_number":"","direction":"","distance":""},"pois":[],"roads":[],"poiRegions":[{"direction_desc":"内","name":"中国人民解放军总医院","tag":"医疗;综合医院","uid":"d52831f9bde9f2be2efaa7ca"}],"sematic_description":"中国人民解放军总医院内,解放军总医院-听觉研究与转化医学中心南192米","cityCode":131}}}
*************** response log end ***************

[2018-07-30T19:20:19.294] [INFO] /middleware/auth - 
*************** info log start ***************
info body: 获取请求参数 ==> {"isApp":"2","channelNo":"1000001","maxLen":"1","branch":"1001","channel":"2","shopSn":"B00019","address":"北京市海淀区西四环中路辅路","districtCode":"001001001006","isHost":"0","latitude":"39.91096","longitude":"116.282965","mobile":"18515079068","name":"萨达十大阿萨德","phone":"","postCode":"","userId":"1500","sex":"0","signArea":"中国人民解放军总医院"}
*************** info log end ***************

[2018-07-30T19:20:19.294] [INFO] /middleware/auth - 
*************** info log start ***************
info body: 接口地址[ http://49.4.5.233:8117/org/business/CR300001.do ]请求数据 ===>{"url":"http://49.4.5.233:8117/org/business/CR300001.do","method":"POST","json":true,"headers":{"Content-Type":"application/x-www-form-urlencoded; charset=UTF-8","merchantNo":"000006","signType":"MD5","developToken":"000006","tokenPassword":"1qaz2wsx"},"form":{"isApp":"2","channelNo":"1000002","maxLen":"1","branch":"1001","channel":"2","shopSn":"B00019","address":"北京市海淀区西四环中路辅路","districtCode":"001001001006","isHost":"0","latitude":"39.91096","longitude":"116.282965","mobile":"18515079068","name":"萨达十大阿萨德","phone":"","postCode":"","userId":"1500","sex":"0","signArea":"中国人民解放军总医院"}}
*************** info log end ***************

[2018-07-30T19:20:19.336] [INFO] /middleware/auth - 
*************** info log start ***************
info body: 接口地址[ http://49.4.5.233:8117/org/business/CR300001.do ]返回数据 ===>{"code":"000000","message":"业务处理成功！","result":{"entity":{"id":409,"userId":1500,"name":"萨达十大阿萨德","phone":"","mobile":"18515079068","districtCode":"001001001006","isHost":"0","sex":"0","address":"北京市海淀区西四环中路辅路","houseNumber":null,"postCode":"","areas":"","signArea":"中国人民解放军总医院","latitude":"39.91096","longitude":"116.282965"}}}
*************** info log end ***************

[2018-07-30T19:20:19.336] [INFO] /middleware/auth - 
*************** response log start ***************
request method: POST
request originalUrl:  /api/usercenter/queryAddPer
request client ip:  ::ffff:127.0.0.1
request body: 
{"isApp":"2","channelNo":"1000001","maxLen":"1","branch":"1001","channel":"2","shopSn":"B00019","address":"北京市海淀区西四环中路辅路","districtCode":"001001001006","isHost":"0","latitude":"39.91096","longitude":"116.282965","mobile":"18515079068","name":"萨达十大阿萨德","phone":"","postCode":"","userId":"1500","sex":"0","signArea":"中国人民解放军总医院"}
response time: 42
response status: 200
response body: 
{"code":"000000","message":"业务处理成功！","result":{"entity":{"id":409,"userId":1500,"name":"萨达十大阿萨德","phone":"","mobile":"18515079068","districtCode":"001001001006","isHost":"0","sex":"0","address":"北京市海淀区西四环中路辅路","houseNumber":null,"postCode":"","areas":"","signArea":"中国人民解放军总医院","latitude":"39.91096","longitude":"116.282965"}}}
*************** response log end ***************

[2018-07-30T19:20:19.604] [INFO] /middleware/auth - 
*************** info log start ***************
info body: 获取请求参数 ==> {"isApp":"2","channelNo":"1000001","maxLen":"1","branch":"1001","channel":"2","shopSn":"B00019","userId":"1500"}
*************** info log end ***************

[2018-07-30T19:20:19.604] [INFO] /middleware/auth - 
*************** info log start ***************
info body: 接口地址[ http://49.4.5.233:8117/org/business/CR300004.do ]请求数据 ===>{"url":"http://49.4.5.233:8117/org/business/CR300004.do","method":"POST","json":true,"headers":{"Content-Type":"application/x-www-form-urlencoded; charset=UTF-8","merchantNo":"000006","signType":"MD5","developToken":"000006","tokenPassword":"1qaz2wsx"},"form":{"isApp":"2","channelNo":"1000002","maxLen":"1","branch":"1001","channel":"2","shopSn":"B00019","userId":"1500"}}
*************** info log end ***************

[2018-07-30T19:20:19.683] [INFO] /middleware/auth - 
*************** info log start ***************
info body: 接口地址[ http://49.4.5.233:8117/org/business/CR300004.do ]返回数据 ===>{"code":"000000","message":"业务处理成功！","result":{"page":{"totalRowCount":7,"totalPage":1,"pageRowCount":10,"currentPageNu":1,"startPageRowCount":0,"endPageRowCount":10,"datas":[{"id":409,"userId":1500,"name":"萨达十大阿萨德","phone":"","mobile":"18515079068","districtCode":"001001001006","isHost":"0","sex":"0","address":"北京市海淀区西四环中路辅路","houseNumber":null,"postCode":"","areas":"北京市 北京市 丰台区","signArea":"中国人民解放军总医院","latitude":"39.91096","longitude":"116.282965"},{"id":405,"userId":1500,"name":"阿萨德啊啊","phone":"","mobile":"18515079086","districtCode":"001001001001","isHost":"1","sex":"1","address":"北京市朝阳区工体西路6号","houseNumber":null,"postCode":"","areas":"北京市 北京市 东城区","signArea":"","latitude":"39.934978","longitude":"116.451077"},{"id":403,"userId":1500,"name":"阿萨德sad","phone":"","mobile":"18515079085","districtCode":"001001001008","isHost":"1","sex":"1","address":"北京市海淀区巴沟路","houseNumber":null,"postCode":"","areas":"北京市 北京市 海淀区","signArea":"","latitude":"39.980463","longitude":"116.300511"},{"id":396,"userId":1500,"name":"18618196312","phone":"","mobile":"18618196312","districtCode":"001001001005","isHost":"1","sex":"1","address":"北京市朝阳区东三环北路28","houseNumber":null,"postCode":"","areas":"北京市 北京市 朝阳区","signArea":"博瑞大厦","latitude":"39.933780075532866","longitude":"116.46902299999994"},{"id":395,"userId":1500,"name":"18618196312","phone":"","mobile":"18618196312","districtCode":"001001001005","isHost":"1","sex":"1","address":"北京市朝阳区双桥东路1号院-4号楼-1层","houseNumber":null,"postCode":"","areas":"北京市 北京市 朝阳区","signArea":"管庄-地铁站","latitude":"39.91490707704461","longitude":"116.60578199999993"},{"id":385,"userId":1500,"name":"18618196312","phone":"","mobile":"18618196312","districtCode":"001001001006","isHost":"1","sex":"0","address":"北京市丰台区镇国寺北街13号楼2层","houseNumber":null,"postCode":"","areas":"北京市 北京市 丰台区","signArea":"27度罗马风情婚纱影城","latitude":"39.844541082389355","longitude":"116.35729299999993"},{"id":384,"userId":1500,"name":"18618196312","phone":"","mobile":"18618196312","districtCode":"001001001006","isHost":"1","sex":"0","address":"北京市丰台区南三环西路69号","houseNumber":null,"postCode":"","areas":"北京市 北京市 丰台区","signArea":"北京111文化产业园-停车场","latitude":"39.858124081394074","longitude":"116.35251999999993"}]}}}
*************** info log end ***************

[2018-07-30T19:20:19.683] [INFO] /middleware/auth - 
*************** response log start ***************
request method: POST
request originalUrl:  /api/usercenter/queryAddress
request client ip:  ::ffff:127.0.0.1
request body: 
{"isApp":"2","channelNo":"1000001","maxLen":"1","branch":"1001","channel":"2","shopSn":"B00019","userId":"1500"}
response time: 80
response status: 200
response body: 
{"code":"000000","message":"业务处理成功！","result":{"page":{"totalRowCount":7,"totalPage":1,"pageRowCount":10,"currentPageNu":1,"startPageRowCount":0,"endPageRowCount":10,"datas":[{"id":409,"userId":1500,"name":"萨达十大阿萨德","phone":"","mobile":"18515079068","districtCode":"001001001006","isHost":"0","sex":"0","address":"北京市海淀区西四环中路辅路","houseNumber":null,"postCode":"","areas":"北京市 北京市 丰台区","signArea":"中国人民解放军总医院","latitude":"39.91096","longitude":"116.282965"},{"id":405,"userId":1500,"name":"阿萨德啊啊","phone":"","mobile":"18515079086","districtCode":"001001001001","isHost":"1","sex":"1","address":"北京市朝阳区工体西路6号","houseNumber":null,"postCode":"","areas":"北京市 北京市 东城区","signArea":"","latitude":"39.934978","longitude":"116.451077"},{"id":403,"userId":1500,"name":"阿萨德sad","phone":"","mobile":"18515079085","districtCode":"001001001008","isHost":"1","sex":"1","address":"北京市海淀区巴沟路","houseNumber":null,"postCode":"","areas":"北京市 北京市 海淀区","signArea":"","latitude":"39.980463","longitude":"116.300511"},{"id":396,"userId":1500,"name":"18618196312","phone":"","mobile":"18618196312","districtCode":"001001001005","isHost":"1","sex":"1","address":"北京市朝阳区东三环北路28","houseNumber":null,"postCode":"","areas":"北京市 北京市 朝阳区","signArea":"博瑞大厦","latitude":"39.933780075532866","longitude":"116.46902299999994"},{"id":395,"userId":1500,"name":"18618196312","phone":"","mobile":"18618196312","districtCode":"001001001005","isHost":"1","sex":"1","address":"北京市朝阳区双桥东路1号院-4号楼-1层","houseNumber":null,"postCode":"","areas":"北京市 北京市 朝阳区","signArea":"管庄-地铁站","latitude":"39.91490707704461","longitude":"116.60578199999993"},{"id":385,"userId":1500,"name":"18618196312","phone":"","mobile":"18618196312","districtCode":"001001001006","isHost":"1","sex":"0","address":"北京市丰台区镇国寺北街13号楼2层","houseNumber":null,"postCode":"","areas":"北京市 北京市 丰台区","signArea":"27度罗马风情婚纱影城","latitude":"39.844541082389355","longitude":"116.35729299999993"},{"id":384,"userId":1500,"name":"18618196312","phone":"","mobile":"18618196312","districtCode":"001001001006","isHost":"1","sex":"0","address":"北京市丰台区南三环西路69号","houseNumber":null,"postCode":"","areas":"北京市 北京市 丰台区","signArea":"北京111文化产业园-停车场","latitude":"39.858124081394074","longitude":"116.35251999999993"}]}}}
*************** response log end ***************

[2018-07-30T19:20:21.782] [INFO] /middleware/auth - 
*************** info log start ***************
info body: 获取请求参数 ==> {"isApp":"2","channelNo":"1000001","maxLen":"1","branch":"1001","channel":"2","shopSn":"B00019","id":"409"}
*************** info log end ***************

[2018-07-30T19:20:21.782] [INFO] /middleware/auth - 
*************** info log start ***************
info body: 接口地址[ http://49.4.5.233:8117/org/business/CR300005.do ]请求数据 ===>{"url":"http://49.4.5.233:8117/org/business/CR300005.do","method":"POST","json":true,"headers":{"Content-Type":"application/x-www-form-urlencoded; charset=UTF-8","merchantNo":"000006","signType":"MD5","developToken":"000006","tokenPassword":"1qaz2wsx"},"form":{"isApp":"2","channelNo":"1000002","maxLen":"1","branch":"1001","channel":"2","shopSn":"B00019","id":"409"}}
*************** info log end ***************

[2018-07-30T19:20:21.807] [INFO] /middleware/auth - 
*************** info log start ***************
info body: 接口地址[ http://49.4.5.233:8117/org/business/CR300005.do ]返回数据 ===>{"code":"000000","message":"业务处理成功！","result":{"entity":{"id":409,"userId":1500,"name":"萨达十大阿萨德","phone":"","mobile":"18515079068","districtCode":"001001001006","isHost":"0","sex":"0","address":"北京市海淀区西四环中路辅路","houseNumber":null,"postCode":"","areas":"","signArea":"中国人民解放军总医院","latitude":"39.91096","longitude":"116.282965"}}}
*************** info log end ***************

[2018-07-30T19:20:21.807] [INFO] /middleware/auth - 
*************** response log start ***************
request method: POST
request originalUrl:  /api/usercenter/queryPersonal
request client ip:  ::ffff:127.0.0.1
request body: 
{"isApp":"2","channelNo":"1000001","maxLen":"1","branch":"1001","channel":"2","shopSn":"B00019","id":"409"}
response time: 25
response status: 200
response body: 
{"code":"000000","message":"业务处理成功！","result":{"entity":{"id":409,"userId":1500,"name":"萨达十大阿萨德","phone":"","mobile":"18515079068","districtCode":"001001001006","isHost":"0","sex":"0","address":"北京市海淀区西四环中路辅路","houseNumber":null,"postCode":"","areas":"","signArea":"中国人民解放军总医院","latitude":"39.91096","longitude":"116.282965"}}}
*************** response log end ***************

